<?xml version="1.0" encoding="UTF-8"?>
<coverage generated="1678822026529" clover="3.2.0">
  <project timestamp="1678822026529" name="All files">
    <metrics statements="377" coveredstatements="279" conditionals="69" coveredconditionals="33" methods="100" coveredmethods="71" elements="546" coveredelements="383" complexity="0" loc="377" ncloc="377" packages="26" files="43" classes="43"/>
    <package name="SEG-Habitopia">
      <metrics statements="0" coveredstatements="0" conditionals="0" coveredconditionals="0" methods="0" coveredmethods="0"/>
      <file name="types.ts" path="C:\Users\Tareita Nawaz\Downloads\SEG-Habitopia\types.ts">
        <metrics statements="0" coveredstatements="0" conditionals="0" coveredconditionals="0" methods="0" coveredmethods="0"/>
      </file>
    </package>
    <package name="SEG-Habitopia.assets.fonts.Roboto">
      <metrics statements="2" coveredstatements="2" conditionals="0" coveredconditionals="0" methods="0" coveredmethods="0"/>
      <file name="Black.ttf" path="C:\Users\Tareita Nawaz\Downloads\SEG-Habitopia\assets\fonts\Roboto\Black.ttf">
        <metrics statements="1" coveredstatements="1" conditionals="0" coveredconditionals="0" methods="0" coveredmethods="0"/>
        <line num="1" count="11" type="stmt"/>
      </file>
      <file name="Medium.ttf" path="C:\Users\Tareita Nawaz\Downloads\SEG-Habitopia\assets\fonts\Roboto\Medium.ttf">
        <metrics statements="1" coveredstatements="1" conditionals="0" coveredconditionals="0" methods="0" coveredmethods="0"/>
        <line num="1" count="11" type="stmt"/>
      </file>
    </package>
    <package name="SEG-Habitopia.src.app">
      <metrics statements="36" coveredstatements="23" conditionals="6" coveredconditionals="0" methods="9" coveredmethods="4"/>
      <file name="hooks.ts" path="C:\Users\Tareita Nawaz\Downloads\SEG-Habitopia\src\app\hooks.ts">
        <metrics statements="2" coveredstatements="2" conditionals="0" coveredconditionals="0" methods="0" coveredmethods="0"/>
        <line num="8" count="11" type="stmt"/>
        <line num="9" count="11" type="stmt"/>
      </file>
      <file name="testingWrapper.tsx" path="C:\Users\Tareita Nawaz\Downloads\SEG-Habitopia\src\app\testingWrapper.tsx">
        <metrics statements="5" coveredstatements="5" conditionals="0" coveredconditionals="0" methods="1" coveredmethods="1"/>
        <line num="5" count="4" type="stmt"/>
        <line num="10" count="4" type="stmt"/>
        <line num="19" count="4" type="stmt"/>
        <line num="20" count="5" type="stmt"/>
        <line num="22" count="5" type="stmt"/>
      </file>
      <file name="testingWrapperWithNavigation.tsx" path="C:\Users\Tareita Nawaz\Downloads\SEG-Habitopia\src\app\testingWrapperWithNavigation.tsx">
        <metrics statements="9" coveredstatements="9" conditionals="0" coveredconditionals="0" methods="2" coveredmethods="2"/>
        <line num="8" count="9" type="stmt"/>
        <line num="10" count="9" type="stmt"/>
        <line num="15" count="9" type="stmt"/>
        <line num="26" count="9" type="stmt"/>
        <line num="27" count="15" type="stmt"/>
        <line num="29" count="15" type="stmt"/>
        <line num="32" count="9" type="stmt"/>
        <line num="33" count="15" type="stmt"/>
        <line num="35" count="15" type="stmt"/>
      </file>
      <file name="theme.ts" path="C:\Users\Tareita Nawaz\Downloads\SEG-Habitopia\src\app\theme.ts">
        <metrics statements="1" coveredstatements="1" conditionals="0" coveredconditionals="0" methods="0" coveredmethods="0"/>
        <line num="8" count="7" type="stmt"/>
      </file>
      <file name="util.ts" path="C:\Users\Tareita Nawaz\Downloads\SEG-Habitopia\src\app\util.ts">
        <metrics statements="19" coveredstatements="6" conditionals="6" coveredconditionals="0" methods="6" coveredmethods="1"/>
        <line num="5" count="5" type="stmt"/>
        <line num="6" count="0" type="stmt"/>
        <line num="7" count="0" type="stmt"/>
        <line num="8" count="0" type="cond" truecount="0" falsecount="2"/>
        <line num="9" count="0" type="stmt"/>
        <line num="12" count="5" type="stmt"/>
        <line num="13" count="0" type="stmt"/>
        <line num="14" count="0" type="stmt"/>
        <line num="15" count="0" type="cond" truecount="0" falsecount="2"/>
        <line num="16" count="0" type="stmt"/>
        <line num="19" count="5" type="stmt"/>
        <line num="20" count="3" type="stmt"/>
        <line num="21" count="3" type="stmt"/>
        <line num="22" count="0" type="cond" truecount="0" falsecount="2"/>
        <line num="23" count="0" type="stmt"/>
        <line num="24" count="0" type="stmt"/>
        <line num="27" count="5" type="stmt"/>
        <line num="28" count="0" type="stmt"/>
        <line num="29" count="0" type="stmt"/>
      </file>
    </package>
    <package name="SEG-Habitopia.src.components.BoxWithShadow">
      <metrics statements="2" coveredstatements="2" conditionals="0" coveredconditionals="0" methods="1" coveredmethods="1"/>
      <file name="BoxWithShadow.tsx" path="C:\Users\Tareita Nawaz\Downloads\SEG-Habitopia\src\components\BoxWithShadow\BoxWithShadow.tsx">
        <metrics statements="2" coveredstatements="2" conditionals="0" coveredconditionals="0" methods="1" coveredmethods="1"/>
        <line num="15" count="7" type="stmt"/>
        <line num="16" count="11" type="stmt"/>
      </file>
      <file name="index.ts" path="C:\Users\Tareita Nawaz\Downloads\SEG-Habitopia\src\components\BoxWithShadow\index.ts">
        <metrics statements="0" coveredstatements="0" conditionals="0" coveredconditionals="0" methods="0" coveredmethods="0"/>
      </file>
    </package>
    <package name="SEG-Habitopia.src.components.Button">
      <metrics statements="12" coveredstatements="12" conditionals="6" coveredconditionals="3" methods="5" coveredmethods="5"/>
      <file name="Button.tsx" path="C:\Users\Tareita Nawaz\Downloads\SEG-Habitopia\src\components\Button\Button.tsx">
        <metrics statements="12" coveredstatements="12" conditionals="6" coveredconditionals="3" methods="5" coveredmethods="5"/>
        <line num="38" count="7" type="stmt"/>
        <line num="39" count="11" type="stmt"/>
        <line num="51" count="7" type="stmt"/>
        <line num="52" count="11" type="stmt"/>
        <line num="55" count="5" type="cond" truecount="1" falsecount="1"/>
        <line num="63" count="7" type="stmt"/>
        <line num="64" count="11" type="stmt"/>
        <line num="76" count="11" type="stmt"/>
        <line num="78" count="11" type="stmt"/>
        <line num="83" count="11" type="stmt"/>
        <line num="98" count="7" type="stmt"/>
        <line num="99" count="11" type="stmt"/>
      </file>
      <file name="index.ts" path="C:\Users\Tareita Nawaz\Downloads\SEG-Habitopia\src\components\Button\index.ts">
        <metrics statements="0" coveredstatements="0" conditionals="0" coveredconditionals="0" methods="0" coveredmethods="0"/>
      </file>
    </package>
    <package name="SEG-Habitopia.src.components.StatusContainer">
      <metrics statements="13" coveredstatements="8" conditionals="13" coveredconditionals="8" methods="3" coveredmethods="2"/>
      <file name="StatusContainer.tsx" path="C:\Users\Tareita Nawaz\Downloads\SEG-Habitopia\src\components\StatusContainer\StatusContainer.tsx">
        <metrics statements="10" coveredstatements="7" conditionals="13" coveredconditionals="8" methods="2" coveredmethods="2"/>
        <line num="21" count="1" type="stmt"/>
        <line num="22" count="2" type="stmt"/>
        <line num="24" count="2" type="stmt"/>
        <line num="25" count="2" type="cond" truecount="1" falsecount="1"/>
        <line num="26" count="0" type="stmt"/>
        <line num="27" count="2" type="cond" truecount="2" falsecount="2"/>
        <line num="28" count="0" type="stmt"/>
        <line num="34" count="2" type="cond" truecount="3" falsecount="2"/>
        <line num="35" count="0" type="stmt"/>
        <line num="41" count="2" type="stmt"/>
      </file>
      <file name="StatusIcon.tsx" path="C:\Users\Tareita Nawaz\Downloads\SEG-Habitopia\src\components\StatusContainer\StatusIcon.tsx">
        <metrics statements="3" coveredstatements="1" conditionals="0" coveredconditionals="0" methods="1" coveredmethods="0"/>
        <line num="9" count="1" type="stmt"/>
        <line num="10" count="0" type="stmt"/>
        <line num="12" count="0" type="stmt"/>
      </file>
    </package>
    <package name="SEG-Habitopia.src.components.Text">
      <metrics statements="23" coveredstatements="21" conditionals="20" coveredconditionals="19" methods="8" coveredmethods="8"/>
      <file name="Text.tsx" path="C:\Users\Tareita Nawaz\Downloads\SEG-Habitopia\src\components\Text\Text.tsx">
        <metrics statements="23" coveredstatements="21" conditionals="20" coveredconditionals="19" methods="8" coveredmethods="8"/>
        <line num="32" count="11" type="stmt"/>
        <line num="33" count="124" type="stmt"/>
        <line num="35" count="124" type="stmt"/>
        <line num="36" count="48" type="stmt"/>
        <line num="37" count="48" type="stmt"/>
        <line num="42" count="0" type="stmt"/>
        <line num="45" count="48" type="stmt"/>
        <line num="46" count="48" type="stmt"/>
        <line num="50" count="124" type="stmt"/>
        <line num="52" count="48" type="stmt"/>
        <line num="53" count="48" type="stmt"/>
        <line num="54" count="48" type="stmt"/>
        <line num="57" count="48" type="stmt"/>
        <line num="60" count="124" type="stmt"/>
        <line num="62" count="96" type="cond" truecount="2" falsecount="0"/>
        <line num="63" count="48" type="stmt"/>
        <line num="64" count="48" type="stmt"/>
        <line num="66" count="0" type="stmt"/>
        <line num="70" count="96" type="stmt"/>
        <line num="73" count="124" type="cond" truecount="1" falsecount="1"/>
        <line num="75" count="124" type="stmt"/>
        <line num="79" count="124" type="stmt"/>
        <line num="115" count="124" type="stmt"/>
      </file>
      <file name="index.tsx" path="C:\Users\Tareita Nawaz\Downloads\SEG-Habitopia\src\components\Text\index.tsx">
        <metrics statements="0" coveredstatements="0" conditionals="0" coveredconditionals="0" methods="0" coveredmethods="0"/>
      </file>
    </package>
    <package name="SEG-Habitopia.src.features.auth">
      <metrics statements="98" coveredstatements="43" conditionals="12" coveredconditionals="0" methods="21" coveredmethods="5"/>
      <file name="authQueries.ts" path="C:\Users\Tareita Nawaz\Downloads\SEG-Habitopia\src\features\auth\authQueries.ts">
        <metrics statements="7" coveredstatements="1" conditionals="2" coveredconditionals="0" methods="2" coveredmethods="0"/>
        <line num="7" count="12" type="stmt"/>
        <line num="12" count="0" type="stmt"/>
        <line num="13" count="0" type="cond" truecount="0" falsecount="2"/>
        <line num="14" count="0" type="stmt"/>
        <line num="15" count="0" type="stmt"/>
        <line num="16" count="0" type="stmt"/>
        <line num="21" count="0" type="stmt"/>
      </file>
      <file name="authSlice.ts" path="C:\Users\Tareita Nawaz\Downloads\SEG-Habitopia\src\features\auth\authSlice.ts">
        <metrics statements="91" coveredstatements="42" conditionals="10" coveredconditionals="0" methods="19" coveredmethods="5"/>
        <line num="26" count="12" type="stmt"/>
        <line num="29" count="4" type="stmt"/>
        <line num="30" count="4" type="stmt"/>
        <line num="31" count="4" type="stmt"/>
        <line num="32" count="3" type="stmt"/>
        <line num="40" count="2" type="stmt"/>
        <line num="41" count="2" type="stmt"/>
        <line num="42" count="2" type="stmt"/>
        <line num="47" count="12" type="stmt"/>
        <line num="52" count="3" type="stmt"/>
        <line num="53" count="3" type="stmt"/>
        <line num="54" count="3" type="stmt"/>
        <line num="55" count="3" type="stmt"/>
        <line num="56" count="2" type="stmt"/>
        <line num="57" count="1" type="stmt"/>
        <line num="59" count="2" type="stmt"/>
        <line num="60" count="2" type="stmt"/>
        <line num="61" count="2" type="stmt"/>
        <line num="65" count="12" type="stmt"/>
        <line num="66" count="0" type="stmt"/>
        <line num="68" count="0" type="cond" truecount="0" falsecount="2"/>
        <line num="69" count="0" type="stmt"/>
        <line num="70" count="0" type="cond" truecount="0" falsecount="2"/>
        <line num="71" count="0" type="stmt"/>
        <line num="72" count="0" type="cond" truecount="0" falsecount="2"/>
        <line num="73" count="0" type="stmt"/>
        <line num="75" count="0" type="stmt"/>
        <line num="76" count="0" type="stmt"/>
        <line num="78" count="0" type="stmt"/>
        <line num="84" count="12" type="stmt"/>
        <line num="85" count="0" type="cond" truecount="0" falsecount="2"/>
        <line num="86" count="0" type="stmt"/>
        <line num="90" count="0" type="stmt"/>
        <line num="93" count="0" type="stmt"/>
        <line num="95" count="0" type="stmt"/>
        <line num="98" count="0" type="stmt"/>
        <line num="102" count="0" type="stmt"/>
        <line num="105" count="12" type="stmt"/>
        <line num="106" count="5" type="stmt"/>
        <line num="107" count="4" type="stmt"/>
        <line num="112" count="4" type="stmt"/>
        <line num="113" count="4" type="stmt"/>
        <line num="114" count="4" type="stmt"/>
        <line num="117" count="12" type="stmt"/>
        <line num="122" count="3" type="stmt"/>
        <line num="123" count="3" type="stmt"/>
        <line num="124" count="3" type="stmt"/>
        <line num="125" count="3" type="stmt"/>
        <line num="126" count="3" type="stmt"/>
        <line num="128" count="0" type="stmt"/>
        <line num="129" count="0" type="stmt"/>
        <line num="130" count="0" type="stmt"/>
        <line num="134" count="12" type="stmt"/>
        <line num="139" count="0" type="stmt"/>
        <line num="141" count="0" type="cond" truecount="0" falsecount="2"/>
        <line num="142" count="0" type="stmt"/>
        <line num="147" count="0" type="stmt"/>
        <line num="149" count="0" type="stmt"/>
        <line num="153" count="12" type="stmt"/>
        <line num="154" count="1" type="stmt"/>
        <line num="155" count="1" type="stmt"/>
        <line num="158" count="12" type="stmt"/>
        <line num="166" count="12" type="stmt"/>
        <line num="167" count="0" type="stmt"/>
        <line num="170" count="12" type="stmt"/>
        <line num="174" count="0" type="stmt"/>
        <line num="175" count="0" type="stmt"/>
        <line num="176" count="0" type="stmt"/>
        <line num="179" count="12" type="stmt"/>
        <line num="180" count="0" type="stmt"/>
        <line num="181" count="0" type="stmt"/>
        <line num="182" count="0" type="stmt"/>
        <line num="185" count="12" type="stmt"/>
        <line num="190" count="0" type="stmt"/>
        <line num="191" count="0" type="stmt"/>
        <line num="194" count="0" type="stmt"/>
        <line num="198" count="0" type="stmt"/>
        <line num="199" count="0" type="stmt"/>
        <line num="200" count="0" type="stmt"/>
        <line num="201" count="0" type="stmt"/>
        <line num="202" count="0" type="stmt"/>
        <line num="203" count="0" type="stmt"/>
        <line num="204" count="0" type="stmt"/>
        <line num="205" count="0" type="stmt"/>
        <line num="206" count="0" type="stmt"/>
        <line num="207" count="0" type="stmt"/>
        <line num="208" count="0" type="stmt"/>
        <line num="210" count="0" type="stmt"/>
        <line num="211" count="0" type="stmt"/>
        <line num="212" count="0" type="stmt"/>
        <line num="217" count="12" type="stmt"/>
      </file>
    </package>
    <package name="SEG-Habitopia.src.features.auth.ConfirmationCodeForm">
      <metrics statements="10" coveredstatements="7" conditionals="0" coveredconditionals="0" methods="3" coveredmethods="2"/>
      <file name="ConfirmationCodeForm.tsx" path="C:\Users\Tareita Nawaz\Downloads\SEG-Habitopia\src\features\auth\ConfirmationCodeForm\ConfirmationCodeForm.tsx">
        <metrics statements="10" coveredstatements="7" conditionals="0" coveredconditionals="0" methods="3" coveredmethods="2"/>
        <line num="19" count="1" type="stmt"/>
        <line num="21" count="1" type="stmt"/>
        <line num="28" count="1" type="stmt"/>
        <line num="30" count="1" type="stmt"/>
        <line num="31" count="0" type="stmt"/>
        <line num="32" count="0" type="stmt"/>
        <line num="33" count="0" type="stmt"/>
        <line num="37" count="1" type="stmt"/>
        <line num="40" count="1" type="stmt"/>
        <line num="48" count="1" type="stmt"/>
      </file>
    </package>
    <package name="SEG-Habitopia.src.features.auth.EmailAddressForm">
      <metrics statements="9" coveredstatements="9" conditionals="0" coveredconditionals="0" methods="3" coveredmethods="3"/>
      <file name="EmailAddressForm.tsx" path="C:\Users\Tareita Nawaz\Downloads\SEG-Habitopia\src\features\auth\EmailAddressForm\EmailAddressForm.tsx">
        <metrics statements="9" coveredstatements="9" conditionals="0" coveredconditionals="0" methods="3" coveredmethods="3"/>
        <line num="18" count="1" type="stmt"/>
        <line num="19" count="2" type="stmt"/>
        <line num="24" count="2" type="stmt"/>
        <line num="26" count="2" type="stmt"/>
        <line num="27" count="1" type="stmt"/>
        <line num="28" count="1" type="stmt"/>
        <line num="31" count="2" type="stmt"/>
        <line num="33" count="2" type="stmt"/>
        <line num="41" count="3" type="stmt"/>
      </file>
    </package>
    <package name="SEG-Habitopia.src.features.auth.NameForm">
      <metrics statements="9" coveredstatements="9" conditionals="0" coveredconditionals="0" methods="3" coveredmethods="3"/>
      <file name="NameForm.tsx" path="C:\Users\Tareita Nawaz\Downloads\SEG-Habitopia\src\features\auth\NameForm\NameForm.tsx">
        <metrics statements="9" coveredstatements="9" conditionals="0" coveredconditionals="0" methods="3" coveredmethods="3"/>
        <line num="18" count="1" type="stmt"/>
        <line num="19" count="2" type="stmt"/>
        <line num="24" count="2" type="stmt"/>
        <line num="26" count="2" type="stmt"/>
        <line num="27" count="1" type="stmt"/>
        <line num="28" count="1" type="stmt"/>
        <line num="31" count="2" type="stmt"/>
        <line num="33" count="2" type="stmt"/>
        <line num="41" count="3" type="stmt"/>
      </file>
    </package>
    <package name="SEG-Habitopia.src.features.auth.PasswordForm">
      <metrics statements="10" coveredstatements="10" conditionals="0" coveredconditionals="0" methods="3" coveredmethods="3"/>
      <file name="PasswordForm.tsx" path="C:\Users\Tareita Nawaz\Downloads\SEG-Habitopia\src\features\auth\PasswordForm\PasswordForm.tsx">
        <metrics statements="10" coveredstatements="10" conditionals="0" coveredconditionals="0" methods="3" coveredmethods="3"/>
        <line num="23" count="1" type="stmt"/>
        <line num="24" count="2" type="stmt"/>
        <line num="29" count="2" type="stmt"/>
        <line num="31" count="2" type="stmt"/>
        <line num="32" count="1" type="stmt"/>
        <line num="33" count="1" type="stmt"/>
        <line num="34" count="1" type="stmt"/>
        <line num="37" count="2" type="stmt"/>
        <line num="39" count="2" type="stmt"/>
        <line num="47" count="3" type="stmt"/>
      </file>
    </package>
    <package name="SEG-Habitopia.src.features.auth.SignInForm">
      <metrics statements="3" coveredstatements="3" conditionals="0" coveredconditionals="0" methods="1" coveredmethods="1"/>
      <file name="SignInForm.tsx" path="C:\Users\Tareita Nawaz\Downloads\SEG-Habitopia\src\features\auth\SignInForm\SignInForm.tsx">
        <metrics statements="3" coveredstatements="3" conditionals="0" coveredconditionals="0" methods="1" coveredmethods="1"/>
        <line num="21" count="1" type="stmt"/>
        <line num="22" count="1" type="stmt"/>
        <line num="29" count="1" type="stmt"/>
      </file>
    </package>
    <package name="SEG-Habitopia.src.features.auth.SignInForm.EmailField">
      <metrics statements="7" coveredstatements="7" conditionals="0" coveredconditionals="0" methods="4" coveredmethods="4"/>
      <file name="EmailField.tsx" path="C:\Users\Tareita Nawaz\Downloads\SEG-Habitopia\src\features\auth\SignInForm\EmailField\EmailField.tsx">
        <metrics statements="7" coveredstatements="7" conditionals="0" coveredconditionals="0" methods="4" coveredmethods="4"/>
        <line num="17" count="1" type="stmt"/>
        <line num="18" count="1" type="stmt"/>
        <line num="29" count="1" type="stmt"/>
        <line num="30" count="1" type="stmt"/>
        <line num="41" count="1" type="stmt"/>
        <line num="42" count="1" type="stmt"/>
        <line num="45" count="2" type="stmt"/>
      </file>
      <file name="index.ts" path="C:\Users\Tareita Nawaz\Downloads\SEG-Habitopia\src\features\auth\SignInForm\EmailField\index.ts">
        <metrics statements="0" coveredstatements="0" conditionals="0" coveredconditionals="0" methods="0" coveredmethods="0"/>
      </file>
    </package>
    <package name="SEG-Habitopia.src.features.auth.SignInForm.PasswordField">
      <metrics statements="7" coveredstatements="7" conditionals="0" coveredconditionals="0" methods="4" coveredmethods="4"/>
      <file name="PasswordField.tsx" path="C:\Users\Tareita Nawaz\Downloads\SEG-Habitopia\src\features\auth\SignInForm\PasswordField\PasswordField.tsx">
        <metrics statements="7" coveredstatements="7" conditionals="0" coveredconditionals="0" methods="4" coveredmethods="4"/>
        <line num="17" count="1" type="stmt"/>
        <line num="18" count="1" type="stmt"/>
        <line num="29" count="1" type="stmt"/>
        <line num="30" count="1" type="stmt"/>
        <line num="41" count="1" type="stmt"/>
        <line num="42" count="1" type="stmt"/>
        <line num="45" count="2" type="stmt"/>
      </file>
      <file name="index.ts" path="C:\Users\Tareita Nawaz\Downloads\SEG-Habitopia\src\features\auth\SignInForm\PasswordField\index.ts">
        <metrics statements="0" coveredstatements="0" conditionals="0" coveredconditionals="0" methods="0" coveredmethods="0"/>
      </file>
    </package>
    <package name="SEG-Habitopia.src.features.auth.SignInForm.SubmitButton">
      <metrics statements="6" coveredstatements="6" conditionals="0" coveredconditionals="0" methods="2" coveredmethods="2"/>
      <file name="SubmitButton.tsx" path="C:\Users\Tareita Nawaz\Downloads\SEG-Habitopia\src\features\auth\SignInForm\SubmitButton\SubmitButton.tsx">
        <metrics statements="6" coveredstatements="6" conditionals="0" coveredconditionals="0" methods="2" coveredmethods="2"/>
        <line num="19" count="2" type="stmt"/>
        <line num="20" count="2" type="stmt"/>
        <line num="22" count="2" type="stmt"/>
        <line num="23" count="1" type="stmt"/>
        <line num="25" count="1" type="stmt"/>
        <line num="28" count="2" type="stmt"/>
      </file>
      <file name="index.ts" path="C:\Users\Tareita Nawaz\Downloads\SEG-Habitopia\src\features\auth\SignInForm\SubmitButton\index.ts">
        <metrics statements="0" coveredstatements="0" conditionals="0" coveredconditionals="0" methods="0" coveredmethods="0"/>
      </file>
    </package>
    <package name="SEG-Habitopia.src.features.settings">
      <metrics statements="45" coveredstatements="31" conditionals="8" coveredconditionals="0" methods="10" coveredmethods="6"/>
      <file name="settingEntries.ts" path="C:\Users\Tareita Nawaz\Downloads\SEG-Habitopia\src\features\settings\settingEntries.ts">
        <metrics statements="1" coveredstatements="1" conditionals="0" coveredconditionals="0" methods="0" coveredmethods="0"/>
        <line num="9" count="2" type="stmt"/>
      </file>
      <file name="settingsMockState.ts" path="C:\Users\Tareita Nawaz\Downloads\SEG-Habitopia\src\features\settings\settingsMockState.ts">
        <metrics statements="1" coveredstatements="1" conditionals="0" coveredconditionals="0" methods="0" coveredmethods="0"/>
        <line num="3" count="7" type="stmt"/>
      </file>
      <file name="settingsSlice.ts" path="C:\Users\Tareita Nawaz\Downloads\SEG-Habitopia\src\features\settings\settingsSlice.ts">
        <metrics statements="43" coveredstatements="29" conditionals="8" coveredconditionals="0" methods="10" coveredmethods="6"/>
        <line num="21" count="6" type="stmt"/>
        <line num="39" count="6" type="stmt"/>
        <line num="44" count="4" type="stmt"/>
        <line num="45" count="4" type="stmt"/>
        <line num="47" count="1" type="stmt"/>
        <line num="54" count="1" type="stmt"/>
        <line num="56" count="3" type="stmt"/>
        <line num="57" count="3" type="stmt"/>
        <line num="62" count="6" type="stmt"/>
        <line num="67" count="1" type="stmt"/>
        <line num="68" count="1" type="stmt"/>
        <line num="69" count="1" type="stmt"/>
        <line num="71" count="0" type="stmt"/>
        <line num="73" count="0" type="cond" truecount="0" falsecount="2"/>
        <line num="74" count="0" type="stmt"/>
        <line num="76" count="0" type="cond" truecount="0" falsecount="2"/>
        <line num="77" count="0" type="stmt"/>
        <line num="79" count="0" type="cond" truecount="0" falsecount="2"/>
        <line num="80" count="0" type="stmt"/>
        <line num="82" count="0" type="cond" truecount="0" falsecount="2"/>
        <line num="83" count="0" type="stmt"/>
        <line num="88" count="0" type="stmt"/>
        <line num="90" count="1" type="stmt"/>
        <line num="91" count="1" type="stmt"/>
        <line num="95" count="6" type="stmt"/>
        <line num="100" count="1" type="stmt"/>
        <line num="103" count="1" type="stmt"/>
        <line num="104" count="1" type="stmt"/>
        <line num="105" count="1" type="stmt"/>
        <line num="108" count="1" type="stmt"/>
        <line num="109" count="2" type="stmt"/>
        <line num="110" count="2" type="stmt"/>
        <line num="112" count="1" type="stmt"/>
        <line num="115" count="1" type="stmt"/>
        <line num="116" count="1" type="stmt"/>
        <line num="119" count="1" type="stmt"/>
        <line num="122" count="0" type="stmt"/>
        <line num="123" count="0" type="stmt"/>
        <line num="126" count="1" type="stmt"/>
        <line num="127" count="0" type="stmt"/>
        <line num="129" count="1" type="stmt"/>
        <line num="130" count="0" type="stmt"/>
        <line num="135" count="6" type="stmt"/>
      </file>
    </package>
    <package name="SEG-Habitopia.src.features.settings.ColorModeToggle">
      <metrics statements="3" coveredstatements="3" conditionals="0" coveredconditionals="0" methods="1" coveredmethods="1"/>
      <file name="ColorModeToggle.tsx" path="C:\Users\Tareita Nawaz\Downloads\SEG-Habitopia\src\features\settings\ColorModeToggle\ColorModeToggle.tsx">
        <metrics statements="3" coveredstatements="3" conditionals="0" coveredconditionals="0" methods="1" coveredmethods="1"/>
        <line num="22" count="2" type="stmt"/>
        <line num="23" count="3" type="stmt"/>
        <line num="25" count="3" type="stmt"/>
      </file>
      <file name="index.ts" path="C:\Users\Tareita Nawaz\Downloads\SEG-Habitopia\src\features\settings\ColorModeToggle\index.ts">
        <metrics statements="0" coveredstatements="0" conditionals="0" coveredconditionals="0" methods="0" coveredmethods="0"/>
      </file>
    </package>
    <package name="SEG-Habitopia.src.features.settings.DoneButton">
      <metrics statements="10" coveredstatements="9" conditionals="2" coveredconditionals="1" methods="3" coveredmethods="3"/>
      <file name="DoneButton.tsx" path="C:\Users\Tareita Nawaz\Downloads\SEG-Habitopia\src\features\settings\DoneButton\DoneButton.tsx">
        <metrics statements="10" coveredstatements="9" conditionals="2" coveredconditionals="1" methods="3" coveredmethods="3"/>
        <line num="15" count="3" type="stmt"/>
        <line num="16" count="6" type="stmt"/>
        <line num="17" count="6" type="stmt"/>
        <line num="19" count="6" type="stmt"/>
        <line num="21" count="6" type="stmt"/>
        <line num="23" count="6" type="stmt"/>
        <line num="24" count="1" type="stmt"/>
        <line num="30" count="1" type="cond" truecount="1" falsecount="1"/>
        <line num="31" count="0" type="stmt"/>
        <line num="35" count="6" type="stmt"/>
      </file>
    </package>
    <package name="SEG-Habitopia.src.features.settings.GenericSetting">
      <metrics statements="6" coveredstatements="6" conditionals="0" coveredconditionals="0" methods="2" coveredmethods="2"/>
      <file name="GenericSetting.tsx" path="C:\Users\Tareita Nawaz\Downloads\SEG-Habitopia\src\features\settings\GenericSetting\GenericSetting.tsx">
        <metrics statements="6" coveredstatements="6" conditionals="0" coveredconditionals="0" methods="2" coveredmethods="2"/>
        <line num="15" count="1" type="stmt"/>
        <line num="16" count="2" type="stmt"/>
        <line num="18" count="2" type="stmt"/>
        <line num="24" count="2" type="stmt"/>
        <line num="26" count="2" type="stmt"/>
        <line num="35" count="3" type="stmt"/>
      </file>
    </package>
    <package name="SEG-Habitopia.src.features.settings.NotificationToggle">
      <metrics statements="8" coveredstatements="5" conditionals="0" coveredconditionals="0" methods="2" coveredmethods="1"/>
      <file name="NotificationToggle.tsx" path="C:\Users\Tareita Nawaz\Downloads\SEG-Habitopia\src\features\settings\NotificationToggle\NotificationToggle.tsx">
        <metrics statements="8" coveredstatements="5" conditionals="0" coveredconditionals="0" methods="2" coveredmethods="1"/>
        <line num="13" count="2" type="stmt"/>
        <line num="14" count="3" type="stmt"/>
        <line num="15" count="3" type="stmt"/>
        <line num="17" count="3" type="stmt"/>
        <line num="18" count="0" type="stmt"/>
        <line num="19" count="0" type="stmt"/>
        <line num="20" count="0" type="stmt"/>
        <line num="23" count="3" type="stmt"/>
      </file>
    </package>
    <package name="SEG-Habitopia.src.features.settings.PasswordSetting">
      <metrics statements="9" coveredstatements="9" conditionals="0" coveredconditionals="0" methods="5" coveredmethods="5"/>
      <file name="PasswordSetting.tsx" path="C:\Users\Tareita Nawaz\Downloads\SEG-Habitopia\src\features\settings\PasswordSetting\PasswordSetting.tsx">
        <metrics statements="9" coveredstatements="9" conditionals="0" coveredconditionals="0" methods="5" coveredmethods="5"/>
        <line num="8" count="1" type="stmt"/>
        <line num="9" count="1" type="stmt"/>
        <line num="17" count="1" type="stmt"/>
        <line num="19" count="1" type="stmt"/>
        <line num="20" count="1" type="stmt"/>
        <line num="22" count="1" type="stmt"/>
        <line num="29" count="1" type="stmt"/>
        <line num="39" count="1" type="stmt"/>
        <line num="49" count="1" type="stmt"/>
      </file>
    </package>
    <package name="SEG-Habitopia.src.features.settings.SettingsItem">
      <metrics statements="4" coveredstatements="3" conditionals="2" coveredconditionals="2" methods="2" coveredmethods="1"/>
      <file name="SettingsItem.tsx" path="C:\Users\Tareita Nawaz\Downloads\SEG-Habitopia\src\features\settings\SettingsItem\SettingsItem.tsx">
        <metrics statements="4" coveredstatements="3" conditionals="2" coveredconditionals="2" methods="2" coveredmethods="1"/>
        <line num="25" count="7" type="stmt"/>
        <line num="26" count="7" type="stmt"/>
        <line num="28" count="7" type="stmt"/>
        <line num="43" count="0" type="stmt"/>
      </file>
    </package>
    <package name="SEG-Habitopia.src.features.settings.SettingsPage">
      <metrics statements="12" coveredstatements="11" conditionals="0" coveredconditionals="0" methods="5" coveredmethods="5"/>
      <file name="SettingsPage.tsx" path="C:\Users\Tareita Nawaz\Downloads\SEG-Habitopia\src\features\settings\SettingsPage\SettingsPage.tsx">
        <metrics statements="12" coveredstatements="11" conditionals="0" coveredconditionals="0" methods="5" coveredmethods="5"/>
        <line num="16" count="1" type="stmt"/>
        <line num="17" count="2" type="stmt"/>
        <line num="19" count="2" type="stmt"/>
        <line num="20" count="2" type="stmt"/>
        <line num="23" count="2" type="stmt"/>
        <line num="25" count="2" type="stmt"/>
        <line num="26" count="2" type="stmt"/>
        <line num="29" count="2" type="stmt"/>
        <line num="30" count="1" type="stmt"/>
        <line num="31" count="0" type="stmt"/>
        <line num="34" count="2" type="stmt"/>
        <line num="42" count="6" type="stmt"/>
      </file>
    </package>
    <package name="SEG-Habitopia.src.graphql">
      <metrics statements="30" coveredstatements="30" conditionals="0" coveredconditionals="0" methods="0" coveredmethods="0"/>
      <file name="mutations.ts" path="C:\Users\Tareita Nawaz\Downloads\SEG-Habitopia\src\graphql\mutations.ts">
        <metrics statements="30" coveredstatements="30" conditionals="0" coveredconditionals="0" methods="0" coveredmethods="0"/>
        <line num="5" count="12" type="stmt"/>
        <line num="55" count="12" type="stmt"/>
        <line num="105" count="12" type="stmt"/>
        <line num="155" count="12" type="stmt"/>
        <line num="234" count="12" type="stmt"/>
        <line num="313" count="12" type="stmt"/>
        <line num="392" count="12" type="stmt"/>
        <line num="410" count="12" type="stmt"/>
        <line num="428" count="12" type="stmt"/>
        <line num="446" count="12" type="stmt"/>
        <line num="544" count="12" type="stmt"/>
        <line num="642" count="12" type="stmt"/>
        <line num="740" count="12" type="stmt"/>
        <line num="789" count="12" type="stmt"/>
        <line num="838" count="12" type="stmt"/>
        <line num="887" count="12" type="stmt"/>
        <line num="980" count="12" type="stmt"/>
        <line num="1073" count="12" type="stmt"/>
        <line num="1166" count="12" type="stmt"/>
        <line num="1212" count="12" type="stmt"/>
        <line num="1258" count="12" type="stmt"/>
        <line num="1304" count="12" type="stmt"/>
        <line num="1391" count="12" type="stmt"/>
        <line num="1478" count="12" type="stmt"/>
        <line num="1565" count="12" type="stmt"/>
        <line num="1649" count="12" type="stmt"/>
        <line num="1733" count="12" type="stmt"/>
        <line num="1817" count="12" type="stmt"/>
        <line num="1896" count="12" type="stmt"/>
        <line num="1975" count="12" type="stmt"/>
      </file>
    </package>
    <package name="SEG-Habitopia.src.models">
      <metrics statements="3" coveredstatements="3" conditionals="0" coveredconditionals="0" methods="0" coveredmethods="0"/>
      <file name="index.js" path="C:\Users\Tareita Nawaz\Downloads\SEG-Habitopia\src\models\index.js">
        <metrics statements="2" coveredstatements="2" conditionals="0" coveredconditionals="0" methods="0" coveredmethods="0"/>
        <line num="5" count="13" type="stmt"/>
        <line num="11" count="13" type="stmt"/>
      </file>
      <file name="schema.js" path="C:\Users\Tareita Nawaz\Downloads\SEG-Habitopia\src\models\schema.js">
        <metrics statements="1" coveredstatements="1" conditionals="0" coveredconditionals="0" methods="0" coveredmethods="0"/>
        <line num="1" count="13" type="stmt"/>
      </file>
    </package>
  </project>
</coverage>
