{"C:\\Users\\charn\\Desktop\\SEG-Habitopia\\types.ts": {"path":"C:\\Users\\charn\\Desktop\\SEG-Habitopia\\types.ts","statementMap":{},"fnMap":{},"branchMap":{},"s":{},"f":{},"b":{},"_coverageSchema":"1a1c01bbd47fc00a2c39e90264f33305004495a9","hash":"8bec6366a8b0ace65c69a0f21071aad9d97a8d98"}
,"C:\\Users\\charn\\Desktop\\SEG-Habitopia\\assets\\fonts\\Roboto\\Black.ttf": {"path":"C:\\Users\\charn\\Desktop\\SEG-Habitopia\\assets\\fonts\\Roboto\\Black.ttf","statementMap":{"0":{"start":{"line":1,"column":0},"end":{"line":1,"column":19}}},"fnMap":{},"branchMap":{},"s":{"0":37},"f":{},"b":{},"_coverageSchema":"1a1c01bbd47fc00a2c39e90264f33305004495a9","hash":"f4935cd1ae0543a6529a3f423fb195462962d369"}
,"C:\\Users\\charn\\Desktop\\SEG-Habitopia\\assets\\fonts\\Roboto\\Medium.ttf": {"path":"C:\\Users\\charn\\Desktop\\SEG-Habitopia\\assets\\fonts\\Roboto\\Medium.ttf","statementMap":{"0":{"start":{"line":1,"column":0},"end":{"line":1,"column":19}}},"fnMap":{},"branchMap":{},"s":{"0":37},"f":{},"b":{},"_coverageSchema":"1a1c01bbd47fc00a2c39e90264f33305004495a9","hash":"a0f5c49fa8979ddd6e8fff96b139383118ef0df1"}
,"C:\\Users\\charn\\Desktop\\SEG-Habitopia\\src\\aws-exports.js": {"path":"C:\\Users\\charn\\Desktop\\SEG-Habitopia\\src\\aws-exports.js","statementMap":{"0":{"start":{"line":4,"column":18},"end":{"line":39,"column":1}}},"fnMap":{},"branchMap":{},"s":{"0":1},"f":{},"b":{},"_coverageSchema":"1a1c01bbd47fc00a2c39e90264f33305004495a9","hash":"caf7985a20d083d963a1d6a8565faf33f055ebbf"}
,"C:\\Users\\charn\\Desktop\\SEG-Habitopia\\src\\app\\colorModeManager.ts": {"path":"C:\\Users\\charn\\Desktop\\SEG-Habitopia\\src\\app\\colorModeManager.ts","statementMap":{"0":{"start":{"line":12,"column":41},"end":{"line":34,"column":1}},"1":{"start":{"line":14,"column":4},"end":{"line":19,"column":5}},"2":{"start":{"line":15,"column":16},"end":{"line":15,"column":57}},"3":{"start":{"line":16,"column":6},"end":{"line":16,"column":47}},"4":{"start":{"line":18,"column":6},"end":{"line":18,"column":21}},"5":{"start":{"line":22,"column":4},"end":{"line":24,"column":5}},"6":{"start":{"line":23,"column":6},"end":{"line":23,"column":63}},"7":{"start":{"line":26,"column":4},"end":{"line":32,"column":5}},"8":{"start":{"line":27,"column":6},"end":{"line":31,"column":7}},"9":{"start":{"line":28,"column":8},"end":{"line":28,"column":68}},"10":{"start":{"line":30,"column":8},"end":{"line":30,"column":23}}},"fnMap":{"0":{"name":"(anonymous_0)","decl":{"start":{"line":13,"column":7},"end":{"line":13,"column":8}},"loc":{"start":{"line":13,"column":19},"end":{"line":20,"column":3}},"line":13},"1":{"name":"(anonymous_1)","decl":{"start":{"line":21,"column":7},"end":{"line":21,"column":8}},"loc":{"start":{"line":21,"column":35},"end":{"line":33,"column":3}},"line":21}},"branchMap":{"0":{"loc":{"start":{"line":16,"column":13},"end":{"line":16,"column":46}},"type":"cond-expr","locations":[{"start":{"line":16,"column":30},"end":{"line":16,"column":36}},{"start":{"line":16,"column":39},"end":{"line":16,"column":46}}],"line":16},"1":{"loc":{"start":{"line":22,"column":4},"end":{"line":24,"column":5}},"type":"if","locations":[{"start":{"line":22,"column":4},"end":{"line":24,"column":5}},{"start":{},"end":{}}],"line":22},"2":{"loc":{"start":{"line":22,"column":8},"end":{"line":22,"column":45}},"type":"binary-expr","locations":[{"start":{"line":22,"column":8},"end":{"line":22,"column":25}},{"start":{"line":22,"column":29},"end":{"line":22,"column":45}}],"line":22},"3":{"loc":{"start":{"line":26,"column":4},"end":{"line":32,"column":5}},"type":"if","locations":[{"start":{"line":26,"column":4},"end":{"line":32,"column":5}},{"start":{},"end":{}}],"line":26}},"s":{"0":1,"1":2,"2":2,"3":2,"4":0,"5":2,"6":1,"7":1,"8":1,"9":1,"10":0},"f":{"0":2,"1":2},"b":{"0":[0,2],"1":[1,1],"2":[2,2],"3":[1,0]},"_coverageSchema":"1a1c01bbd47fc00a2c39e90264f33305004495a9","hash":"ed4ab2cadd78d615acf1c25f79d7c9edb9e1335d"}
,"C:\\Users\\charn\\Desktop\\SEG-Habitopia\\src\\app\\hooks.ts": {"path":"C:\\Users\\charn\\Desktop\\SEG-Habitopia\\src\\app\\hooks.ts","statementMap":{"0":{"start":{"line":8,"column":46},"end":{"line":8,"column":62}},"1":{"start":{"line":9,"column":60},"end":{"line":9,"column":76}}},"fnMap":{},"branchMap":{},"s":{"0":41,"1":41},"f":{},"b":{},"_coverageSchema":"1a1c01bbd47fc00a2c39e90264f33305004495a9","hash":"d76130e357aa7bbb27bb0f8473071d1f52fed268"}
,"C:\\Users\\charn\\Desktop\\SEG-Habitopia\\src\\app\\selectors.ts": {"path":"C:\\Users\\charn\\Desktop\\SEG-Habitopia\\src\\app\\selectors.ts","statementMap":{"0":{"start":{"line":10,"column":26},"end":{"line":10,"column":65}},"1":{"start":{"line":10,"column":48},"end":{"line":10,"column":65}},"2":{"start":{"line":18,"column":32},"end":{"line":18,"column":71}},"3":{"start":{"line":18,"column":54},"end":{"line":18,"column":71}},"4":{"start":{"line":26,"column":29},"end":{"line":26,"column":65}},"5":{"start":{"line":26,"column":51},"end":{"line":26,"column":65}}},"fnMap":{"0":{"name":"(anonymous_0)","decl":{"start":{"line":10,"column":26},"end":{"line":10,"column":27}},"loc":{"start":{"line":10,"column":48},"end":{"line":10,"column":65}},"line":10},"1":{"name":"(anonymous_1)","decl":{"start":{"line":18,"column":32},"end":{"line":18,"column":33}},"loc":{"start":{"line":18,"column":54},"end":{"line":18,"column":71}},"line":18},"2":{"name":"(anonymous_2)","decl":{"start":{"line":26,"column":29},"end":{"line":26,"column":30}},"loc":{"start":{"line":26,"column":51},"end":{"line":26,"column":65}},"line":26}},"branchMap":{},"s":{"0":30,"1":0,"2":30,"3":3,"4":30,"5":0},"f":{"0":0,"1":3,"2":0},"b":{},"_coverageSchema":"1a1c01bbd47fc00a2c39e90264f33305004495a9","hash":"b2fef51796071145e632de59bd333414fe7b4a2d"}
,"C:\\Users\\charn\\Desktop\\SEG-Habitopia\\src\\app\\testingWrapper.tsx": {"path":"C:\\Users\\charn\\Desktop\\SEG-Habitopia\\src\\app\\testingWrapper.tsx","statementMap":{"0":{"start":{"line":5,"column":14},"end":{"line":8,"column":1}},"1":{"start":{"line":10,"column":14},"end":{"line":10,"column":29}},"2":{"start":{"line":19,"column":23},"end":{"line":29,"column":1}},"3":{"start":{"line":20,"column":30},"end":{"line":20,"column":35}},"4":{"start":{"line":22,"column":2},"end":{"line":28,"column":4}}},"fnMap":{"0":{"name":"(anonymous_0)","decl":{"start":{"line":19,"column":23},"end":{"line":19,"column":24}},"loc":{"start":{"line":19,"column":41},"end":{"line":29,"column":1}},"line":19}},"branchMap":{},"s":{"0":15,"1":15,"2":15,"3":16,"4":16},"f":{"0":16},"b":{},"_coverageSchema":"1a1c01bbd47fc00a2c39e90264f33305004495a9","hash":"45b60de15d45dc1d6284699801a84e02e91deee3"}
,"C:\\Users\\charn\\Desktop\\SEG-Habitopia\\src\\app\\testingWrapperWithNavigation.tsx": {"path":"C:\\Users\\charn\\Desktop\\SEG-Habitopia\\src\\app\\testingWrapperWithNavigation.tsx","statementMap":{"0":{"start":{"line":10,"column":14},"end":{"line":10,"column":42}},"1":{"start":{"line":12,"column":14},"end":{"line":15,"column":1}},"2":{"start":{"line":17,"column":14},"end":{"line":17,"column":29}},"3":{"start":{"line":28,"column":19},"end":{"line":32,"column":1}},"4":{"start":{"line":29,"column":23},"end":{"line":29,"column":35}},"5":{"start":{"line":31,"column":2},"end":{"line":31,"column":25}},"6":{"start":{"line":34,"column":26},"end":{"line":36,"column":1}},"7":{"start":{"line":35,"column":2},"end":{"line":35,"column":47}},"8":{"start":{"line":38,"column":33},"end":{"line":79,"column":1}},"9":{"start":{"line":39,"column":30},"end":{"line":39,"column":35}},"10":{"start":{"line":41,"column":2},"end":{"line":78,"column":4}}},"fnMap":{"0":{"name":"(anonymous_0)","decl":{"start":{"line":28,"column":19},"end":{"line":28,"column":20}},"loc":{"start":{"line":28,"column":46},"end":{"line":32,"column":1}},"line":28},"1":{"name":"(anonymous_1)","decl":{"start":{"line":34,"column":26},"end":{"line":34,"column":27}},"loc":{"start":{"line":34,"column":32},"end":{"line":36,"column":1}},"line":34},"2":{"name":"(anonymous_2)","decl":{"start":{"line":38,"column":33},"end":{"line":38,"column":34}},"loc":{"start":{"line":38,"column":51},"end":{"line":79,"column":1}},"line":38}},"branchMap":{},"s":{"0":28,"1":28,"2":28,"3":28,"4":59,"5":59,"6":28,"7":1,"8":28,"9":61,"10":59},"f":{"0":59,"1":1,"2":61},"b":{},"_coverageSchema":"1a1c01bbd47fc00a2c39e90264f33305004495a9","hash":"86b9862fe5b409d215f9d6a0e1ef7776be56f34b"}
,"C:\\Users\\charn\\Desktop\\SEG-Habitopia\\src\\app\\theme.ts": {"path":"C:\\Users\\charn\\Desktop\\SEG-Habitopia\\src\\app\\theme.ts","statementMap":{"0":{"start":{"line":8,"column":19},"end":{"line":29,"column":1}}},"fnMap":{},"branchMap":{},"s":{"0":49},"f":{},"b":{},"_coverageSchema":"1a1c01bbd47fc00a2c39e90264f33305004495a9","hash":"5a79999781865ff692f3e7cc2146199ed9b85b7a"}
,"C:\\Users\\charn\\Desktop\\SEG-Habitopia\\src\\app\\util.ts": {"path":"C:\\Users\\charn\\Desktop\\SEG-Habitopia\\src\\app\\util.ts","statementMap":{"0":{"start":{"line":5,"column":37},"end":{"line":10,"column":1}},"1":{"start":{"line":6,"column":16},"end":{"line":6,"column":35}},"2":{"start":{"line":7,"column":43},"end":{"line":7,"column":58}},"3":{"start":{"line":8,"column":20},"end":{"line":8,"column":56}},"4":{"start":{"line":9,"column":2},"end":{"line":9,"column":19}},"5":{"start":{"line":12,"column":34},"end":{"line":17,"column":1}},"6":{"start":{"line":13,"column":16},"end":{"line":13,"column":35}},"7":{"start":{"line":14,"column":43},"end":{"line":14,"column":58}},"8":{"start":{"line":15,"column":17},"end":{"line":15,"column":50}},"9":{"start":{"line":16,"column":2},"end":{"line":16,"column":16}},"10":{"start":{"line":19,"column":35},"end":{"line":25,"column":1}},"11":{"start":{"line":20,"column":16},"end":{"line":20,"column":35}},"12":{"start":{"line":21,"column":43},"end":{"line":21,"column":58}},"13":{"start":{"line":22,"column":17},"end":{"line":22,"column":50}},"14":{"start":{"line":23,"column":15},"end":{"line":23,"column":72}},"15":{"start":{"line":23,"column":53},"end":{"line":23,"column":71}},"16":{"start":{"line":24,"column":2},"end":{"line":24,"column":17}},"17":{"start":{"line":27,"column":39},"end":{"line":30,"column":1}},"18":{"start":{"line":28,"column":15},"end":{"line":28,"column":72}},"19":{"start":{"line":28,"column":53},"end":{"line":28,"column":71}},"20":{"start":{"line":29,"column":2},"end":{"line":29,"column":17}},"21":{"start":{"line":32,"column":39},"end":{"line":61,"column":1}},"22":{"start":{"line":33,"column":44},"end":{"line":33,"column":71}},"23":{"start":{"line":35,"column":21},"end":{"line":35,"column":25}},"24":{"start":{"line":36,"column":21},"end":{"line":36,"column":36}},"25":{"start":{"line":37,"column":19},"end":{"line":37,"column":34}},"26":{"start":{"line":38,"column":18},"end":{"line":38,"column":31}},"27":{"start":{"line":39,"column":19},"end":{"line":39,"column":30}},"28":{"start":{"line":42,"column":2},"end":{"line":60,"column":3}},"29":{"start":{"line":43,"column":4},"end":{"line":43,"column":68}},"30":{"start":{"line":46,"column":7},"end":{"line":60,"column":3}},"31":{"start":{"line":47,"column":4},"end":{"line":47,"column":68}},"32":{"start":{"line":50,"column":7},"end":{"line":60,"column":3}},"33":{"start":{"line":51,"column":4},"end":{"line":51,"column":66}},"34":{"start":{"line":54,"column":7},"end":{"line":60,"column":3}},"35":{"start":{"line":55,"column":4},"end":{"line":55,"column":65}},"36":{"start":{"line":59,"column":4},"end":{"line":59,"column":66}}},"fnMap":{"0":{"name":"(anonymous_0)","decl":{"start":{"line":5,"column":37},"end":{"line":5,"column":38}},"loc":{"start":{"line":5,"column":56},"end":{"line":10,"column":1}},"line":5},"1":{"name":"(anonymous_1)","decl":{"start":{"line":12,"column":34},"end":{"line":12,"column":35}},"loc":{"start":{"line":12,"column":53},"end":{"line":17,"column":1}},"line":12},"2":{"name":"(anonymous_2)","decl":{"start":{"line":19,"column":35},"end":{"line":19,"column":36}},"loc":{"start":{"line":19,"column":60},"end":{"line":25,"column":1}},"line":19},"3":{"name":"(anonymous_3)","decl":{"start":{"line":23,"column":43},"end":{"line":23,"column":44}},"loc":{"start":{"line":23,"column":53},"end":{"line":23,"column":71}},"line":23},"4":{"name":"(anonymous_4)","decl":{"start":{"line":27,"column":39},"end":{"line":27,"column":40}},"loc":{"start":{"line":27,"column":65},"end":{"line":30,"column":1}},"line":27},"5":{"name":"(anonymous_5)","decl":{"start":{"line":28,"column":43},"end":{"line":28,"column":44}},"loc":{"start":{"line":28,"column":53},"end":{"line":28,"column":71}},"line":28},"6":{"name":"(anonymous_6)","decl":{"start":{"line":32,"column":39},"end":{"line":32,"column":40}},"loc":{"start":{"line":32,"column":55},"end":{"line":61,"column":1}},"line":32}},"branchMap":{"0":{"loc":{"start":{"line":8,"column":20},"end":{"line":8,"column":56}},"type":"cond-expr","locations":[{"start":{"line":8,"column":32},"end":{"line":8,"column":51}},{"start":{"line":8,"column":54},"end":{"line":8,"column":56}}],"line":8},"1":{"loc":{"start":{"line":15,"column":17},"end":{"line":15,"column":50}},"type":"cond-expr","locations":[{"start":{"line":15,"column":29},"end":{"line":15,"column":45}},{"start":{"line":15,"column":48},"end":{"line":15,"column":50}}],"line":15},"2":{"loc":{"start":{"line":22,"column":17},"end":{"line":22,"column":50}},"type":"cond-expr","locations":[{"start":{"line":22,"column":29},"end":{"line":22,"column":45}},{"start":{"line":22,"column":48},"end":{"line":22,"column":50}}],"line":22},"3":{"loc":{"start":{"line":42,"column":2},"end":{"line":60,"column":3}},"type":"if","locations":[{"start":{"line":42,"column":2},"end":{"line":60,"column":3}},{"start":{"line":46,"column":7},"end":{"line":60,"column":3}}],"line":42},"4":{"loc":{"start":{"line":46,"column":7},"end":{"line":60,"column":3}},"type":"if","locations":[{"start":{"line":46,"column":7},"end":{"line":60,"column":3}},{"start":{"line":50,"column":7},"end":{"line":60,"column":3}}],"line":46},"5":{"loc":{"start":{"line":50,"column":7},"end":{"line":60,"column":3}},"type":"if","locations":[{"start":{"line":50,"column":7},"end":{"line":60,"column":3}},{"start":{"line":54,"column":7},"end":{"line":60,"column":3}}],"line":50},"6":{"loc":{"start":{"line":54,"column":7},"end":{"line":60,"column":3}},"type":"if","locations":[{"start":{"line":54,"column":7},"end":{"line":60,"column":3}},{"start":{"line":58,"column":7},"end":{"line":60,"column":3}}],"line":54}},"s":{"0":38,"1":0,"2":0,"3":0,"4":0,"5":38,"6":0,"7":0,"8":0,"9":0,"10":38,"11":6,"12":6,"13":0,"14":0,"15":0,"16":0,"17":38,"18":0,"19":0,"20":0,"21":38,"22":0,"23":0,"24":0,"25":0,"26":0,"27":0,"28":0,"29":0,"30":0,"31":0,"32":0,"33":0,"34":0,"35":0,"36":0},"f":{"0":0,"1":0,"2":6,"3":0,"4":0,"5":0,"6":0},"b":{"0":[0,0],"1":[0,0],"2":[0,0],"3":[0,0],"4":[0,0],"5":[0,0],"6":[0,0]},"_coverageSchema":"1a1c01bbd47fc00a2c39e90264f33305004495a9","hash":"a5360cc4d0dd1d85a9d500bdab0030f26829be68"}
,"C:\\Users\\charn\\Desktop\\SEG-Habitopia\\src\\components\\Avatar\\Avatar.tsx": {"path":"C:\\Users\\charn\\Desktop\\SEG-Habitopia\\src\\components\\Avatar\\Avatar.tsx","statementMap":{"0":{"start":{"line":8,"column":15},"end":{"line":19,"column":1}},"1":{"start":{"line":9,"column":21},"end":{"line":9,"column":26}},"2":{"start":{"line":10,"column":2},"end":{"line":18,"column":4}}},"fnMap":{"0":{"name":"(anonymous_0)","decl":{"start":{"line":8,"column":15},"end":{"line":8,"column":16}},"loc":{"start":{"line":8,"column":33},"end":{"line":19,"column":1}},"line":8}},"branchMap":{},"s":{"0":6,"1":17,"2":17},"f":{"0":17},"b":{},"_coverageSchema":"1a1c01bbd47fc00a2c39e90264f33305004495a9","hash":"f4cd7707813fc6ebab986bc7f27a39ae0696a288"}
,"C:\\Users\\charn\\Desktop\\SEG-Habitopia\\src\\components\\Background\\Background.tsx": {"path":"C:\\Users\\charn\\Desktop\\SEG-Habitopia\\src\\components\\Background\\Background.tsx","statementMap":{"0":{"start":{"line":21,"column":19},"end":{"line":32,"column":1}},"1":{"start":{"line":22,"column":25},"end":{"line":25,"column":3}},"2":{"start":{"line":27,"column":2},"end":{"line":31,"column":4}}},"fnMap":{"0":{"name":"(anonymous_0)","decl":{"start":{"line":21,"column":19},"end":{"line":21,"column":20}},"loc":{"start":{"line":21,"column":47},"end":{"line":32,"column":1}},"line":21}},"branchMap":{},"s":{"0":45,"1":17,"2":17},"f":{"0":17},"b":{},"_coverageSchema":"1a1c01bbd47fc00a2c39e90264f33305004495a9","hash":"01272a6fa850ebc7904e582caef988fff0476d08"}
,"C:\\Users\\charn\\Desktop\\SEG-Habitopia\\src\\components\\Background\\index.ts": {"path":"C:\\Users\\charn\\Desktop\\SEG-Habitopia\\src\\components\\Background\\index.ts","statementMap":{},"fnMap":{},"branchMap":{},"s":{},"f":{},"b":{},"_coverageSchema":"1a1c01bbd47fc00a2c39e90264f33305004495a9","hash":"26969e9dba7080ab580018df23f3b2828d5d75e5"}
,"C:\\Users\\charn\\Desktop\\SEG-Habitopia\\src\\components\\BoxWithShadow\\BoxWithShadow.tsx": {"path":"C:\\Users\\charn\\Desktop\\SEG-Habitopia\\src\\components\\BoxWithShadow\\BoxWithShadow.tsx","statementMap":{"0":{"start":{"line":15,"column":22},"end":{"line":29,"column":1}},"1":{"start":{"line":16,"column":2},"end":{"line":28,"column":9}}},"fnMap":{"0":{"name":"(anonymous_0)","decl":{"start":{"line":15,"column":22},"end":{"line":15,"column":23}},"loc":{"start":{"line":16,"column":2},"end":{"line":28,"column":9}},"line":16}},"branchMap":{},"s":{"0":47,"1":51},"f":{"0":51},"b":{},"_coverageSchema":"1a1c01bbd47fc00a2c39e90264f33305004495a9","hash":"f02fb02061096256b752c07e719544bc93a03221"}
,"C:\\Users\\charn\\Desktop\\SEG-Habitopia\\src\\components\\BoxWithShadow\\index.ts": {"path":"C:\\Users\\charn\\Desktop\\SEG-Habitopia\\src\\components\\BoxWithShadow\\index.ts","statementMap":{},"fnMap":{},"branchMap":{},"s":{},"f":{},"b":{},"_coverageSchema":"1a1c01bbd47fc00a2c39e90264f33305004495a9","hash":"cd2a1e272ef219ba9f43ad7ffba122f90b710be8"}
,"C:\\Users\\charn\\Desktop\\SEG-Habitopia\\src\\components\\Button\\Button.tsx": {"path":"C:\\Users\\charn\\Desktop\\SEG-Habitopia\\src\\components\\Button\\Button.tsx","statementMap":{"0":{"start":{"line":46,"column":15},"end":{"line":63,"column":1}},"1":{"start":{"line":47,"column":2},"end":{"line":62,"column":4}},"2":{"start":{"line":65,"column":21},"end":{"line":75,"column":1}},"3":{"start":{"line":66,"column":2},"end":{"line":74,"column":21}},"4":{"start":{"line":69,"column":6},"end":{"line":69,"column":47}},"5":{"start":{"line":77,"column":20},"end":{"line":110,"column":1}},"6":{"start":{"line":78,"column":17},"end":{"line":87,"column":4}},"7":{"start":{"line":90,"column":29},"end":{"line":90,"column":70}},"8":{"start":{"line":92,"column":25},"end":{"line":95,"column":3}},"9":{"start":{"line":97,"column":2},"end":{"line":109,"column":4}},"10":{"start":{"line":112,"column":19},"end":{"line":122,"column":1}},"11":{"start":{"line":113,"column":2},"end":{"line":121,"column":9}}},"fnMap":{"0":{"name":"(anonymous_0)","decl":{"start":{"line":46,"column":15},"end":{"line":46,"column":16}},"loc":{"start":{"line":46,"column":39},"end":{"line":63,"column":1}},"line":46},"1":{"name":"(anonymous_1)","decl":{"start":{"line":65,"column":21},"end":{"line":65,"column":22}},"loc":{"start":{"line":66,"column":2},"end":{"line":74,"column":21}},"line":66},"2":{"name":"(anonymous_2)","decl":{"start":{"line":68,"column":13},"end":{"line":68,"column":14}},"loc":{"start":{"line":68,"column":19},"end":{"line":70,"column":5}},"line":68},"3":{"name":"(anonymous_3)","decl":{"start":{"line":77,"column":20},"end":{"line":77,"column":21}},"loc":{"start":{"line":77,"column":75},"end":{"line":110,"column":1}},"line":77},"4":{"name":"(anonymous_4)","decl":{"start":{"line":112,"column":19},"end":{"line":112,"column":20}},"loc":{"start":{"line":113,"column":2},"end":{"line":121,"column":9}},"line":113}},"branchMap":{"0":{"loc":{"start":{"line":51,"column":11},"end":{"line":58,"column":11}},"type":"cond-expr","locations":[{"start":{"line":52,"column":12},"end":{"line":52,"column":60}},{"start":{"line":54,"column":12},"end":{"line":57,"column":15}}],"line":51},"1":{"loc":{"start":{"line":69,"column":6},"end":{"line":69,"column":46}},"type":"cond-expr","locations":[{"start":{"line":69,"column":30},"end":{"line":69,"column":34}},{"start":{"line":69,"column":37},"end":{"line":69,"column":46}}],"line":69},"2":{"loc":{"start":{"line":104,"column":8},"end":{"line":104,"column":69}},"type":"cond-expr","locations":[{"start":{"line":104,"column":22},"end":{"line":104,"column":39}},{"start":{"line":104,"column":42},"end":{"line":104,"column":69}}],"line":104},"3":{"loc":{"start":{"line":116,"column":6},"end":{"line":116,"column":51}},"type":"cond-expr","locations":[{"start":{"line":116,"column":26},"end":{"line":116,"column":30}},{"start":{"line":116,"column":33},"end":{"line":116,"column":51}}],"line":116}},"s":{"0":46,"1":50,"2":46,"3":50,"4":8,"5":46,"6":50,"7":50,"8":50,"9":50,"10":46,"11":50},"f":{"0":50,"1":50,"2":8,"3":50,"4":50},"b":{"0":[0,50],"1":[0,8],"2":[49,1],"3":[50,0]},"_coverageSchema":"1a1c01bbd47fc00a2c39e90264f33305004495a9","hash":"927ec389dd1257fbb6d8d1de4963215ffa001864"}
,"C:\\Users\\charn\\Desktop\\SEG-Habitopia\\src\\components\\Button\\index.ts": {"path":"C:\\Users\\charn\\Desktop\\SEG-Habitopia\\src\\components\\Button\\index.ts","statementMap":{},"fnMap":{},"branchMap":{},"s":{},"f":{},"b":{},"_coverageSchema":"1a1c01bbd47fc00a2c39e90264f33305004495a9","hash":"419da06f3f8b9725052f2cdb92af8329d9a73b39"}
,"C:\\Users\\charn\\Desktop\\SEG-Habitopia\\src\\components\\Card\\Card.tsx": {"path":"C:\\Users\\charn\\Desktop\\SEG-Habitopia\\src\\components\\Card\\Card.tsx","statementMap":{"0":{"start":{"line":24,"column":13},"end":{"line":59,"column":1}},"1":{"start":{"line":25,"column":30},"end":{"line":25,"column":74}},"2":{"start":{"line":26,"column":29},"end":{"line":29,"column":3}},"3":{"start":{"line":31,"column":17},"end":{"line":36,"column":4}},"4":{"start":{"line":38,"column":2},"end":{"line":58,"column":4}}},"fnMap":{"0":{"name":"(anonymous_0)","decl":{"start":{"line":24,"column":13},"end":{"line":24,"column":14}},"loc":{"start":{"line":24,"column":67},"end":{"line":59,"column":1}},"line":24}},"branchMap":{"0":{"loc":{"start":{"line":49,"column":10},"end":{"line":50,"column":68}},"type":"binary-expr","locations":[{"start":{"line":49,"column":10},"end":{"line":49,"column":33}},{"start":{"line":50,"column":10},"end":{"line":50,"column":68}}],"line":49}},"s":{"0":5,"1":16,"2":16,"3":16,"4":16},"f":{"0":16},"b":{"0":[16,1]},"_coverageSchema":"1a1c01bbd47fc00a2c39e90264f33305004495a9","hash":"288e7020e6695ae28e0d7e3aa5894e0eaa6928ae"}
,"C:\\Users\\charn\\Desktop\\SEG-Habitopia\\src\\components\\Card\\index.ts": {"path":"C:\\Users\\charn\\Desktop\\SEG-Habitopia\\src\\components\\Card\\index.ts","statementMap":{},"fnMap":{},"branchMap":{},"s":{},"f":{},"b":{},"_coverageSchema":"1a1c01bbd47fc00a2c39e90264f33305004495a9","hash":"060cf6e5b274a34e4276737d8c078e44649e03f4"}
,"C:\\Users\\charn\\Desktop\\SEG-Habitopia\\src\\components\\PaddedContainer\\PaddedContainer.tsx": {"path":"C:\\Users\\charn\\Desktop\\SEG-Habitopia\\src\\components\\PaddedContainer\\PaddedContainer.tsx","statementMap":{"0":{"start":{"line":15,"column":24},"end":{"line":23,"column":1}},"1":{"start":{"line":16,"column":18},"end":{"line":16,"column":20}},"2":{"start":{"line":18,"column":2},"end":{"line":22,"column":4}}},"fnMap":{"0":{"name":"(anonymous_0)","decl":{"start":{"line":15,"column":24},"end":{"line":15,"column":25}},"loc":{"start":{"line":15,"column":57},"end":{"line":23,"column":1}},"line":15}},"branchMap":{},"s":{"0":17,"1":13,"2":13},"f":{"0":13},"b":{},"_coverageSchema":"1a1c01bbd47fc00a2c39e90264f33305004495a9","hash":"e58d399b78e37b3a6a8c59e0a73d23eb6670ebc9"}
,"C:\\Users\\charn\\Desktop\\SEG-Habitopia\\src\\components\\PaddedContainer\\index.ts": {"path":"C:\\Users\\charn\\Desktop\\SEG-Habitopia\\src\\components\\PaddedContainer\\index.ts","statementMap":{},"fnMap":{},"branchMap":{},"s":{},"f":{},"b":{},"_coverageSchema":"1a1c01bbd47fc00a2c39e90264f33305004495a9","hash":"ce53993763ebbbe20755a6ff569da1a0703761d6"}
,"C:\\Users\\charn\\Desktop\\SEG-Habitopia\\src\\components\\SafeAreaContainer\\SafeAreaContainer.tsx": {"path":"C:\\Users\\charn\\Desktop\\SEG-Habitopia\\src\\components\\SafeAreaContainer\\SafeAreaContainer.tsx","statementMap":{"0":{"start":{"line":22,"column":26},"end":{"line":39,"column":1}},"1":{"start":{"line":23,"column":17},"end":{"line":23,"column":36}},"2":{"start":{"line":25,"column":17},"end":{"line":32,"column":4}},"3":{"start":{"line":34,"column":2},"end":{"line":38,"column":4}}},"fnMap":{"0":{"name":"(anonymous_0)","decl":{"start":{"line":22,"column":26},"end":{"line":22,"column":27}},"loc":{"start":{"line":22,"column":61},"end":{"line":39,"column":1}},"line":22}},"branchMap":{},"s":{"0":1,"1":0,"2":0,"3":0},"f":{"0":0},"b":{},"_coverageSchema":"1a1c01bbd47fc00a2c39e90264f33305004495a9","hash":"a3dd4b896dc147089b14eca42b2b00cbb0ce8b95"}
,"C:\\Users\\charn\\Desktop\\SEG-Habitopia\\src\\components\\SafeAreaContainer\\index.ts": {"path":"C:\\Users\\charn\\Desktop\\SEG-Habitopia\\src\\components\\SafeAreaContainer\\index.ts","statementMap":{},"fnMap":{},"branchMap":{},"s":{},"f":{},"b":{},"_coverageSchema":"1a1c01bbd47fc00a2c39e90264f33305004495a9","hash":"2835bf2cfc6a828f1447a52b91c5ce70cfcdd2f8"}
,"C:\\Users\\charn\\Desktop\\SEG-Habitopia\\src\\components\\StatusContainer\\StatusContainer.tsx": {"path":"C:\\Users\\charn\\Desktop\\SEG-Habitopia\\src\\components\\StatusContainer\\StatusContainer.tsx","statementMap":{"0":{"start":{"line":22,"column":24},"end":{"line":52,"column":1}},"1":{"start":{"line":23,"column":60},"end":{"line":23,"column":65}},"2":{"start":{"line":25,"column":30},"end":{"line":44,"column":3}},"3":{"start":{"line":26,"column":4},"end":{"line":43,"column":5}},"4":{"start":{"line":27,"column":6},"end":{"line":27,"column":66}},"5":{"start":{"line":28,"column":11},"end":{"line":43,"column":5}},"6":{"start":{"line":29,"column":6},"end":{"line":34,"column":8}},"7":{"start":{"line":35,"column":11},"end":{"line":43,"column":5}},"8":{"start":{"line":36,"column":6},"end":{"line":42,"column":7}},"9":{"start":{"line":37,"column":8},"end":{"line":37,"column":29}},"10":{"start":{"line":39,"column":8},"end":{"line":41,"column":10}},"11":{"start":{"line":46,"column":2},"end":{"line":51,"column":4}}},"fnMap":{"0":{"name":"(anonymous_0)","decl":{"start":{"line":22,"column":24},"end":{"line":22,"column":25}},"loc":{"start":{"line":22,"column":42},"end":{"line":52,"column":1}},"line":22},"1":{"name":"(anonymous_1)","decl":{"start":{"line":25,"column":30},"end":{"line":25,"column":31}},"loc":{"start":{"line":25,"column":36},"end":{"line":44,"column":3}},"line":25}},"branchMap":{"0":{"loc":{"start":{"line":26,"column":4},"end":{"line":43,"column":5}},"type":"if","locations":[{"start":{"line":26,"column":4},"end":{"line":43,"column":5}},{"start":{"line":28,"column":11},"end":{"line":43,"column":5}}],"line":26},"1":{"loc":{"start":{"line":28,"column":11},"end":{"line":43,"column":5}},"type":"if","locations":[{"start":{"line":28,"column":11},"end":{"line":43,"column":5}},{"start":{"line":35,"column":11},"end":{"line":43,"column":5}}],"line":28},"2":{"loc":{"start":{"line":28,"column":15},"end":{"line":28,"column":40}},"type":"binary-expr","locations":[{"start":{"line":28,"column":15},"end":{"line":28,"column":20}},{"start":{"line":28,"column":24},"end":{"line":28,"column":40}}],"line":28},"3":{"loc":{"start":{"line":35,"column":11},"end":{"line":43,"column":5}},"type":"if","locations":[{"start":{"line":35,"column":11},"end":{"line":43,"column":5}},{"start":{},"end":{}}],"line":35},"4":{"loc":{"start":{"line":35,"column":15},"end":{"line":35,"column":63}},"type":"binary-expr","locations":[{"start":{"line":35,"column":15},"end":{"line":35,"column":19}},{"start":{"line":35,"column":23},"end":{"line":35,"column":42}},{"start":{"line":35,"column":46},"end":{"line":35,"column":63}}],"line":35},"5":{"loc":{"start":{"line":36,"column":6},"end":{"line":42,"column":7}},"type":"if","locations":[{"start":{"line":36,"column":6},"end":{"line":42,"column":7}},{"start":{"line":38,"column":13},"end":{"line":42,"column":7}}],"line":36},"6":{"loc":{"start":{"line":48,"column":7},"end":{"line":48,"column":23}},"type":"binary-expr","locations":[{"start":{"line":48,"column":7},"end":{"line":48,"column":11}},{"start":{"line":48,"column":15},"end":{"line":48,"column":23}}],"line":48}},"s":{"0":33,"1":14,"2":13,"3":13,"4":0,"5":13,"6":0,"7":13,"8":1,"9":0,"10":1,"11":13},"f":{"0":14,"1":13},"b":{"0":[0,13],"1":[0,13],"2":[13,0],"3":[1,12],"4":[13,11,9],"5":[0,1],"6":[13,11]},"_coverageSchema":"1a1c01bbd47fc00a2c39e90264f33305004495a9","hash":"9955b54c38ab601af4d4a589cd6d0176d15549a2"}
,"C:\\Users\\charn\\Desktop\\SEG-Habitopia\\src\\components\\StatusContainer\\StatusIcon.tsx": {"path":"C:\\Users\\charn\\Desktop\\SEG-Habitopia\\src\\components\\StatusContainer\\StatusIcon.tsx","statementMap":{"0":{"start":{"line":9,"column":19},"end":{"line":20,"column":1}},"1":{"start":{"line":10,"column":26},"end":{"line":10,"column":31}},"2":{"start":{"line":12,"column":2},"end":{"line":19,"column":4}}},"fnMap":{"0":{"name":"(anonymous_0)","decl":{"start":{"line":9,"column":19},"end":{"line":9,"column":20}},"loc":{"start":{"line":9,"column":37},"end":{"line":20,"column":1}},"line":9}},"branchMap":{},"s":{"0":33,"1":1,"2":1},"f":{"0":1},"b":{},"_coverageSchema":"1a1c01bbd47fc00a2c39e90264f33305004495a9","hash":"9db65fe1a53152ece54e42d9071def214152db20"}
,"C:\\Users\\charn\\Desktop\\SEG-Habitopia\\src\\components\\Text\\Text.tsx": {"path":"C:\\Users\\charn\\Desktop\\SEG-Habitopia\\src\\components\\Text\\Text.tsx","statementMap":{"0":{"start":{"line":32,"column":13},"end":{"line":128,"column":1}},"1":{"start":{"line":33,"column":40},"end":{"line":33,"column":55}},"2":{"start":{"line":35,"column":20},"end":{"line":48,"column":3}},"3":{"start":{"line":36,"column":4},"end":{"line":43,"column":5}},"4":{"start":{"line":37,"column":6},"end":{"line":40,"column":9}},"5":{"start":{"line":42,"column":6},"end":{"line":42,"column":25}},"6":{"start":{"line":45,"column":4},"end":{"line":47,"column":7}},"7":{"start":{"line":46,"column":6},"end":{"line":46,"column":27}},"8":{"start":{"line":50,"column":2},"end":{"line":58,"column":9}},"9":{"start":{"line":52,"column":6},"end":{"line":52,"column":24}},"10":{"start":{"line":53,"column":6},"end":{"line":55,"column":9}},"11":{"start":{"line":54,"column":8},"end":{"line":54,"column":29}},"12":{"start":{"line":57,"column":4},"end":{"line":57,"column":14}},"13":{"start":{"line":60,"column":2},"end":{"line":71,"column":20}},"14":{"start":{"line":62,"column":6},"end":{"line":68,"column":7}},"15":{"start":{"line":63,"column":8},"end":{"line":67,"column":9}},"16":{"start":{"line":64,"column":10},"end":{"line":64,"column":41}},"17":{"start":{"line":66,"column":10},"end":{"line":66,"column":29}},"18":{"start":{"line":70,"column":4},"end":{"line":70,"column":23}},"19":{"start":{"line":73,"column":2},"end":{"line":73,"column":49}},"20":{"start":{"line":73,"column":25},"end":{"line":73,"column":49}},"21":{"start":{"line":75,"column":26},"end":{"line":77,"column":41}},"22":{"start":{"line":79,"column":17},"end":{"line":121,"column":4}},"23":{"start":{"line":123,"column":2},"end":{"line":127,"column":4}}},"fnMap":{"0":{"name":"(anonymous_0)","decl":{"start":{"line":32,"column":13},"end":{"line":32,"column":14}},"loc":{"start":{"line":32,"column":62},"end":{"line":128,"column":1}},"line":32},"1":{"name":"(anonymous_1)","decl":{"start":{"line":35,"column":20},"end":{"line":35,"column":21}},"loc":{"start":{"line":35,"column":32},"end":{"line":48,"column":3}},"line":35},"2":{"name":"(anonymous_2)","decl":{"start":{"line":45,"column":8},"end":{"line":45,"column":9}},"loc":{"start":{"line":45,"column":14},"end":{"line":47,"column":5}},"line":45},"3":{"name":"(anonymous_3)","decl":{"start":{"line":50,"column":12},"end":{"line":50,"column":13}},"loc":{"start":{"line":50,"column":18},"end":{"line":58,"column":3}},"line":50},"4":{"name":"loading","decl":{"start":{"line":51,"column":19},"end":{"line":51,"column":26}},"loc":{"start":{"line":51,"column":29},"end":{"line":56,"column":5}},"line":51},"5":{"name":"(anonymous_5)","decl":{"start":{"line":53,"column":10},"end":{"line":53,"column":11}},"loc":{"start":{"line":53,"column":16},"end":{"line":55,"column":7}},"line":53},"6":{"name":"(anonymous_6)","decl":{"start":{"line":60,"column":12},"end":{"line":60,"column":13}},"loc":{"start":{"line":60,"column":18},"end":{"line":71,"column":3}},"line":60},"7":{"name":"hideSplashScreen","decl":{"start":{"line":61,"column":19},"end":{"line":61,"column":35}},"loc":{"start":{"line":61,"column":38},"end":{"line":69,"column":5}},"line":61}},"branchMap":{"0":{"loc":{"start":{"line":62,"column":6},"end":{"line":68,"column":7}},"type":"if","locations":[{"start":{"line":62,"column":6},"end":{"line":68,"column":7}},{"start":{},"end":{}}],"line":62},"1":{"loc":{"start":{"line":73,"column":2},"end":{"line":73,"column":49}},"type":"if","locations":[{"start":{"line":73,"column":2},"end":{"line":73,"column":49}},{"start":{},"end":{}}],"line":73},"2":{"loc":{"start":{"line":82,"column":8},"end":{"line":83,"column":73}},"type":"binary-expr","locations":[{"start":{"line":82,"column":8},"end":{"line":82,"column":13}},{"start":{"line":83,"column":8},"end":{"line":83,"column":73}}],"line":82},"3":{"loc":{"start":{"line":87,"column":18},"end":{"line":87,"column":59}},"type":"cond-expr","locations":[{"start":{"line":87,"column":32},"end":{"line":87,"column":47}},{"start":{"line":87,"column":50},"end":{"line":87,"column":59}}],"line":87},"4":{"loc":{"start":{"line":91,"column":18},"end":{"line":91,"column":58}},"type":"cond-expr","locations":[{"start":{"line":91,"column":32},"end":{"line":91,"column":46}},{"start":{"line":91,"column":49},"end":{"line":91,"column":58}}],"line":91},"5":{"loc":{"start":{"line":95,"column":18},"end":{"line":95,"column":59}},"type":"cond-expr","locations":[{"start":{"line":95,"column":32},"end":{"line":95,"column":47}},{"start":{"line":95,"column":50},"end":{"line":95,"column":59}}],"line":95},"6":{"loc":{"start":{"line":99,"column":18},"end":{"line":99,"column":59}},"type":"cond-expr","locations":[{"start":{"line":99,"column":32},"end":{"line":99,"column":47}},{"start":{"line":99,"column":50},"end":{"line":99,"column":59}}],"line":99},"7":{"loc":{"start":{"line":104,"column":8},"end":{"line":105,"column":73}},"type":"binary-expr","locations":[{"start":{"line":104,"column":8},"end":{"line":104,"column":13}},{"start":{"line":105,"column":8},"end":{"line":105,"column":73}}],"line":104},"8":{"loc":{"start":{"line":106,"column":18},"end":{"line":106,"column":59}},"type":"cond-expr","locations":[{"start":{"line":106,"column":32},"end":{"line":106,"column":47}},{"start":{"line":106,"column":50},"end":{"line":106,"column":59}}],"line":106},"9":{"loc":{"start":{"line":110,"column":18},"end":{"line":110,"column":58}},"type":"cond-expr","locations":[{"start":{"line":110,"column":32},"end":{"line":110,"column":46}},{"start":{"line":110,"column":49},"end":{"line":110,"column":58}}],"line":110},"10":{"loc":{"start":{"line":114,"column":18},"end":{"line":114,"column":58}},"type":"cond-expr","locations":[{"start":{"line":114,"column":32},"end":{"line":114,"column":46}},{"start":{"line":114,"column":49},"end":{"line":114,"column":58}}],"line":114},"11":{"loc":{"start":{"line":119,"column":18},"end":{"line":119,"column":59}},"type":"cond-expr","locations":[{"start":{"line":119,"column":32},"end":{"line":119,"column":47}},{"start":{"line":119,"column":50},"end":{"line":119,"column":59}}],"line":119}},"s":{"0":50,"1":565,"2":565,"3":216,"4":216,"5":0,"6":216,"7":216,"8":565,"9":216,"10":216,"11":216,"12":216,"13":565,"14":428,"15":212,"16":212,"17":0,"18":428,"19":565,"20":0,"21":565,"22":565,"23":565},"f":{"0":565,"1":216,"2":216,"3":216,"4":216,"5":216,"6":428,"7":428},"b":{"0":[212,216],"1":[0,565],"2":[565,350],"3":[349,216],"4":[349,216],"5":[349,216],"6":[349,216],"7":[565,350],"8":[349,216],"9":[349,216],"10":[349,216],"11":[349,216]},"_coverageSchema":"1a1c01bbd47fc00a2c39e90264f33305004495a9","hash":"fbe9826381e52316cd92631fe8d2b75d59cd3216"}
,"C:\\Users\\charn\\Desktop\\SEG-Habitopia\\src\\components\\Text\\index.tsx": {"path":"C:\\Users\\charn\\Desktop\\SEG-Habitopia\\src\\components\\Text\\index.tsx","statementMap":{},"fnMap":{},"branchMap":{},"s":{},"f":{},"b":{},"_coverageSchema":"1a1c01bbd47fc00a2c39e90264f33305004495a9","hash":"c8be5c91e81a3abb6592a310866ef06dfe4e6382"}
,"C:\\Users\\charn\\Desktop\\SEG-Habitopia\\src\\components\\UserList\\UserList.tsx": {"path":"C:\\Users\\charn\\Desktop\\SEG-Habitopia\\src\\components\\UserList\\UserList.tsx","statementMap":{"0":{"start":{"line":10,"column":17},"end":{"line":18,"column":1}},"1":{"start":{"line":11,"column":20},"end":{"line":11,"column":25}},"2":{"start":{"line":13,"column":2},"end":{"line":17,"column":4}},"3":{"start":{"line":15,"column":39},"end":{"line":15,"column":71}}},"fnMap":{"0":{"name":"(anonymous_0)","decl":{"start":{"line":10,"column":17},"end":{"line":10,"column":18}},"loc":{"start":{"line":10,"column":35},"end":{"line":18,"column":1}},"line":10},"1":{"name":"(anonymous_1)","decl":{"start":{"line":15,"column":26},"end":{"line":15,"column":27}},"loc":{"start":{"line":15,"column":39},"end":{"line":15,"column":71}},"line":15}},"branchMap":{"0":{"loc":{"start":{"line":15,"column":7},"end":{"line":15,"column":72}},"type":"binary-expr","locations":[{"start":{"line":15,"column":7},"end":{"line":15,"column":12}},{"start":{"line":15,"column":16},"end":{"line":15,"column":72}}],"line":15}},"s":{"0":1,"1":0,"2":0,"3":0},"f":{"0":0,"1":0},"b":{"0":[0,0]},"_coverageSchema":"1a1c01bbd47fc00a2c39e90264f33305004495a9","hash":"db7b5e2aa8b1109acaa3e2b172d7392636a42443"}
,"C:\\Users\\charn\\Desktop\\SEG-Habitopia\\src\\components\\UserList\\UserCard\\UserCard.tsx": {"path":"C:\\Users\\charn\\Desktop\\SEG-Habitopia\\src\\components\\UserList\\UserCard\\UserCard.tsx","statementMap":{"0":{"start":{"line":16,"column":17},"end":{"line":48,"column":1}},"1":{"start":{"line":17,"column":19},"end":{"line":17,"column":24}},"2":{"start":{"line":18,"column":27},"end":{"line":18,"column":31}},"3":{"start":{"line":21,"column":4},"end":{"line":21,"column":64}},"4":{"start":{"line":23,"column":29},"end":{"line":25,"column":3}},"5":{"start":{"line":24,"column":4},"end":{"line":24,"column":51}},"6":{"start":{"line":27,"column":2},"end":{"line":47,"column":4}}},"fnMap":{"0":{"name":"(anonymous_0)","decl":{"start":{"line":16,"column":17},"end":{"line":16,"column":18}},"loc":{"start":{"line":16,"column":35},"end":{"line":48,"column":1}},"line":16},"1":{"name":"(anonymous_1)","decl":{"start":{"line":23,"column":29},"end":{"line":23,"column":30}},"loc":{"start":{"line":23,"column":35},"end":{"line":25,"column":3}},"line":23}},"branchMap":{},"s":{"0":1,"1":0,"2":0,"3":0,"4":0,"5":0,"6":0},"f":{"0":0,"1":0},"b":{},"_coverageSchema":"1a1c01bbd47fc00a2c39e90264f33305004495a9","hash":"ebe55fe3faa0c1689a1f73795d89b07aff11127d"}
,"C:\\Users\\charn\\Desktop\\SEG-Habitopia\\src\\features\\constants.tsx": {"path":"C:\\Users\\charn\\Desktop\\SEG-Habitopia\\src\\features\\constants.tsx","statementMap":{"0":{"start":{"line":3,"column":36},"end":{"line":3,"column":70}},"1":{"start":{"line":4,"column":35},"end":{"line":4,"column":57}},"2":{"start":{"line":5,"column":39},"end":{"line":5,"column":40}},"3":{"start":{"line":6,"column":32},"end":{"line":6,"column":54}},"4":{"start":{"line":7,"column":32},"end":{"line":7,"column":33}},"5":{"start":{"line":8,"column":32},"end":{"line":8,"column":53}},"6":{"start":{"line":9,"column":39},"end":{"line":9,"column":68}},"7":{"start":{"line":10,"column":39},"end":{"line":14,"column":1}},"8":{"start":{"line":11,"column":2},"end":{"line":13,"column":27}},"9":{"start":{"line":15,"column":34},"end":{"line":15,"column":55}},"10":{"start":{"line":16,"column":40},"end":{"line":16,"column":43}},"11":{"start":{"line":17,"column":33},"end":{"line":17,"column":71}}},"fnMap":{"0":{"name":"(anonymous_0)","decl":{"start":{"line":10,"column":39},"end":{"line":10,"column":40}},"loc":{"start":{"line":10,"column":68},"end":{"line":14,"column":1}},"line":10}},"branchMap":{},"s":{"0":31,"1":31,"2":31,"3":31,"4":31,"5":31,"6":31,"7":31,"8":0,"9":31,"10":31,"11":31},"f":{"0":0},"b":{},"_coverageSchema":"1a1c01bbd47fc00a2c39e90264f33305004495a9","hash":"2186f6ef238ec779c69fe26f160771173d168b16"}
,"C:\\Users\\charn\\Desktop\\SEG-Habitopia\\src\\features\\auth\\SelectInstagramForm.tsx": {"path":"C:\\Users\\charn\\Desktop\\SEG-Habitopia\\src\\features\\auth\\SelectInstagramForm.tsx","statementMap":{"0":{"start":{"line":18,"column":28},"end":{"line":64,"column":1}},"1":{"start":{"line":19,"column":36},"end":{"line":23,"column":4}},"2":{"start":{"line":25,"column":19},"end":{"line":25,"column":32}},"3":{"start":{"line":27,"column":21},"end":{"line":27,"column":64}},"4":{"start":{"line":29,"column":19},"end":{"line":31,"column":3}},"5":{"start":{"line":30,"column":4},"end":{"line":30,"column":34}},"6":{"start":{"line":33,"column":2},"end":{"line":63,"column":4}},"7":{"start":{"line":41,"column":10},"end":{"line":46,"column":12}},"8":{"start":{"line":52,"column":10},"end":{"line":52,"column":33}},"9":{"start":{"line":53,"column":10},"end":{"line":53,"column":50}}},"fnMap":{"0":{"name":"(anonymous_0)","decl":{"start":{"line":18,"column":28},"end":{"line":18,"column":29}},"loc":{"start":{"line":18,"column":34},"end":{"line":64,"column":1}},"line":18},"1":{"name":"(anonymous_1)","decl":{"start":{"line":29,"column":19},"end":{"line":29,"column":20}},"loc":{"start":{"line":29,"column":45},"end":{"line":31,"column":3}},"line":29},"2":{"name":"(anonymous_2)","decl":{"start":{"line":40,"column":16},"end":{"line":40,"column":17}},"loc":{"start":{"line":41,"column":10},"end":{"line":46,"column":12}},"line":41},"3":{"name":"(anonymous_3)","decl":{"start":{"line":51,"column":17},"end":{"line":51,"column":18}},"loc":{"start":{"line":51,"column":23},"end":{"line":54,"column":9}},"line":51}},"branchMap":{},"s":{"0":1,"1":1,"2":1,"3":1,"4":1,"5":0,"6":1,"7":1,"8":0,"9":0},"f":{"0":1,"1":0,"2":1,"3":0},"b":{},"_coverageSchema":"1a1c01bbd47fc00a2c39e90264f33305004495a9","hash":"37ca8eeddc93e76ced239f3df6457ea91b9b4cda"}
,"C:\\Users\\charn\\Desktop\\SEG-Habitopia\\src\\features\\auth\\authQueries.ts": {"path":"C:\\Users\\charn\\Desktop\\SEG-Habitopia\\src\\features\\auth\\authQueries.ts","statementMap":{"0":{"start":{"line":7,"column":36},"end":{"line":24,"column":1}},"1":{"start":{"line":12,"column":20},"end":{"line":12,"column":77}},"2":{"start":{"line":12,"column":58},"end":{"line":12,"column":76}},"3":{"start":{"line":13,"column":2},"end":{"line":23,"column":3}},"4":{"start":{"line":14,"column":4},"end":{"line":22,"column":5}},"5":{"start":{"line":15,"column":36},"end":{"line":15,"column":76}},"6":{"start":{"line":16,"column":6},"end":{"line":19,"column":9}},"7":{"start":{"line":21,"column":6},"end":{"line":21,"column":25}}},"fnMap":{"0":{"name":"(anonymous_0)","decl":{"start":{"line":7,"column":36},"end":{"line":7,"column":37}},"loc":{"start":{"line":11,"column":5},"end":{"line":24,"column":1}},"line":11},"1":{"name":"(anonymous_1)","decl":{"start":{"line":12,"column":48},"end":{"line":12,"column":49}},"loc":{"start":{"line":12,"column":58},"end":{"line":12,"column":76}},"line":12}},"branchMap":{"0":{"loc":{"start":{"line":13,"column":2},"end":{"line":23,"column":3}},"type":"if","locations":[{"start":{"line":13,"column":2},"end":{"line":23,"column":3}},{"start":{},"end":{}}],"line":13}},"s":{"0":21,"1":0,"2":0,"3":0,"4":0,"5":0,"6":0,"7":0},"f":{"0":0,"1":0},"b":{"0":[0,0]},"_coverageSchema":"1a1c01bbd47fc00a2c39e90264f33305004495a9","hash":"901585926577f6043c569baa7093fced9ef6e996"}
,"C:\\Users\\charn\\Desktop\\SEG-Habitopia\\src\\features\\auth\\authSlice.ts": {"path":"C:\\Users\\charn\\Desktop\\SEG-Habitopia\\src\\features\\auth\\authSlice.ts","statementMap":{"0":{"start":{"line":27,"column":26},"end":{"line":45,"column":1}},"1":{"start":{"line":30,"column":4},"end":{"line":43,"column":5}},"2":{"start":{"line":31,"column":20},"end":{"line":31,"column":52}},"3":{"start":{"line":32,"column":40},"end":{"line":32,"column":61}},"4":{"start":{"line":33,"column":6},"end":{"line":39,"column":9}},"5":{"start":{"line":41,"column":22},"end":{"line":41,"column":35}},"6":{"start":{"line":42,"column":6},"end":{"line":42,"column":47}},"7":{"start":{"line":48,"column":36},"end":{"line":64,"column":2}},"8":{"start":{"line":53,"column":2},"end":{"line":63,"column":3}},"9":{"start":{"line":54,"column":18},"end":{"line":54,"column":50}},"10":{"start":{"line":55,"column":56},"end":{"line":55,"column":77}},"11":{"start":{"line":56,"column":4},"end":{"line":56,"column":54}},"12":{"start":{"line":57,"column":17},"end":{"line":57,"column":57}},"13":{"start":{"line":58,"column":4},"end":{"line":58,"column":29}},"14":{"start":{"line":60,"column":20},"end":{"line":60,"column":33}},"15":{"start":{"line":61,"column":4},"end":{"line":61,"column":23}},"16":{"start":{"line":62,"column":4},"end":{"line":62,"column":45}},"17":{"start":{"line":67,"column":28},"end":{"line":85,"column":1}},"18":{"start":{"line":68,"column":21},"end":{"line":68,"column":23}},"19":{"start":{"line":70,"column":2},"end":{"line":80,"column":3}},"20":{"start":{"line":71,"column":4},"end":{"line":71,"column":70}},"21":{"start":{"line":72,"column":9},"end":{"line":80,"column":3}},"22":{"start":{"line":73,"column":4},"end":{"line":74,"column":72}},"23":{"start":{"line":75,"column":9},"end":{"line":80,"column":3}},"24":{"start":{"line":76,"column":4},"end":{"line":76,"column":49}},"25":{"start":{"line":78,"column":4},"end":{"line":78,"column":33}},"26":{"start":{"line":79,"column":4},"end":{"line":79,"column":30}},"27":{"start":{"line":81,"column":2},"end":{"line":84,"column":5}},"28":{"start":{"line":88,"column":30},"end":{"line":108,"column":1}},"29":{"start":{"line":89,"column":2},"end":{"line":95,"column":3}},"30":{"start":{"line":90,"column":4},"end":{"line":93,"column":7}},"31":{"start":{"line":94,"column":4},"end":{"line":94,"column":11}},"32":{"start":{"line":97,"column":2},"end":{"line":107,"column":46}},"33":{"start":{"line":99,"column":6},"end":{"line":99,"column":62}},"34":{"start":{"line":102,"column":6},"end":{"line":105,"column":8}},"35":{"start":{"line":107,"column":20},"end":{"line":107,"column":44}},"36":{"start":{"line":111,"column":20},"end":{"line":121,"column":1}},"37":{"start":{"line":112,"column":44},"end":{"line":112,"column":78}},"38":{"start":{"line":113,"column":15},"end":{"line":116,"column":3}},"39":{"start":{"line":118,"column":2},"end":{"line":118,"column":59}},"40":{"start":{"line":119,"column":2},"end":{"line":119,"column":58}},"41":{"start":{"line":120,"column":2},"end":{"line":120,"column":14}},"42":{"start":{"line":124,"column":25},"end":{"line":144,"column":2}},"43":{"start":{"line":129,"column":2},"end":{"line":143,"column":3}},"44":{"start":{"line":130,"column":18},"end":{"line":130,"column":50}},"45":{"start":{"line":131,"column":32},"end":{"line":131,"column":52}},"46":{"start":{"line":132,"column":17},"end":{"line":132,"column":51}},"47":{"start":{"line":134,"column":4},"end":{"line":137,"column":7}},"48":{"start":{"line":139,"column":4},"end":{"line":139,"column":29}},"49":{"start":{"line":141,"column":4},"end":{"line":141,"column":31}},"50":{"start":{"line":142,"column":4},"end":{"line":142,"column":60}},"51":{"start":{"line":147,"column":36},"end":{"line":164,"column":2}},"52":{"start":{"line":152,"column":15},"end":{"line":152,"column":49}},"53":{"start":{"line":154,"column":2},"end":{"line":163,"column":3}},"54":{"start":{"line":155,"column":4},"end":{"line":159,"column":7}},"55":{"start":{"line":160,"column":4},"end":{"line":160,"column":41}},"56":{"start":{"line":162,"column":4},"end":{"line":162,"column":59}},"57":{"start":{"line":167,"column":26},"end":{"line":178,"column":2}},"58":{"start":{"line":168,"column":2},"end":{"line":168,"column":40}},"59":{"start":{"line":169,"column":2},"end":{"line":169,"column":25}},"60":{"start":{"line":170,"column":2},"end":{"line":170,"column":26}},"61":{"start":{"line":171,"column":2},"end":{"line":171,"column":26}},"62":{"start":{"line":172,"column":2},"end":{"line":175,"column":5}},"63":{"start":{"line":177,"column":2},"end":{"line":177,"column":19}},"64":{"start":{"line":180,"column":32},"end":{"line":186,"column":1}},"65":{"start":{"line":188,"column":30},"end":{"line":190,"column":1}},"66":{"start":{"line":189,"column":2},"end":{"line":189,"column":23}},"67":{"start":{"line":192,"column":32},"end":{"line":199,"column":1}},"68":{"start":{"line":196,"column":2},"end":{"line":196,"column":24}},"69":{"start":{"line":197,"column":2},"end":{"line":197,"column":30}},"70":{"start":{"line":198,"column":2},"end":{"line":198,"column":19}},"71":{"start":{"line":201,"column":31},"end":{"line":205,"column":1}},"72":{"start":{"line":202,"column":2},"end":{"line":202,"column":24}},"73":{"start":{"line":203,"column":2},"end":{"line":203,"column":25}},"74":{"start":{"line":204,"column":2},"end":{"line":204,"column":31}},"75":{"start":{"line":207,"column":25},"end":{"line":236,"column":2}},"76":{"start":{"line":212,"column":6},"end":{"line":212,"column":68}},"77":{"start":{"line":215,"column":6},"end":{"line":215,"column":66}},"78":{"start":{"line":219,"column":4},"end":{"line":219,"column":62}},"79":{"start":{"line":220,"column":4},"end":{"line":220,"column":66}},"80":{"start":{"line":221,"column":4},"end":{"line":221,"column":64}},"81":{"start":{"line":222,"column":4},"end":{"line":222,"column":73}},"82":{"start":{"line":223,"column":4},"end":{"line":223,"column":77}},"83":{"start":{"line":224,"column":4},"end":{"line":224,"column":75}},"84":{"start":{"line":225,"column":4},"end":{"line":225,"column":73}},"85":{"start":{"line":226,"column":4},"end":{"line":226,"column":77}},"86":{"start":{"line":227,"column":4},"end":{"line":227,"column":75}},"87":{"start":{"line":228,"column":4},"end":{"line":230,"column":7}},"88":{"start":{"line":229,"column":6},"end":{"line":229,"column":27}},"89":{"start":{"line":231,"column":4},"end":{"line":234,"column":7}},"90":{"start":{"line":232,"column":6},"end":{"line":232,"column":28}},"91":{"start":{"line":233,"column":6},"end":{"line":233,"column":29}},"92":{"start":{"line":238,"column":47},"end":{"line":238,"column":64}}},"fnMap":{"0":{"name":"(anonymous_0)","decl":{"start":{"line":29,"column":2},"end":{"line":29,"column":3}},"loc":{"start":{"line":29,"column":25},"end":{"line":44,"column":3}},"line":29},"1":{"name":"(anonymous_1)","decl":{"start":{"line":52,"column":23},"end":{"line":52,"column":24}},"loc":{"start":{"line":52,"column":46},"end":{"line":64,"column":1}},"line":52},"2":{"name":"(anonymous_2)","decl":{"start":{"line":67,"column":28},"end":{"line":67,"column":29}},"loc":{"start":{"line":67,"column":44},"end":{"line":85,"column":1}},"line":67},"3":{"name":"(anonymous_3)","decl":{"start":{"line":88,"column":30},"end":{"line":88,"column":31}},"loc":{"start":{"line":88,"column":79},"end":{"line":108,"column":1}},"line":88},"4":{"name":"(anonymous_4)","decl":{"start":{"line":98,"column":10},"end":{"line":98,"column":11}},"loc":{"start":{"line":98,"column":20},"end":{"line":100,"column":5}},"line":98},"5":{"name":"(anonymous_5)","decl":{"start":{"line":101,"column":10},"end":{"line":101,"column":11}},"loc":{"start":{"line":102,"column":6},"end":{"line":105,"column":8}},"line":102},"6":{"name":"(anonymous_6)","decl":{"start":{"line":107,"column":11},"end":{"line":107,"column":12}},"loc":{"start":{"line":107,"column":20},"end":{"line":107,"column":44}},"line":107},"7":{"name":"(anonymous_7)","decl":{"start":{"line":111,"column":20},"end":{"line":111,"column":21}},"loc":{"start":{"line":111,"column":78},"end":{"line":121,"column":1}},"line":111},"8":{"name":"(anonymous_8)","decl":{"start":{"line":128,"column":16},"end":{"line":128,"column":17}},"loc":{"start":{"line":128,"column":39},"end":{"line":144,"column":1}},"line":128},"9":{"name":"(anonymous_9)","decl":{"start":{"line":151,"column":27},"end":{"line":151,"column":28}},"loc":{"start":{"line":151,"column":50},"end":{"line":164,"column":1}},"line":151},"10":{"name":"(anonymous_10)","decl":{"start":{"line":167,"column":62},"end":{"line":167,"column":63}},"loc":{"start":{"line":167,"column":74},"end":{"line":178,"column":1}},"line":167},"11":{"name":"(anonymous_11)","decl":{"start":{"line":188,"column":30},"end":{"line":188,"column":31}},"loc":{"start":{"line":188,"column":52},"end":{"line":190,"column":1}},"line":188},"12":{"name":"(anonymous_12)","decl":{"start":{"line":192,"column":32},"end":{"line":192,"column":33}},"loc":{"start":{"line":195,"column":5},"end":{"line":199,"column":1}},"line":195},"13":{"name":"(anonymous_13)","decl":{"start":{"line":201,"column":31},"end":{"line":201,"column":32}},"loc":{"start":{"line":201,"column":66},"end":{"line":205,"column":1}},"line":201},"14":{"name":"(anonymous_14)","decl":{"start":{"line":211,"column":19},"end":{"line":211,"column":20}},"loc":{"start":{"line":211,"column":61},"end":{"line":213,"column":5}},"line":211},"15":{"name":"(anonymous_15)","decl":{"start":{"line":214,"column":18},"end":{"line":214,"column":19}},"loc":{"start":{"line":214,"column":60},"end":{"line":216,"column":5}},"line":214},"16":{"name":"(anonymous_16)","decl":{"start":{"line":218,"column":17},"end":{"line":218,"column":18}},"loc":{"start":{"line":218,"column":30},"end":{"line":235,"column":3}},"line":218},"17":{"name":"(anonymous_17)","decl":{"start":{"line":228,"column":40},"end":{"line":228,"column":41}},"loc":{"start":{"line":228,"column":51},"end":{"line":230,"column":5}},"line":228},"18":{"name":"(anonymous_18)","decl":{"start":{"line":231,"column":42},"end":{"line":231,"column":43}},"loc":{"start":{"line":231,"column":53},"end":{"line":234,"column":5}},"line":231}},"branchMap":{"0":{"loc":{"start":{"line":70,"column":2},"end":{"line":80,"column":3}},"type":"if","locations":[{"start":{"line":70,"column":2},"end":{"line":80,"column":3}},{"start":{"line":72,"column":9},"end":{"line":80,"column":3}}],"line":70},"1":{"loc":{"start":{"line":72,"column":9},"end":{"line":80,"column":3}},"type":"if","locations":[{"start":{"line":72,"column":9},"end":{"line":80,"column":3}},{"start":{"line":75,"column":9},"end":{"line":80,"column":3}}],"line":72},"2":{"loc":{"start":{"line":75,"column":9},"end":{"line":80,"column":3}},"type":"if","locations":[{"start":{"line":75,"column":9},"end":{"line":80,"column":3}},{"start":{"line":77,"column":9},"end":{"line":80,"column":3}}],"line":75},"3":{"loc":{"start":{"line":89,"column":2},"end":{"line":95,"column":3}},"type":"if","locations":[{"start":{"line":89,"column":2},"end":{"line":95,"column":3}},{"start":{},"end":{}}],"line":89},"4":{"loc":{"start":{"line":154,"column":2},"end":{"line":163,"column":3}},"type":"if","locations":[{"start":{"line":154,"column":2},"end":{"line":163,"column":3}},{"start":{"line":161,"column":9},"end":{"line":163,"column":3}}],"line":154}},"s":{"0":21,"1":4,"2":4,"3":4,"4":3,"5":2,"6":2,"7":21,"8":3,"9":3,"10":3,"11":3,"12":2,"13":1,"14":2,"15":2,"16":2,"17":21,"18":0,"19":0,"20":0,"21":0,"22":0,"23":0,"24":0,"25":0,"26":0,"27":0,"28":21,"29":0,"30":0,"31":0,"32":0,"33":0,"34":0,"35":0,"36":21,"37":5,"38":4,"39":4,"40":4,"41":4,"42":21,"43":3,"44":3,"45":3,"46":3,"47":3,"48":3,"49":0,"50":0,"51":21,"52":0,"53":0,"54":0,"55":0,"56":0,"57":21,"58":1,"59":1,"60":1,"61":1,"62":1,"63":1,"64":21,"65":21,"66":0,"67":21,"68":0,"69":0,"70":0,"71":21,"72":0,"73":0,"74":0,"75":21,"76":0,"77":0,"78":0,"79":0,"80":0,"81":0,"82":0,"83":0,"84":0,"85":0,"86":0,"87":0,"88":0,"89":0,"90":0,"91":0,"92":21},"f":{"0":4,"1":3,"2":0,"3":0,"4":0,"5":0,"6":0,"7":5,"8":3,"9":0,"10":1,"11":0,"12":0,"13":0,"14":0,"15":0,"16":0,"17":0,"18":0},"b":{"0":[0,0],"1":[0,0],"2":[0,0],"3":[0,0],"4":[0,0]},"_coverageSchema":"1a1c01bbd47fc00a2c39e90264f33305004495a9","hash":"eb337fe32938039a521444df6b046cca9b27f69a"}
,"C:\\Users\\charn\\Desktop\\SEG-Habitopia\\src\\features\\auth\\ConfirmationCodeForm\\ConfirmationCodeForm.tsx": {"path":"C:\\Users\\charn\\Desktop\\SEG-Habitopia\\src\\features\\auth\\ConfirmationCodeForm\\ConfirmationCodeForm.tsx","statementMap":{"0":{"start":{"line":26,"column":29},"end":{"line":87,"column":1}},"1":{"start":{"line":28,"column":36},"end":{"line":32,"column":4}},"2":{"start":{"line":34,"column":29},"end":{"line":34,"column":63}},"3":{"start":{"line":34,"column":52},"end":{"line":34,"column":62}},"4":{"start":{"line":37,"column":19},"end":{"line":37,"column":32}},"5":{"start":{"line":39,"column":19},"end":{"line":51,"column":3}},"6":{"start":{"line":40,"column":4},"end":{"line":40,"column":34}},"7":{"start":{"line":41,"column":4},"end":{"line":41,"column":43}},"8":{"start":{"line":42,"column":4},"end":{"line":50,"column":5}},"9":{"start":{"line":43,"column":6},"end":{"line":47,"column":9}},"10":{"start":{"line":49,"column":6},"end":{"line":49,"column":36}},"11":{"start":{"line":54,"column":21},"end":{"line":54,"column":64}},"12":{"start":{"line":57,"column":2},"end":{"line":86,"column":4}},"13":{"start":{"line":65,"column":10},"end":{"line":71,"column":12}}},"fnMap":{"0":{"name":"(anonymous_0)","decl":{"start":{"line":26,"column":29},"end":{"line":26,"column":30}},"loc":{"start":{"line":26,"column":35},"end":{"line":87,"column":1}},"line":26},"1":{"name":"(anonymous_1)","decl":{"start":{"line":34,"column":41},"end":{"line":34,"column":42}},"loc":{"start":{"line":34,"column":52},"end":{"line":34,"column":62}},"line":34},"2":{"name":"(anonymous_2)","decl":{"start":{"line":39,"column":19},"end":{"line":39,"column":20}},"loc":{"start":{"line":39,"column":45},"end":{"line":51,"column":3}},"line":39},"3":{"name":"(anonymous_3)","decl":{"start":{"line":64,"column":16},"end":{"line":64,"column":17}},"loc":{"start":{"line":65,"column":10},"end":{"line":71,"column":12}},"line":65}},"branchMap":{"0":{"loc":{"start":{"line":42,"column":4},"end":{"line":50,"column":5}},"type":"if","locations":[{"start":{"line":42,"column":4},"end":{"line":50,"column":5}},{"start":{"line":48,"column":11},"end":{"line":50,"column":5}}],"line":42}},"s":{"0":2,"1":2,"2":2,"3":0,"4":2,"5":2,"6":0,"7":0,"8":0,"9":0,"10":0,"11":2,"12":2,"13":2},"f":{"0":2,"1":0,"2":0,"3":2},"b":{"0":[0,0]},"_coverageSchema":"1a1c01bbd47fc00a2c39e90264f33305004495a9","hash":"3386164ff21e3c02c02f11f19396993a4cffaf4c"}
,"C:\\Users\\charn\\Desktop\\SEG-Habitopia\\src\\features\\auth\\EmailAddressForm\\EmailAddressForm.tsx": {"path":"C:\\Users\\charn\\Desktop\\SEG-Habitopia\\src\\features\\auth\\EmailAddressForm\\EmailAddressForm.tsx","statementMap":{"0":{"start":{"line":24,"column":25},"end":{"line":75,"column":1}},"1":{"start":{"line":25,"column":36},"end":{"line":29,"column":4}},"2":{"start":{"line":30,"column":19},"end":{"line":30,"column":32}},"3":{"start":{"line":32,"column":19},"end":{"line":42,"column":3}},"4":{"start":{"line":33,"column":4},"end":{"line":41,"column":5}},"5":{"start":{"line":34,"column":6},"end":{"line":37,"column":9}},"6":{"start":{"line":39,"column":6},"end":{"line":39,"column":36}},"7":{"start":{"line":40,"column":6},"end":{"line":40,"column":38}},"8":{"start":{"line":44,"column":21},"end":{"line":44,"column":64}},"9":{"start":{"line":46,"column":2},"end":{"line":74,"column":4}},"10":{"start":{"line":54,"column":10},"end":{"line":60,"column":12}}},"fnMap":{"0":{"name":"(anonymous_0)","decl":{"start":{"line":24,"column":25},"end":{"line":24,"column":26}},"loc":{"start":{"line":24,"column":31},"end":{"line":75,"column":1}},"line":24},"1":{"name":"(anonymous_1)","decl":{"start":{"line":32,"column":19},"end":{"line":32,"column":20}},"loc":{"start":{"line":32,"column":45},"end":{"line":42,"column":3}},"line":32},"2":{"name":"(anonymous_2)","decl":{"start":{"line":53,"column":16},"end":{"line":53,"column":17}},"loc":{"start":{"line":54,"column":10},"end":{"line":60,"column":12}},"line":54}},"branchMap":{"0":{"loc":{"start":{"line":33,"column":4},"end":{"line":41,"column":5}},"type":"if","locations":[{"start":{"line":33,"column":4},"end":{"line":41,"column":5}},{"start":{"line":38,"column":11},"end":{"line":41,"column":5}}],"line":33}},"s":{"0":2,"1":3,"2":3,"3":3,"4":1,"5":0,"6":1,"7":1,"8":3,"9":3,"10":4},"f":{"0":3,"1":1,"2":4},"b":{"0":[0,1]},"_coverageSchema":"1a1c01bbd47fc00a2c39e90264f33305004495a9","hash":"a9d13ae27d18337bc255000f8162b3f381297ffd"}
,"C:\\Users\\charn\\Desktop\\SEG-Habitopia\\src\\features\\auth\\NameForm\\NameForm.tsx": {"path":"C:\\Users\\charn\\Desktop\\SEG-Habitopia\\src\\features\\auth\\NameForm\\NameForm.tsx","statementMap":{"0":{"start":{"line":25,"column":17},"end":{"line":76,"column":1}},"1":{"start":{"line":26,"column":36},"end":{"line":30,"column":4}},"2":{"start":{"line":31,"column":19},"end":{"line":31,"column":32}},"3":{"start":{"line":33,"column":19},"end":{"line":43,"column":3}},"4":{"start":{"line":34,"column":4},"end":{"line":42,"column":5}},"5":{"start":{"line":35,"column":6},"end":{"line":38,"column":9}},"6":{"start":{"line":40,"column":6},"end":{"line":40,"column":36}},"7":{"start":{"line":41,"column":6},"end":{"line":41,"column":42}},"8":{"start":{"line":45,"column":21},"end":{"line":45,"column":64}},"9":{"start":{"line":47,"column":2},"end":{"line":75,"column":4}},"10":{"start":{"line":55,"column":10},"end":{"line":61,"column":12}}},"fnMap":{"0":{"name":"(anonymous_0)","decl":{"start":{"line":25,"column":17},"end":{"line":25,"column":18}},"loc":{"start":{"line":25,"column":23},"end":{"line":76,"column":1}},"line":25},"1":{"name":"(anonymous_1)","decl":{"start":{"line":33,"column":19},"end":{"line":33,"column":20}},"loc":{"start":{"line":33,"column":45},"end":{"line":43,"column":3}},"line":33},"2":{"name":"(anonymous_2)","decl":{"start":{"line":54,"column":16},"end":{"line":54,"column":17}},"loc":{"start":{"line":55,"column":10},"end":{"line":61,"column":12}},"line":55}},"branchMap":{"0":{"loc":{"start":{"line":34,"column":4},"end":{"line":42,"column":5}},"type":"if","locations":[{"start":{"line":34,"column":4},"end":{"line":42,"column":5}},{"start":{"line":39,"column":11},"end":{"line":42,"column":5}}],"line":34}},"s":{"0":2,"1":3,"2":3,"3":3,"4":1,"5":0,"6":1,"7":1,"8":3,"9":3,"10":4},"f":{"0":3,"1":1,"2":4},"b":{"0":[0,1]},"_coverageSchema":"1a1c01bbd47fc00a2c39e90264f33305004495a9","hash":"500dfe29b990a243b44bde8ee8c649c1994f3f6d"}
,"C:\\Users\\charn\\Desktop\\SEG-Habitopia\\src\\features\\auth\\PasswordForm\\PasswordForm.tsx": {"path":"C:\\Users\\charn\\Desktop\\SEG-Habitopia\\src\\features\\auth\\PasswordForm\\PasswordForm.tsx","statementMap":{"0":{"start":{"line":28,"column":21},"end":{"line":97,"column":1}},"1":{"start":{"line":29,"column":36},"end":{"line":33,"column":4}},"2":{"start":{"line":34,"column":19},"end":{"line":34,"column":32}},"3":{"start":{"line":36,"column":19},"end":{"line":63,"column":3}},"4":{"start":{"line":37,"column":21},"end":{"line":37,"column":34}},"5":{"start":{"line":38,"column":16},"end":{"line":38,"column":18}},"6":{"start":{"line":40,"column":4},"end":{"line":42,"column":5}},"7":{"start":{"line":41,"column":6},"end":{"line":41,"column":60}},"8":{"start":{"line":44,"column":4},"end":{"line":46,"column":5}},"9":{"start":{"line":45,"column":6},"end":{"line":45,"column":69}},"10":{"start":{"line":48,"column":4},"end":{"line":50,"column":5}},"11":{"start":{"line":49,"column":6},"end":{"line":49,"column":49}},"12":{"start":{"line":52,"column":4},"end":{"line":54,"column":5}},"13":{"start":{"line":53,"column":6},"end":{"line":53,"column":51}},"14":{"start":{"line":56,"column":4},"end":{"line":62,"column":5}},"15":{"start":{"line":57,"column":6},"end":{"line":57,"column":36}},"16":{"start":{"line":58,"column":6},"end":{"line":58,"column":35}},"17":{"start":{"line":59,"column":6},"end":{"line":59,"column":46}},"18":{"start":{"line":61,"column":6},"end":{"line":61,"column":77}},"19":{"start":{"line":65,"column":21},"end":{"line":65,"column":64}},"20":{"start":{"line":67,"column":2},"end":{"line":96,"column":4}},"21":{"start":{"line":75,"column":10},"end":{"line":82,"column":12}}},"fnMap":{"0":{"name":"(anonymous_0)","decl":{"start":{"line":28,"column":21},"end":{"line":28,"column":22}},"loc":{"start":{"line":28,"column":27},"end":{"line":97,"column":1}},"line":28},"1":{"name":"(anonymous_1)","decl":{"start":{"line":36,"column":19},"end":{"line":36,"column":20}},"loc":{"start":{"line":36,"column":45},"end":{"line":63,"column":3}},"line":36},"2":{"name":"(anonymous_2)","decl":{"start":{"line":74,"column":16},"end":{"line":74,"column":17}},"loc":{"start":{"line":75,"column":10},"end":{"line":82,"column":12}},"line":75}},"branchMap":{"0":{"loc":{"start":{"line":40,"column":4},"end":{"line":42,"column":5}},"type":"if","locations":[{"start":{"line":40,"column":4},"end":{"line":42,"column":5}},{"start":{},"end":{}}],"line":40},"1":{"loc":{"start":{"line":44,"column":4},"end":{"line":46,"column":5}},"type":"if","locations":[{"start":{"line":44,"column":4},"end":{"line":46,"column":5}},{"start":{},"end":{}}],"line":44},"2":{"loc":{"start":{"line":48,"column":4},"end":{"line":50,"column":5}},"type":"if","locations":[{"start":{"line":48,"column":4},"end":{"line":50,"column":5}},{"start":{},"end":{}}],"line":48},"3":{"loc":{"start":{"line":52,"column":4},"end":{"line":54,"column":5}},"type":"if","locations":[{"start":{"line":52,"column":4},"end":{"line":54,"column":5}},{"start":{},"end":{}}],"line":52},"4":{"loc":{"start":{"line":56,"column":4},"end":{"line":62,"column":5}},"type":"if","locations":[{"start":{"line":56,"column":4},"end":{"line":62,"column":5}},{"start":{"line":60,"column":11},"end":{"line":62,"column":5}}],"line":56}},"s":{"0":2,"1":3,"2":3,"3":3,"4":1,"5":1,"6":1,"7":0,"8":1,"9":0,"10":1,"11":0,"12":1,"13":0,"14":1,"15":1,"16":1,"17":1,"18":0,"19":3,"20":3,"21":4},"f":{"0":3,"1":1,"2":4},"b":{"0":[0,1],"1":[0,1],"2":[0,1],"3":[0,1],"4":[1,0]},"_coverageSchema":"1a1c01bbd47fc00a2c39e90264f33305004495a9","hash":"7e249c2d77a9338b3ec125466407872251e7ab8e"}
,"C:\\Users\\charn\\Desktop\\SEG-Habitopia\\src\\features\\auth\\SignInForm\\SignInForm.tsx": {"path":"C:\\Users\\charn\\Desktop\\SEG-Habitopia\\src\\features\\auth\\SignInForm\\SignInForm.tsx","statementMap":{"0":{"start":{"line":21,"column":19},"end":{"line":36,"column":1}},"1":{"start":{"line":22,"column":36},"end":{"line":27,"column":4}},"2":{"start":{"line":29,"column":2},"end":{"line":35,"column":4}}},"fnMap":{"0":{"name":"(anonymous_0)","decl":{"start":{"line":21,"column":19},"end":{"line":21,"column":20}},"loc":{"start":{"line":21,"column":25},"end":{"line":36,"column":1}},"line":21}},"branchMap":{},"s":{"0":2,"1":2,"2":2},"f":{"0":2},"b":{},"_coverageSchema":"1a1c01bbd47fc00a2c39e90264f33305004495a9","hash":"409ff3035dc240eb1765439c23da8872f8979614"}
,"C:\\Users\\charn\\Desktop\\SEG-Habitopia\\src\\features\\auth\\SignInForm\\index.ts": {"path":"C:\\Users\\charn\\Desktop\\SEG-Habitopia\\src\\features\\auth\\SignInForm\\index.ts","statementMap":{},"fnMap":{},"branchMap":{},"s":{},"f":{},"b":{},"_coverageSchema":"1a1c01bbd47fc00a2c39e90264f33305004495a9","hash":"671a9d0fb233dd391dbd931b788a16d85bc3addf"}
,"C:\\Users\\charn\\Desktop\\SEG-Habitopia\\src\\features\\auth\\SignInForm\\EmailField\\EmailField.tsx": {"path":"C:\\Users\\charn\\Desktop\\SEG-Habitopia\\src\\features\\auth\\SignInForm\\EmailField\\EmailField.tsx","statementMap":{"0":{"start":{"line":17,"column":19},"end":{"line":22,"column":1}},"1":{"start":{"line":18,"column":2},"end":{"line":21,"column":5}},"2":{"start":{"line":29,"column":18},"end":{"line":33,"column":1}},"3":{"start":{"line":30,"column":2},"end":{"line":32,"column":9}},"4":{"start":{"line":41,"column":19},"end":{"line":56,"column":1}},"5":{"start":{"line":42,"column":2},"end":{"line":55,"column":4}},"6":{"start":{"line":45,"column":6},"end":{"line":52,"column":8}}},"fnMap":{"0":{"name":"(anonymous_0)","decl":{"start":{"line":17,"column":19},"end":{"line":17,"column":20}},"loc":{"start":{"line":18,"column":2},"end":{"line":21,"column":5}},"line":18},"1":{"name":"(anonymous_1)","decl":{"start":{"line":29,"column":18},"end":{"line":29,"column":19}},"loc":{"start":{"line":30,"column":2},"end":{"line":32,"column":9}},"line":30},"2":{"name":"(anonymous_2)","decl":{"start":{"line":41,"column":19},"end":{"line":41,"column":20}},"loc":{"start":{"line":42,"column":2},"end":{"line":55,"column":4}},"line":42},"3":{"name":"(anonymous_3)","decl":{"start":{"line":44,"column":12},"end":{"line":44,"column":13}},"loc":{"start":{"line":45,"column":6},"end":{"line":52,"column":8}},"line":45}},"branchMap":{},"s":{"0":2,"1":2,"2":2,"3":2,"4":2,"5":2,"6":3},"f":{"0":2,"1":2,"2":2,"3":3},"b":{},"_coverageSchema":"1a1c01bbd47fc00a2c39e90264f33305004495a9","hash":"393836c8f1391a197ec21ec67fa335ff1ac635d2"}
,"C:\\Users\\charn\\Desktop\\SEG-Habitopia\\src\\features\\auth\\SignInForm\\EmailField\\index.ts": {"path":"C:\\Users\\charn\\Desktop\\SEG-Habitopia\\src\\features\\auth\\SignInForm\\EmailField\\index.ts","statementMap":{},"fnMap":{},"branchMap":{},"s":{},"f":{},"b":{},"_coverageSchema":"1a1c01bbd47fc00a2c39e90264f33305004495a9","hash":"010754b0eb6d1cd3af9cfc3a9994e02501602c4c"}
,"C:\\Users\\charn\\Desktop\\SEG-Habitopia\\src\\features\\auth\\SignInForm\\PasswordField\\PasswordField.tsx": {"path":"C:\\Users\\charn\\Desktop\\SEG-Habitopia\\src\\features\\auth\\SignInForm\\PasswordField\\PasswordField.tsx","statementMap":{"0":{"start":{"line":17,"column":22},"end":{"line":22,"column":1}},"1":{"start":{"line":18,"column":2},"end":{"line":21,"column":5}},"2":{"start":{"line":29,"column":18},"end":{"line":33,"column":1}},"3":{"start":{"line":30,"column":2},"end":{"line":32,"column":9}},"4":{"start":{"line":41,"column":19},"end":{"line":57,"column":1}},"5":{"start":{"line":42,"column":2},"end":{"line":56,"column":4}},"6":{"start":{"line":45,"column":6},"end":{"line":53,"column":8}}},"fnMap":{"0":{"name":"(anonymous_0)","decl":{"start":{"line":17,"column":22},"end":{"line":17,"column":23}},"loc":{"start":{"line":18,"column":2},"end":{"line":21,"column":5}},"line":18},"1":{"name":"(anonymous_1)","decl":{"start":{"line":29,"column":18},"end":{"line":29,"column":19}},"loc":{"start":{"line":30,"column":2},"end":{"line":32,"column":9}},"line":30},"2":{"name":"(anonymous_2)","decl":{"start":{"line":41,"column":19},"end":{"line":41,"column":20}},"loc":{"start":{"line":42,"column":2},"end":{"line":56,"column":4}},"line":42},"3":{"name":"(anonymous_3)","decl":{"start":{"line":44,"column":12},"end":{"line":44,"column":13}},"loc":{"start":{"line":45,"column":6},"end":{"line":53,"column":8}},"line":45}},"branchMap":{},"s":{"0":2,"1":2,"2":2,"3":2,"4":2,"5":2,"6":3},"f":{"0":2,"1":2,"2":2,"3":3},"b":{},"_coverageSchema":"1a1c01bbd47fc00a2c39e90264f33305004495a9","hash":"1e4c6c9bd19aa98cd2437255ef9451eed5a381bb"}
,"C:\\Users\\charn\\Desktop\\SEG-Habitopia\\src\\features\\auth\\SignInForm\\PasswordField\\index.ts": {"path":"C:\\Users\\charn\\Desktop\\SEG-Habitopia\\src\\features\\auth\\SignInForm\\PasswordField\\index.ts","statementMap":{},"fnMap":{},"branchMap":{},"s":{},"f":{},"b":{},"_coverageSchema":"1a1c01bbd47fc00a2c39e90264f33305004495a9","hash":"72c963cb5bebcfab23b6be288529bf639955a99a"}
,"C:\\Users\\charn\\Desktop\\SEG-Habitopia\\src\\features\\auth\\SignInForm\\SubmitButton\\SubmitButton.tsx": {"path":"C:\\Users\\charn\\Desktop\\SEG-Habitopia\\src\\features\\auth\\SignInForm\\SubmitButton\\SubmitButton.tsx","statementMap":{"0":{"start":{"line":20,"column":21},"end":{"line":50,"column":1}},"1":{"start":{"line":21,"column":19},"end":{"line":21,"column":32}},"2":{"start":{"line":23,"column":22},"end":{"line":23,"column":56}},"3":{"start":{"line":23,"column":45},"end":{"line":23,"column":55}},"4":{"start":{"line":25,"column":19},"end":{"line":36,"column":3}},"5":{"start":{"line":26,"column":4},"end":{"line":35,"column":5}},"6":{"start":{"line":27,"column":6},"end":{"line":30,"column":9}},"7":{"start":{"line":32,"column":6},"end":{"line":32,"column":35}},"8":{"start":{"line":34,"column":6},"end":{"line":34,"column":34}},"9":{"start":{"line":38,"column":2},"end":{"line":49,"column":4}}},"fnMap":{"0":{"name":"(anonymous_0)","decl":{"start":{"line":20,"column":21},"end":{"line":20,"column":22}},"loc":{"start":{"line":20,"column":50},"end":{"line":50,"column":1}},"line":20},"1":{"name":"(anonymous_1)","decl":{"start":{"line":23,"column":34},"end":{"line":23,"column":35}},"loc":{"start":{"line":23,"column":45},"end":{"line":23,"column":55}},"line":23},"2":{"name":"(anonymous_2)","decl":{"start":{"line":25,"column":19},"end":{"line":25,"column":20}},"loc":{"start":{"line":25,"column":53},"end":{"line":36,"column":3}},"line":25}},"branchMap":{"0":{"loc":{"start":{"line":26,"column":4},"end":{"line":35,"column":5}},"type":"if","locations":[{"start":{"line":26,"column":4},"end":{"line":35,"column":5}},{"start":{"line":31,"column":11},"end":{"line":35,"column":5}}],"line":26},"1":{"loc":{"start":{"line":26,"column":8},"end":{"line":26,"column":47}},"type":"binary-expr","locations":[{"start":{"line":26,"column":8},"end":{"line":26,"column":24}},{"start":{"line":26,"column":28},"end":{"line":26,"column":47}}],"line":26}},"s":{"0":3,"1":3,"2":3,"3":0,"4":3,"5":1,"6":0,"7":1,"8":1,"9":3},"f":{"0":3,"1":0,"2":1},"b":{"0":[0,1],"1":[1,1]},"_coverageSchema":"1a1c01bbd47fc00a2c39e90264f33305004495a9","hash":"9bb82d5e41743a499291e7331c02f63436c13e74"}
,"C:\\Users\\charn\\Desktop\\SEG-Habitopia\\src\\features\\auth\\SignInForm\\SubmitButton\\index.ts": {"path":"C:\\Users\\charn\\Desktop\\SEG-Habitopia\\src\\features\\auth\\SignInForm\\SubmitButton\\index.ts","statementMap":{},"fnMap":{},"branchMap":{},"s":{},"f":{},"b":{},"_coverageSchema":"1a1c01bbd47fc00a2c39e90264f33305004495a9","hash":"c5b985fab08256010e4e6c394a3140f90b6b0f0c"}
,"C:\\Users\\charn\\Desktop\\SEG-Habitopia\\src\\features\\challenges\\challengeMappings.ts": {"path":"C:\\Users\\charn\\Desktop\\SEG-Habitopia\\src\\features\\challenges\\challengeMappings.ts","statementMap":{"0":{"start":{"line":6,"column":56},"end":{"line":13,"column":1}}},"fnMap":{},"branchMap":{},"s":{"0":30},"f":{},"b":{},"_coverageSchema":"1a1c01bbd47fc00a2c39e90264f33305004495a9","hash":"cb279846f62cd443ded7f57dee32a9448652f2b6"}
,"C:\\Users\\charn\\Desktop\\SEG-Habitopia\\src\\features\\challenges\\challengeQueries.ts": {"path":"C:\\Users\\charn\\Desktop\\SEG-Habitopia\\src\\features\\challenges\\challengeQueries.ts","statementMap":{"0":{"start":{"line":22,"column":34},"end":{"line":54,"column":1}},"1":{"start":{"line":27,"column":15},"end":{"line":27,"column":50}},"2":{"start":{"line":30,"column":2},"end":{"line":30,"column":59}},"3":{"start":{"line":33,"column":26},"end":{"line":33,"column":74}},"4":{"start":{"line":36,"column":2},"end":{"line":43,"column":4}},"5":{"start":{"line":46,"column":2},"end":{"line":46,"column":49}},"6":{"start":{"line":49,"column":2},"end":{"line":53,"column":4}},"7":{"start":{"line":51,"column":6},"end":{"line":51,"column":29}},"8":{"start":{"line":57,"column":30},"end":{"line":80,"column":1}},"9":{"start":{"line":62,"column":25},"end":{"line":64,"column":3}},"10":{"start":{"line":63,"column":4},"end":{"line":63,"column":37}},"11":{"start":{"line":67,"column":21},"end":{"line":69,"column":3}},"12":{"start":{"line":68,"column":23},"end":{"line":68,"column":46}},"13":{"start":{"line":72,"column":2},"end":{"line":79,"column":3}},"14":{"start":{"line":73,"column":4},"end":{"line":78,"column":5}},"15":{"start":{"line":77,"column":6},"end":{"line":77,"column":44}},"16":{"start":{"line":83,"column":28},"end":{"line":121,"column":1}},"17":{"start":{"line":86,"column":2},"end":{"line":120,"column":3}},"18":{"start":{"line":88,"column":32},"end":{"line":96,"column":5}},"19":{"start":{"line":91,"column":8},"end":{"line":95,"column":10}},"20":{"start":{"line":91,"column":47},"end":{"line":95,"column":9}},"21":{"start":{"line":99,"column":4},"end":{"line":115,"column":5}},"22":{"start":{"line":101,"column":8},"end":{"line":101,"column":74}},"23":{"start":{"line":102,"column":26},"end":{"line":104,"column":7}},"24":{"start":{"line":105,"column":21},"end":{"line":113,"column":7}},"25":{"start":{"line":114,"column":6},"end":{"line":114,"column":20}},"26":{"start":{"line":117,"column":4},"end":{"line":117,"column":34}},"27":{"start":{"line":119,"column":4},"end":{"line":119,"column":41}},"28":{"start":{"line":124,"column":26},"end":{"line":145,"column":1}},"29":{"start":{"line":128,"column":2},"end":{"line":144,"column":3}},"30":{"start":{"line":129,"column":27},"end":{"line":133,"column":8}},"31":{"start":{"line":131,"column":8},"end":{"line":131,"column":65}},"32":{"start":{"line":134,"column":4},"end":{"line":141,"column":6}},"33":{"start":{"line":143,"column":4},"end":{"line":143,"column":38}}},"fnMap":{"0":{"name":"(anonymous_0)","decl":{"start":{"line":22,"column":34},"end":{"line":22,"column":35}},"loc":{"start":{"line":25,"column":5},"end":{"line":54,"column":1}},"line":25},"1":{"name":"(anonymous_1)","decl":{"start":{"line":50,"column":43},"end":{"line":50,"column":44}},"loc":{"start":{"line":50,"column":56},"end":{"line":52,"column":5}},"line":50},"2":{"name":"(anonymous_2)","decl":{"start":{"line":57,"column":30},"end":{"line":57,"column":31}},"loc":{"start":{"line":60,"column":5},"end":{"line":80,"column":1}},"line":60},"3":{"name":"(anonymous_3)","decl":{"start":{"line":62,"column":62},"end":{"line":62,"column":63}},"loc":{"start":{"line":63,"column":4},"end":{"line":63,"column":37}},"line":63},"4":{"name":"(anonymous_4)","decl":{"start":{"line":68,"column":4},"end":{"line":68,"column":5}},"loc":{"start":{"line":68,"column":23},"end":{"line":68,"column":46}},"line":68},"5":{"name":"(anonymous_5)","decl":{"start":{"line":83,"column":28},"end":{"line":83,"column":29}},"loc":{"start":{"line":85,"column":5},"end":{"line":121,"column":1}},"line":85},"6":{"name":"(anonymous_6)","decl":{"start":{"line":90,"column":6},"end":{"line":90,"column":7}},"loc":{"start":{"line":91,"column":8},"end":{"line":95,"column":10}},"line":91},"7":{"name":"(anonymous_7)","decl":{"start":{"line":91,"column":26},"end":{"line":91,"column":27}},"loc":{"start":{"line":91,"column":47},"end":{"line":95,"column":9}},"line":91},"8":{"name":"(anonymous_8)","decl":{"start":{"line":124,"column":26},"end":{"line":124,"column":27}},"loc":{"start":{"line":127,"column":5},"end":{"line":145,"column":1}},"line":127},"9":{"name":"(anonymous_9)","decl":{"start":{"line":130,"column":38},"end":{"line":130,"column":39}},"loc":{"start":{"line":131,"column":8},"end":{"line":131,"column":65}},"line":131}},"branchMap":{"0":{"loc":{"start":{"line":73,"column":4},"end":{"line":78,"column":5}},"type":"if","locations":[{"start":{"line":73,"column":4},"end":{"line":78,"column":5}},{"start":{},"end":{}}],"line":73},"1":{"loc":{"start":{"line":74,"column":6},"end":{"line":75,"column":56}},"type":"binary-expr","locations":[{"start":{"line":74,"column":6},"end":{"line":74,"column":69}},{"start":{"line":75,"column":6},"end":{"line":75,"column":56}}],"line":74},"2":{"loc":{"start":{"line":99,"column":4},"end":{"line":115,"column":5}},"type":"if","locations":[{"start":{"line":99,"column":4},"end":{"line":115,"column":5}},{"start":{},"end":{}}],"line":99},"3":{"loc":{"start":{"line":131,"column":23},"end":{"line":131,"column":64}},"type":"binary-expr","locations":[{"start":{"line":131,"column":23},"end":{"line":131,"column":58}},{"start":{"line":131,"column":62},"end":{"line":131,"column":64}}],"line":131}},"s":{"0":30,"1":1,"2":0,"3":0,"4":0,"5":0,"6":0,"7":0,"8":30,"9":0,"10":0,"11":0,"12":0,"13":0,"14":0,"15":0,"16":30,"17":0,"18":0,"19":0,"20":0,"21":0,"22":0,"23":0,"24":0,"25":0,"26":0,"27":0,"28":30,"29":0,"30":0,"31":0,"32":0,"33":0},"f":{"0":1,"1":0,"2":0,"3":0,"4":0,"5":0,"6":0,"7":0,"8":0,"9":0},"b":{"0":[0,0],"1":[0,0],"2":[0,0],"3":[0,0]},"_coverageSchema":"1a1c01bbd47fc00a2c39e90264f33305004495a9","hash":"cf7ad7614c4f4829b3b95bf77daa070facd1e82f"}
[...]
,"C:\\Users\\charn\\Desktop\\SEG-Habitopia\\src\\screens\\application\\SettingsScreen\\SettingsScreen.tsx": {"path":"C:\\Users\\charn\\Desktop\\SEG-Habitopia\\src\\screens\\application\\SettingsScreen\\SettingsScreen.tsx","statementMap":{"0":{"start":{"line":12,"column":23},"end":{"line":22,"column":1}},"1":{"start":{"line":13,"column":2},"end":{"line":21,"column":4}}},"fnMap":{"0":{"name":"(anonymous_0)","decl":{"start":{"line":12,"column":23},"end":{"line":12,"column":24}},"loc":{"start":{"line":12,"column":29},"end":{"line":22,"column":1}},"line":12}},"branchMap":{},"s":{"0":1,"1":1},"f":{"0":1},"b":{},"_coverageSchema":"1a1c01bbd47fc00a2c39e90264f33305004495a9","hash":"b06318e9a1b116ca21a3581da13112c37bd24dc6"}
,"C:\\Users\\charn\\Desktop\\SEG-Habitopia\\src\\screens\\application\\SettingsScreen\\index.ts": {"path":"C:\\Users\\charn\\Desktop\\SEG-Habitopia\\src\\screens\\application\\SettingsScreen\\index.ts","statementMap":{},"fnMap":{},"branchMap":{},"s":{},"f":{},"b":{},"_coverageSchema":"1a1c01bbd47fc00a2c39e90264f33305004495a9","hash":"596340924ba587cde60c45459ee5a3243761bb09"}
,"C:\\Users\\charn\\Desktop\\SEG-Habitopia\\src\\screens\\authentication\\ConfirmationCodeScreen\\ConfirmationCodeScreen.tsx": {"path":"C:\\Users\\charn\\Desktop\\SEG-Habitopia\\src\\screens\\authentication\\ConfirmationCodeScreen\\ConfirmationCodeScreen.tsx","statementMap":{"0":{"start":{"line":15,"column":31},"end":{"line":28,"column":1}},"1":{"start":{"line":16,"column":2},"end":{"line":27,"column":4}}},"fnMap":{"0":{"name":"(anonymous_0)","decl":{"start":{"line":15,"column":31},"end":{"line":15,"column":32}},"loc":{"start":{"line":15,"column":37},"end":{"line":28,"column":1}},"line":15}},"branchMap":{},"s":{"0":1,"1":1},"f":{"0":1},"b":{},"_coverageSchema":"1a1c01bbd47fc00a2c39e90264f33305004495a9","hash":"84af860eb99f047974d8be3a740cf51b5810c1ad"}
,"C:\\Users\\charn\\Desktop\\SEG-Habitopia\\src\\screens\\authentication\\ConfirmationCodeScreen\\index.ts": {"path":"C:\\Users\\charn\\Desktop\\SEG-Habitopia\\src\\screens\\authentication\\ConfirmationCodeScreen\\index.ts","statementMap":{},"fnMap":{},"branchMap":{},"s":{},"f":{},"b":{},"_coverageSchema":"1a1c01bbd47fc00a2c39e90264f33305004495a9","hash":"2fbca992d442bfc4ab5dfbc25fff3bb30edbca46"}
,"C:\\Users\\charn\\Desktop\\SEG-Habitopia\\src\\screens\\authentication\\EmailScreen\\EmailScreen.tsx": {"path":"C:\\Users\\charn\\Desktop\\SEG-Habitopia\\src\\screens\\authentication\\EmailScreen\\EmailScreen.tsx","statementMap":{"0":{"start":{"line":15,"column":20},"end":{"line":28,"column":1}},"1":{"start":{"line":16,"column":2},"end":{"line":27,"column":4}}},"fnMap":{"0":{"name":"(anonymous_0)","decl":{"start":{"line":15,"column":20},"end":{"line":15,"column":21}},"loc":{"start":{"line":15,"column":26},"end":{"line":28,"column":1}},"line":15}},"branchMap":{},"s":{"0":1,"1":1},"f":{"0":1},"b":{},"_coverageSchema":"1a1c01bbd47fc00a2c39e90264f33305004495a9","hash":"b0cfb1253f0404c2d0bc9132918424d3300b3cc1"}
,"C:\\Users\\charn\\Desktop\\SEG-Habitopia\\src\\screens\\authentication\\EmailScreen\\index.ts": {"path":"C:\\Users\\charn\\Desktop\\SEG-Habitopia\\src\\screens\\authentication\\EmailScreen\\index.ts","statementMap":{},"fnMap":{},"branchMap":{},"s":{},"f":{},"b":{},"_coverageSchema":"1a1c01bbd47fc00a2c39e90264f33305004495a9","hash":"fb31dc4a1a14db96765e27d2d7ba2c7e58f3d30c"}
,"C:\\Users\\charn\\Desktop\\SEG-Habitopia\\src\\screens\\authentication\\NameScreen\\NameScreen.tsx": {"path":"C:\\Users\\charn\\Desktop\\SEG-Habitopia\\src\\screens\\authentication\\NameScreen\\NameScreen.tsx","statementMap":{"0":{"start":{"line":14,"column":19},"end":{"line":27,"column":1}},"1":{"start":{"line":15,"column":2},"end":{"line":26,"column":4}}},"fnMap":{"0":{"name":"(anonymous_0)","decl":{"start":{"line":14,"column":19},"end":{"line":14,"column":20}},"loc":{"start":{"line":14,"column":25},"end":{"line":27,"column":1}},"line":14}},"branchMap":{},"s":{"0":1,"1":1},"f":{"0":1},"b":{},"_coverageSchema":"1a1c01bbd47fc00a2c39e90264f33305004495a9","hash":"a9b2b846fc841485e171e7b5e1611658d5324ed3"}
,"C:\\Users\\charn\\Desktop\\SEG-Habitopia\\src\\screens\\authentication\\NameScreen\\index.ts": {"path":"C:\\Users\\charn\\Desktop\\SEG-Habitopia\\src\\screens\\authentication\\NameScreen\\index.ts","statementMap":{},"fnMap":{},"branchMap":{},"s":{},"f":{},"b":{},"_coverageSchema":"1a1c01bbd47fc00a2c39e90264f33305004495a9","hash":"c8bb182a858aa9e521f1ead5bd20d6b11d24f00e"}
,"C:\\Users\\charn\\Desktop\\SEG-Habitopia\\src\\screens\\authentication\\PasswordScreen\\PasswordScreen.tsx": {"path":"C:\\Users\\charn\\Desktop\\SEG-Habitopia\\src\\screens\\authentication\\PasswordScreen\\PasswordScreen.tsx","statementMap":{"0":{"start":{"line":11,"column":23},"end":{"line":41,"column":1}},"1":{"start":{"line":12,"column":16},"end":{"line":17,"column":3}},"2":{"start":{"line":19,"column":2},"end":{"line":40,"column":4}},"3":{"start":{"line":31,"column":14},"end":{"line":33,"column":21}}},"fnMap":{"0":{"name":"(anonymous_0)","decl":{"start":{"line":11,"column":23},"end":{"line":11,"column":24}},"loc":{"start":{"line":11,"column":29},"end":{"line":41,"column":1}},"line":11},"1":{"name":"(anonymous_1)","decl":{"start":{"line":30,"column":23},"end":{"line":30,"column":24}},"loc":{"start":{"line":31,"column":14},"end":{"line":33,"column":21}},"line":31}},"branchMap":{},"s":{"0":1,"1":1,"2":1,"3":4},"f":{"0":1,"1":4},"b":{},"_coverageSchema":"1a1c01bbd47fc00a2c39e90264f33305004495a9","hash":"debffab63514c9f0b0fb7a0cba9282106c018f65"}
,"C:\\Users\\charn\\Desktop\\SEG-Habitopia\\src\\screens\\authentication\\PasswordScreen\\index.ts": {"path":"C:\\Users\\charn\\Desktop\\SEG-Habitopia\\src\\screens\\authentication\\PasswordScreen\\index.ts","statementMap":{},"fnMap":{},"branchMap":{},"s":{},"f":{},"b":{},"_coverageSchema":"1a1c01bbd47fc00a2c39e90264f33305004495a9","hash":"c97889e480cb11ebdca9e4af1d914602c955ef8f"}
,"C:\\Users\\charn\\Desktop\\SEG-Habitopia\\src\\screens\\authentication\\SelectAvatarScreen\\SelectAvatarScreen.tsx": {"path":"C:\\Users\\charn\\Desktop\\SEG-Habitopia\\src\\screens\\authentication\\SelectAvatarScreen\\SelectAvatarScreen.tsx","statementMap":{"0":{"start":{"line":16,"column":27},"end":{"line":56,"column":1}},"1":{"start":{"line":17,"column":21},"end":{"line":17,"column":64}},"2":{"start":{"line":19,"column":2},"end":{"line":55,"column":4}},"3":{"start":{"line":48,"column":27},"end":{"line":48,"column":65}}},"fnMap":{"0":{"name":"(anonymous_0)","decl":{"start":{"line":16,"column":27},"end":{"line":16,"column":28}},"loc":{"start":{"line":16,"column":33},"end":{"line":56,"column":1}},"line":16},"1":{"name":"(anonymous_1)","decl":{"start":{"line":48,"column":21},"end":{"line":48,"column":22}},"loc":{"start":{"line":48,"column":27},"end":{"line":48,"column":65}},"line":48}},"branchMap":{},"s":{"0":1,"1":1,"2":1,"3":0},"f":{"0":1,"1":0},"b":{},"_coverageSchema":"1a1c01bbd47fc00a2c39e90264f33305004495a9","hash":"670a23342f8e704d38e683fdc27e6a3ba66d1897"}
,"C:\\Users\\charn\\Desktop\\SEG-Habitopia\\src\\screens\\authentication\\SelectAvatarScreen\\index.ts": {"path":"C:\\Users\\charn\\Desktop\\SEG-Habitopia\\src\\screens\\authentication\\SelectAvatarScreen\\index.ts","statementMap":{},"fnMap":{},"branchMap":{},"s":{},"f":{},"b":{},"_coverageSchema":"1a1c01bbd47fc00a2c39e90264f33305004495a9","hash":"b2f9deb95a797d3585683c67f5abdedadc9be8a0"}
,"C:\\Users\\charn\\Desktop\\SEG-Habitopia\\src\\screens\\authentication\\SelectChallengesScreen\\SelectChallengesScreen.tsx": {"path":"C:\\Users\\charn\\Desktop\\SEG-Habitopia\\src\\screens\\authentication\\SelectChallengesScreen\\SelectChallengesScreen.tsx","statementMap":{"0":{"start":{"line":16,"column":24},"end":{"line":22,"column":1}},"1":{"start":{"line":17,"column":2},"end":{"line":21,"column":4}},"2":{"start":{"line":28,"column":31},"end":{"line":58,"column":1}},"3":{"start":{"line":29,"column":19},"end":{"line":29,"column":32}},"4":{"start":{"line":31,"column":19},"end":{"line":33,"column":3}},"5":{"start":{"line":32,"column":4},"end":{"line":32,"column":33}},"6":{"start":{"line":35,"column":2},"end":{"line":57,"column":4}}},"fnMap":{"0":{"name":"(anonymous_0)","decl":{"start":{"line":16,"column":24},"end":{"line":16,"column":25}},"loc":{"start":{"line":16,"column":58},"end":{"line":22,"column":1}},"line":16},"1":{"name":"(anonymous_1)","decl":{"start":{"line":28,"column":31},"end":{"line":28,"column":32}},"loc":{"start":{"line":28,"column":37},"end":{"line":58,"column":1}},"line":28},"2":{"name":"(anonymous_2)","decl":{"start":{"line":31,"column":19},"end":{"line":31,"column":20}},"loc":{"start":{"line":31,"column":31},"end":{"line":33,"column":3}},"line":31}},"branchMap":{},"s":{"0":1,"1":6,"2":1,"3":1,"4":1,"5":0,"6":1},"f":{"0":6,"1":1,"2":0},"b":{},"_coverageSchema":"1a1c01bbd47fc00a2c39e90264f33305004495a9","hash":"c5b863b664b59c54c31e1192c4b41709f7aef48b"}
,"C:\\Users\\charn\\Desktop\\SEG-Habitopia\\src\\screens\\authentication\\SelectChallengesScreen\\index.ts": {"path":"C:\\Users\\charn\\Desktop\\SEG-Habitopia\\src\\screens\\authentication\\SelectChallengesScreen\\index.ts","statementMap":{},"fnMap":{},"branchMap":{},"s":{},"f":{},"b":{},"_coverageSchema":"1a1c01bbd47fc00a2c39e90264f33305004495a9","hash":"a32c81669699db3d8e7e1504b10a0aaded60ea37"}
,"C:\\Users\\charn\\Desktop\\SEG-Habitopia\\src\\screens\\authentication\\SelectInstagramScreen\\SelectInstagramScreen.tsx": {"path":"C:\\Users\\charn\\Desktop\\SEG-Habitopia\\src\\screens\\authentication\\SelectInstagramScreen\\SelectInstagramScreen.tsx","statementMap":{"0":{"start":{"line":15,"column":30},"end":{"line":32,"column":1}},"1":{"start":{"line":16,"column":2},"end":{"line":31,"column":4}}},"fnMap":{"0":{"name":"(anonymous_0)","decl":{"start":{"line":15,"column":30},"end":{"line":15,"column":31}},"loc":{"start":{"line":15,"column":36},"end":{"line":32,"column":1}},"line":15}},"branchMap":{},"s":{"0":1,"1":1},"f":{"0":1},"b":{},"_coverageSchema":"1a1c01bbd47fc00a2c39e90264f33305004495a9","hash":"735ca5bcc1e9e31a6901d848a97ed438c9512647"}
,"C:\\Users\\charn\\Desktop\\SEG-Habitopia\\src\\screens\\authentication\\SelectInstagramScreen\\index.ts": {"path":"C:\\Users\\charn\\Desktop\\SEG-Habitopia\\src\\screens\\authentication\\SelectInstagramScreen\\index.ts","statementMap":{},"fnMap":{},"branchMap":{},"s":{},"f":{},"b":{},"_coverageSchema":"1a1c01bbd47fc00a2c39e90264f33305004495a9","hash":"83c293a0956e6dfa2a6d1d1801dd4a74ff9b011d"}
,"C:\\Users\\charn\\Desktop\\SEG-Habitopia\\src\\screens\\authentication\\SignInScreen\\SignInScreen.tsx": {"path":"C:\\Users\\charn\\Desktop\\SEG-Habitopia\\src\\screens\\authentication\\SignInScreen\\SignInScreen.tsx","statementMap":{"0":{"start":{"line":19,"column":21},"end":{"line":30,"column":1}},"1":{"start":{"line":20,"column":2},"end":{"line":29,"column":15}}},"fnMap":{"0":{"name":"(anonymous_0)","decl":{"start":{"line":19,"column":21},"end":{"line":19,"column":22}},"loc":{"start":{"line":20,"column":2},"end":{"line":29,"column":15}},"line":20}},"branchMap":{},"s":{"0":1,"1":1},"f":{"0":1},"b":{},"_coverageSchema":"1a1c01bbd47fc00a2c39e90264f33305004495a9","hash":"ce48a38441616508b701698f66730cce9a344d6e"}
,"C:\\Users\\charn\\Desktop\\SEG-Habitopia\\src\\screens\\authentication\\SignInScreen\\index.ts": {"path":"C:\\Users\\charn\\Desktop\\SEG-Habitopia\\src\\screens\\authentication\\SignInScreen\\index.ts","statementMap":{},"fnMap":{},"branchMap":{},"s":{},"f":{},"b":{},"_coverageSchema":"1a1c01bbd47fc00a2c39e90264f33305004495a9","hash":"fee7c429afa8c8c121daad596053de3696d68142"}
,"C:\\Users\\charn\\Desktop\\SEG-Habitopia\\src\\screens\\authentication\\WelcomeScreen\\SectionsContainer.tsx": {"path":"C:\\Users\\charn\\Desktop\\SEG-Habitopia\\src\\screens\\authentication\\WelcomeScreen\\SectionsContainer.tsx","statementMap":{"0":{"start":{"line":13,"column":26},"end":{"line":15,"column":1}},"1":{"start":{"line":14,"column":2},"end":{"line":14,"column":48}},"2":{"start":{"line":29,"column":45},"end":{"line":38,"column":1}}},"fnMap":{"0":{"name":"(anonymous_0)","decl":{"start":{"line":13,"column":26},"end":{"line":13,"column":27}},"loc":{"start":{"line":14,"column":2},"end":{"line":14,"column":48}},"line":14}},"branchMap":{},"s":{"0":1,"1":1,"2":1},"f":{"0":1},"b":{},"_coverageSchema":"1a1c01bbd47fc00a2c39e90264f33305004495a9","hash":"dbfc2eeebe77fbd2c1bba5571c7b1488ed661de0"}
,"C:\\Users\\charn\\Desktop\\SEG-Habitopia\\src\\screens\\authentication\\WelcomeScreen\\WelcomeScreen.tsx": {"path":"C:\\Users\\charn\\Desktop\\SEG-Habitopia\\src\\screens\\authentication\\WelcomeScreen\\WelcomeScreen.tsx","statementMap":{"0":{"start":{"line":16,"column":22},"end":{"line":25,"column":1}},"1":{"start":{"line":17,"column":2},"end":{"line":24,"column":15}}},"fnMap":{"0":{"name":"(anonymous_0)","decl":{"start":{"line":16,"column":22},"end":{"line":16,"column":23}},"loc":{"start":{"line":17,"column":2},"end":{"line":24,"column":15}},"line":17}},"branchMap":{},"s":{"0":1,"1":1},"f":{"0":1},"b":{},"_coverageSchema":"1a1c01bbd47fc00a2c39e90264f33305004495a9","hash":"f1dbc835dec9ebc42077979e5a215076ea56c0d0"}
,"C:\\Users\\charn\\Desktop\\SEG-Habitopia\\src\\screens\\authentication\\WelcomeScreen\\index.ts": {"path":"C:\\Users\\charn\\Desktop\\SEG-Habitopia\\src\\screens\\authentication\\WelcomeScreen\\index.ts","statementMap":{},"fnMap":{},"branchMap":{},"s":{},"f":{},"b":{},"_coverageSchema":"1a1c01bbd47fc00a2c39e90264f33305004495a9","hash":"2b492ce865a9ac1fff7784d545bb6ac7767799d8"}
,"C:\\Users\\charn\\Desktop\\SEG-Habitopia\\src\\screens\\authentication\\WelcomeScreen\\ButtonSection\\ButtonSection.tsx": {"path":"C:\\Users\\charn\\Desktop\\SEG-Habitopia\\src\\screens\\authentication\\WelcomeScreen\\ButtonSection\\ButtonSection.tsx","statementMap":{"0":{"start":{"line":13,"column":22},"end":{"line":18,"column":1}},"1":{"start":{"line":14,"column":2},"end":{"line":17,"column":9}}},"fnMap":{"0":{"name":"(anonymous_0)","decl":{"start":{"line":13,"column":22},"end":{"line":13,"column":23}},"loc":{"start":{"line":14,"column":2},"end":{"line":17,"column":9}},"line":14}},"branchMap":{},"s":{"0":1,"1":1},"f":{"0":1},"b":{},"_coverageSchema":"1a1c01bbd47fc00a2c39e90264f33305004495a9","hash":"991a3d7ad3bde87e9ae3c0952174a8356e061934"}
,"C:\\Users\\charn\\Desktop\\SEG-Habitopia\\src\\screens\\authentication\\WelcomeScreen\\ButtonSection\\CreateAccountButton.tsx": {"path":"C:\\Users\\charn\\Desktop\\SEG-Habitopia\\src\\screens\\authentication\\WelcomeScreen\\ButtonSection\\CreateAccountButton.tsx","statementMap":{"0":{"start":{"line":13,"column":28},"end":{"line":27,"column":1}},"1":{"start":{"line":14,"column":21},"end":{"line":14,"column":64}},"2":{"start":{"line":16,"column":44},"end":{"line":16,"column":50}},"3":{"start":{"line":18,"column":2},"end":{"line":26,"column":4}},"4":{"start":{"line":21,"column":21},"end":{"line":21,"column":75}}},"fnMap":{"0":{"name":"(anonymous_0)","decl":{"start":{"line":13,"column":28},"end":{"line":13,"column":29}},"loc":{"start":{"line":13,"column":47},"end":{"line":27,"column":1}},"line":13},"1":{"name":"(anonymous_1)","decl":{"start":{"line":21,"column":15},"end":{"line":21,"column":16}},"loc":{"start":{"line":21,"column":21},"end":{"line":21,"column":75}},"line":21}},"branchMap":{},"s":{"0":1,"1":1,"2":1,"3":1,"4":0},"f":{"0":1,"1":0},"b":{},"_coverageSchema":"1a1c01bbd47fc00a2c39e90264f33305004495a9","hash":"7eb6f80368f9b2d5ba200ac577eff76db2bd7597"}
,"C:\\Users\\charn\\Desktop\\SEG-Habitopia\\src\\screens\\authentication\\WelcomeScreen\\ButtonSection\\SignInButton.tsx": {"path":"C:\\Users\\charn\\Desktop\\SEG-Habitopia\\src\\screens\\authentication\\WelcomeScreen\\ButtonSection\\SignInButton.tsx","statementMap":{"0":{"start":{"line":13,"column":21},"end":{"line":28,"column":1}},"1":{"start":{"line":14,"column":21},"end":{"line":14,"column":64}},"2":{"start":{"line":16,"column":23},"end":{"line":16,"column":31}},"3":{"start":{"line":18,"column":2},"end":{"line":27,"column":4}},"4":{"start":{"line":22,"column":21},"end":{"line":22,"column":54}}},"fnMap":{"0":{"name":"(anonymous_0)","decl":{"start":{"line":13,"column":21},"end":{"line":13,"column":22}},"loc":{"start":{"line":13,"column":40},"end":{"line":28,"column":1}},"line":13},"1":{"name":"(anonymous_1)","decl":{"start":{"line":22,"column":15},"end":{"line":22,"column":16}},"loc":{"start":{"line":22,"column":21},"end":{"line":22,"column":54}},"line":22}},"branchMap":{},"s":{"0":1,"1":1,"2":1,"3":1,"4":0},"f":{"0":1,"1":0},"b":{},"_coverageSchema":"1a1c01bbd47fc00a2c39e90264f33305004495a9","hash":"18d3290b9481faffe33c7542aba593bd6d3aaa3a"}
,"C:\\Users\\charn\\Desktop\\SEG-Habitopia\\src\\screens\\authentication\\WelcomeScreen\\ButtonSection\\index.ts": {"path":"C:\\Users\\charn\\Desktop\\SEG-Habitopia\\src\\screens\\authentication\\WelcomeScreen\\ButtonSection\\index.ts","statementMap":{},"fnMap":{},"branchMap":{},"s":{},"f":{},"b":{},"_coverageSchema":"1a1c01bbd47fc00a2c39e90264f33305004495a9","hash":"46c83dbc9db374e5f1fb67534994b5fe2c1581ac"}
,"C:\\Users\\charn\\Desktop\\SEG-Habitopia\\src\\screens\\authentication\\WelcomeScreen\\TitleSection\\Subtitle.tsx": {"path":"C:\\Users\\charn\\Desktop\\SEG-Habitopia\\src\\screens\\authentication\\WelcomeScreen\\TitleSection\\Subtitle.tsx","statementMap":{"0":{"start":{"line":10,"column":17},"end":{"line":14,"column":1}},"1":{"start":{"line":11,"column":2},"end":{"line":13,"column":9}}},"fnMap":{"0":{"name":"(anonymous_0)","decl":{"start":{"line":10,"column":17},"end":{"line":10,"column":18}},"loc":{"start":{"line":11,"column":2},"end":{"line":13,"column":9}},"line":11}},"branchMap":{},"s":{"0":1,"1":1},"f":{"0":1},"b":{},"_coverageSchema":"1a1c01bbd47fc00a2c39e90264f33305004495a9","hash":"c091674328a8063a68517230c8c484b0c6969056"}
,"C:\\Users\\charn\\Desktop\\SEG-Habitopia\\src\\screens\\authentication\\WelcomeScreen\\TitleSection\\Title.tsx": {"path":"C:\\Users\\charn\\Desktop\\SEG-Habitopia\\src\\screens\\authentication\\WelcomeScreen\\TitleSection\\Title.tsx","statementMap":{"0":{"start":{"line":10,"column":14},"end":{"line":14,"column":1}},"1":{"start":{"line":11,"column":2},"end":{"line":13,"column":9}}},"fnMap":{"0":{"name":"(anonymous_0)","decl":{"start":{"line":10,"column":14},"end":{"line":10,"column":15}},"loc":{"start":{"line":11,"column":2},"end":{"line":13,"column":9}},"line":11}},"branchMap":{},"s":{"0":1,"1":1},"f":{"0":1},"b":{},"_coverageSchema":"1a1c01bbd47fc00a2c39e90264f33305004495a9","hash":"9f3fe5962e88433d643299b6b627f0f71c9cfbe8"}
,"C:\\Users\\charn\\Desktop\\SEG-Habitopia\\src\\screens\\authentication\\WelcomeScreen\\TitleSection\\TitleSection.tsx": {"path":"C:\\Users\\charn\\Desktop\\SEG-Habitopia\\src\\screens\\authentication\\WelcomeScreen\\TitleSection\\TitleSection.tsx","statementMap":{"0":{"start":{"line":13,"column":21},"end":{"line":18,"column":1}},"1":{"start":{"line":14,"column":2},"end":{"line":17,"column":9}}},"fnMap":{"0":{"name":"(anonymous_0)","decl":{"start":{"line":13,"column":21},"end":{"line":13,"column":22}},"loc":{"start":{"line":14,"column":2},"end":{"line":17,"column":9}},"line":14}},"branchMap":{},"s":{"0":1,"1":1},"f":{"0":1},"b":{},"_coverageSchema":"1a1c01bbd47fc00a2c39e90264f33305004495a9","hash":"9e6b2a95236913fa7fea971cff2dd6aaa08d482b"}
,"C:\\Users\\charn\\Desktop\\SEG-Habitopia\\src\\screens\\authentication\\WelcomeScreen\\TitleSection\\index.ts": {"path":"C:\\Users\\charn\\Desktop\\SEG-Habitopia\\src\\screens\\authentication\\WelcomeScreen\\TitleSection\\index.ts","statementMap":{},"fnMap":{},"branchMap":{},"s":{},"f":{},"b":{},"_coverageSchema":"1a1c01bbd47fc00a2c39e90264f33305004495a9","hash":"198b233bb25a94131120fe4df965c32f585ab9b7"}
}
