{"C:\\Users\\Tareita Nawaz\\Downloads\\SEG-Habitopia\\types.ts": {"path":"C:\\Users\\Tareita Nawaz\\Downloads\\SEG-Habitopia\\types.ts","statementMap":{},"fnMap":{},"branchMap":{},"s":{},"f":{},"b":{},"_coverageSchema":"1a1c01bbd47fc00a2c39e90264f33305004495a9","hash":"2697f9718ea66bf4e3bb2e4d96858b99ee141d1a"}
,"C:\\Users\\Tareita Nawaz\\Downloads\\SEG-Habitopia\\assets\\fonts\\Roboto\\Black.ttf": {"path":"C:\\Users\\Tareita Nawaz\\Downloads\\SEG-Habitopia\\assets\\fonts\\Roboto\\Black.ttf","statementMap":{"0":{"start":{"line":1,"column":0},"end":{"line":1,"column":19}}},"fnMap":{},"branchMap":{},"s":{"0":11},"f":{},"b":{},"_coverageSchema":"1a1c01bbd47fc00a2c39e90264f33305004495a9","hash":"f88e77a056e7997bfaece9a3c8dd4f8158762a75"}
,"C:\\Users\\Tareita Nawaz\\Downloads\\SEG-Habitopia\\assets\\fonts\\Roboto\\Medium.ttf": {"path":"C:\\Users\\Tareita Nawaz\\Downloads\\SEG-Habitopia\\assets\\fonts\\Roboto\\Medium.ttf","statementMap":{"0":{"start":{"line":1,"column":0},"end":{"line":1,"column":19}}},"fnMap":{},"branchMap":{},"s":{"0":11},"f":{},"b":{},"_coverageSchema":"1a1c01bbd47fc00a2c39e90264f33305004495a9","hash":"33d20347a042930b29c712bfc4162d6ee9206b9f"}
,"C:\\Users\\Tareita Nawaz\\Downloads\\SEG-Habitopia\\src\\app\\hooks.ts": {"path":"C:\\Users\\Tareita Nawaz\\Downloads\\SEG-Habitopia\\src\\app\\hooks.ts","statementMap":{"0":{"start":{"line":8,"column":46},"end":{"line":8,"column":62}},"1":{"start":{"line":9,"column":60},"end":{"line":9,"column":76}}},"fnMap":{},"branchMap":{},"s":{"0":11,"1":11},"f":{},"b":{},"_coverageSchema":"1a1c01bbd47fc00a2c39e90264f33305004495a9","hash":"11322f339ba32db294d59d7efcf4027e16b763a0"}
,"C:\\Users\\Tareita Nawaz\\Downloads\\SEG-Habitopia\\src\\app\\testingWrapper.tsx": {"path":"C:\\Users\\Tareita Nawaz\\Downloads\\SEG-Habitopia\\src\\app\\testingWrapper.tsx","statementMap":{"0":{"start":{"line":5,"column":14},"end":{"line":8,"column":1}},"1":{"start":{"line":10,"column":14},"end":{"line":10,"column":29}},"2":{"start":{"line":19,"column":23},"end":{"line":29,"column":1}},"3":{"start":{"line":20,"column":30},"end":{"line":20,"column":35}},"4":{"start":{"line":22,"column":2},"end":{"line":28,"column":4}}},"fnMap":{"0":{"name":"(anonymous_0)","decl":{"start":{"line":19,"column":23},"end":{"line":19,"column":24}},"loc":{"start":{"line":19,"column":41},"end":{"line":29,"column":1}},"line":19}},"branchMap":{},"s":{"0":4,"1":4,"2":4,"3":8,"4":5},"f":{"0":8},"b":{},"_coverageSchema":"1a1c01bbd47fc00a2c39e90264f33305004495a9","hash":"33e540f9581e4a8688d6356ffbb83c62576b1f6e"}
,"C:\\Users\\Tareita Nawaz\\Downloads\\SEG-Habitopia\\src\\app\\testingWrapperWithNavigation.tsx": {"path":"C:\\Users\\Tareita Nawaz\\Downloads\\SEG-Habitopia\\src\\app\\testingWrapperWithNavigation.tsx","statementMap":{"0":{"start":{"line":7,"column":14},"end":{"line":7,"column":42}},"1":{"start":{"line":9,"column":14},"end":{"line":12,"column":1}},"2":{"start":{"line":14,"column":14},"end":{"line":14,"column":29}},"3":{"start":{"line":25,"column":19},"end":{"line":29,"column":1}},"4":{"start":{"line":26,"column":23},"end":{"line":26,"column":35}},"5":{"start":{"line":28,"column":2},"end":{"line":28,"column":25}},"6":{"start":{"line":31,"column":33},"end":{"line":49,"column":1}},"7":{"start":{"line":32,"column":30},"end":{"line":32,"column":35}},"8":{"start":{"line":34,"column":2},"end":{"line":48,"column":4}}},"fnMap":{"0":{"name":"(anonymous_0)","decl":{"start":{"line":25,"column":19},"end":{"line":25,"column":20}},"loc":{"start":{"line":25,"column":46},"end":{"line":29,"column":1}},"line":25},"1":{"name":"(anonymous_1)","decl":{"start":{"line":31,"column":33},"end":{"line":31,"column":34}},"loc":{"start":{"line":31,"column":51},"end":{"line":49,"column":1}},"line":31}},"branchMap":{},"s":{"0":9,"1":9,"2":9,"3":9,"4":15,"5":15,"6":9,"7":22,"8":15},"f":{"0":15,"1":22},"b":{},"_coverageSchema":"1a1c01bbd47fc00a2c39e90264f33305004495a9","hash":"169cc751cd8ebce85f942e95e6539d7fcff643ce"}
,"C:\\Users\\Tareita Nawaz\\Downloads\\SEG-Habitopia\\src\\app\\theme.ts": {"path":"C:\\Users\\Tareita Nawaz\\Downloads\\SEG-Habitopia\\src\\app\\theme.ts","statementMap":{"0":{"start":{"line":8,"column":19},"end":{"line":29,"column":1}}},"fnMap":{},"branchMap":{},"s":{"0":7},"f":{},"b":{},"_coverageSchema":"1a1c01bbd47fc00a2c39e90264f33305004495a9","hash":"be8f94a2cfb8e767dbc3d489a99b32f43177e8e6"}
,"C:\\Users\\Tareita Nawaz\\Downloads\\SEG-Habitopia\\src\\app\\util.ts": {"path":"C:\\Users\\Tareita Nawaz\\Downloads\\SEG-Habitopia\\src\\app\\util.ts","statementMap":{"0":{"start":{"line":5,"column":37},"end":{"line":10,"column":1}},"1":{"start":{"line":6,"column":16},"end":{"line":6,"column":35}},"2":{"start":{"line":7,"column":43},"end":{"line":7,"column":58}},"3":{"start":{"line":8,"column":20},"end":{"line":8,"column":56}},"4":{"start":{"line":9,"column":2},"end":{"line":9,"column":19}},"5":{"start":{"line":12,"column":34},"end":{"line":17,"column":1}},"6":{"start":{"line":13,"column":16},"end":{"line":13,"column":35}},"7":{"start":{"line":14,"column":43},"end":{"line":14,"column":58}},"8":{"start":{"line":15,"column":17},"end":{"line":15,"column":50}},"9":{"start":{"line":16,"column":2},"end":{"line":16,"column":16}},"10":{"start":{"line":19,"column":35},"end":{"line":25,"column":1}},"11":{"start":{"line":20,"column":16},"end":{"line":20,"column":35}},"12":{"start":{"line":21,"column":43},"end":{"line":21,"column":58}},"13":{"start":{"line":22,"column":17},"end":{"line":22,"column":50}},"14":{"start":{"line":23,"column":15},"end":{"line":23,"column":72}},"15":{"start":{"line":23,"column":53},"end":{"line":23,"column":71}},"16":{"start":{"line":24,"column":2},"end":{"line":24,"column":17}},"17":{"start":{"line":27,"column":39},"end":{"line":30,"column":1}},"18":{"start":{"line":28,"column":15},"end":{"line":28,"column":72}},"19":{"start":{"line":28,"column":53},"end":{"line":28,"column":71}},"20":{"start":{"line":29,"column":2},"end":{"line":29,"column":17}}},"fnMap":{"0":{"name":"(anonymous_0)","decl":{"start":{"line":5,"column":37},"end":{"line":5,"column":38}},"loc":{"start":{"line":5,"column":56},"end":{"line":10,"column":1}},"line":5},"1":{"name":"(anonymous_1)","decl":{"start":{"line":12,"column":34},"end":{"line":12,"column":35}},"loc":{"start":{"line":12,"column":53},"end":{"line":17,"column":1}},"line":12},"2":{"name":"(anonymous_2)","decl":{"start":{"line":19,"column":35},"end":{"line":19,"column":36}},"loc":{"start":{"line":19,"column":60},"end":{"line":25,"column":1}},"line":19},"3":{"name":"(anonymous_3)","decl":{"start":{"line":23,"column":43},"end":{"line":23,"column":44}},"loc":{"start":{"line":23,"column":53},"end":{"line":23,"column":71}},"line":23},"4":{"name":"(anonymous_4)","decl":{"start":{"line":27,"column":39},"end":{"line":27,"column":40}},"loc":{"start":{"line":27,"column":65},"end":{"line":30,"column":1}},"line":27},"5":{"name":"(anonymous_5)","decl":{"start":{"line":28,"column":43},"end":{"line":28,"column":44}},"loc":{"start":{"line":28,"column":53},"end":{"line":28,"column":71}},"line":28}},"branchMap":{"0":{"loc":{"start":{"line":8,"column":20},"end":{"line":8,"column":56}},"type":"cond-expr","locations":[{"start":{"line":8,"column":32},"end":{"line":8,"column":51}},{"start":{"line":8,"column":54},"end":{"line":8,"column":56}}],"line":8},"1":{"loc":{"start":{"line":15,"column":17},"end":{"line":15,"column":50}},"type":"cond-expr","locations":[{"start":{"line":15,"column":29},"end":{"line":15,"column":45}},{"start":{"line":15,"column":48},"end":{"line":15,"column":50}}],"line":15},"2":{"loc":{"start":{"line":22,"column":17},"end":{"line":22,"column":50}},"type":"cond-expr","locations":[{"start":{"line":22,"column":29},"end":{"line":22,"column":45}},{"start":{"line":22,"column":48},"end":{"line":22,"column":50}}],"line":22}},"s":{"0":5,"1":0,"2":0,"3":0,"4":0,"5":5,"6":0,"7":0,"8":0,"9":0,"10":5,"11":3,"12":3,"13":0,"14":0,"15":0,"16":0,"17":5,"18":0,"19":0,"20":0},"f":{"0":0,"1":0,"2":3,"3":0,"4":0,"5":0},"b":{"0":[0,0],"1":[0,0],"2":[0,0]},"_coverageSchema":"1a1c01bbd47fc00a2c39e90264f33305004495a9","hash":"4bddd694560ddffbf40641991634accfba3969e6"}
,"C:\\Users\\Tareita Nawaz\\Downloads\\SEG-Habitopia\\src\\components\\BoxWithShadow\\BoxWithShadow.tsx": {"path":"C:\\Users\\Tareita Nawaz\\Downloads\\SEG-Habitopia\\src\\components\\BoxWithShadow\\BoxWithShadow.tsx","statementMap":{"0":{"start":{"line":15,"column":22},"end":{"line":28,"column":1}},"1":{"start":{"line":16,"column":2},"end":{"line":27,"column":9}}},"fnMap":{"0":{"name":"(anonymous_0)","decl":{"start":{"line":15,"column":22},"end":{"line":15,"column":23}},"loc":{"start":{"line":16,"column":2},"end":{"line":27,"column":9}},"line":16}},"branchMap":{},"s":{"0":7,"1":11},"f":{"0":11},"b":{},"_coverageSchema":"1a1c01bbd47fc00a2c39e90264f33305004495a9","hash":"e7719d8e49593f1900f2325a59aa5c6570c02eba"}
,"C:\\Users\\Tareita Nawaz\\Downloads\\SEG-Habitopia\\src\\components\\BoxWithShadow\\index.ts": {"path":"C:\\Users\\Tareita Nawaz\\Downloads\\SEG-Habitopia\\src\\components\\BoxWithShadow\\index.ts","statementMap":{},"fnMap":{},"branchMap":{},"s":{},"f":{},"b":{},"_coverageSchema":"1a1c01bbd47fc00a2c39e90264f33305004495a9","hash":"fa337fd7197cd5bb6b503e7abe172584175ba202"}
,"C:\\Users\\Tareita Nawaz\\Downloads\\SEG-Habitopia\\src\\components\\Button\\Button.tsx": {"path":"C:\\Users\\Tareita Nawaz\\Downloads\\SEG-Habitopia\\src\\components\\Button\\Button.tsx","statementMap":{"0":{"start":{"line":38,"column":15},"end":{"line":49,"column":1}},"1":{"start":{"line":39,"column":2},"end":{"line":48,"column":4}},"2":{"start":{"line":51,"column":21},"end":{"line":61,"column":1}},"3":{"start":{"line":52,"column":2},"end":{"line":60,"column":21}},"4":{"start":{"line":55,"column":6},"end":{"line":55,"column":47}},"5":{"start":{"line":63,"column":20},"end":{"line":96,"column":1}},"6":{"start":{"line":64,"column":17},"end":{"line":73,"column":4}},"7":{"start":{"line":76,"column":29},"end":{"line":76,"column":70}},"8":{"start":{"line":78,"column":25},"end":{"line":81,"column":3}},"9":{"start":{"line":83,"column":2},"end":{"line":95,"column":4}},"10":{"start":{"line":98,"column":19},"end":{"line":108,"column":1}},"11":{"start":{"line":99,"column":2},"end":{"line":107,"column":9}}},"fnMap":{"0":{"name":"(anonymous_0)","decl":{"start":{"line":38,"column":15},"end":{"line":38,"column":16}},"loc":{"start":{"line":38,"column":39},"end":{"line":49,"column":1}},"line":38},"1":{"name":"(anonymous_1)","decl":{"start":{"line":51,"column":21},"end":{"line":51,"column":22}},"loc":{"start":{"line":52,"column":2},"end":{"line":60,"column":21}},"line":52},"2":{"name":"(anonymous_2)","decl":{"start":{"line":54,"column":13},"end":{"line":54,"column":14}},"loc":{"start":{"line":54,"column":19},"end":{"line":56,"column":5}},"line":54},"3":{"name":"(anonymous_3)","decl":{"start":{"line":63,"column":20},"end":{"line":63,"column":21}},"loc":{"start":{"line":63,"column":75},"end":{"line":96,"column":1}},"line":63},"4":{"name":"(anonymous_4)","decl":{"start":{"line":98,"column":19},"end":{"line":98,"column":20}},"loc":{"start":{"line":99,"column":2},"end":{"line":107,"column":9}},"line":99}},"branchMap":{"0":{"loc":{"start":{"line":55,"column":6},"end":{"line":55,"column":46}},"type":"cond-expr","locations":[{"start":{"line":55,"column":30},"end":{"line":55,"column":34}},{"start":{"line":55,"column":37},"end":{"line":55,"column":46}}],"line":55},"1":{"loc":{"start":{"line":90,"column":8},"end":{"line":90,"column":69}},"type":"cond-expr","locations":[{"start":{"line":90,"column":22},"end":{"line":90,"column":39}},{"start":{"line":90,"column":42},"end":{"line":90,"column":69}}],"line":90},"2":{"loc":{"start":{"line":102,"column":6},"end":{"line":102,"column":51}},"type":"cond-expr","locations":[{"start":{"line":102,"column":26},"end":{"line":102,"column":30}},{"start":{"line":102,"column":33},"end":{"line":102,"column":51}}],"line":102}},"s":{"0":7,"1":17,"2":7,"3":11,"4":5,"5":7,"6":11,"7":11,"8":11,"9":11,"10":7,"11":11},"f":{"0":17,"1":11,"2":5,"3":11,"4":11},"b":{"0":[0,5],"1":[11,0],"2":[11,0]},"_coverageSchema":"1a1c01bbd47fc00a2c39e90264f33305004495a9","hash":"a8a28b810ce452bb64beb48f274afd3eb0b554df"}
,"C:\\Users\\Tareita Nawaz\\Downloads\\SEG-Habitopia\\src\\components\\Button\\index.ts": {"path":"C:\\Users\\Tareita Nawaz\\Downloads\\SEG-Habitopia\\src\\components\\Button\\index.ts","statementMap":{},"fnMap":{},"branchMap":{},"s":{},"f":{},"b":{},"_coverageSchema":"1a1c01bbd47fc00a2c39e90264f33305004495a9","hash":"72c03c2f708d93bcf8beafcf248fd7c338cc5a36"}
,"C:\\Users\\Tareita Nawaz\\Downloads\\SEG-Habitopia\\src\\components\\StatusContainer\\StatusContainer.tsx": {"path":"C:\\Users\\Tareita Nawaz\\Downloads\\SEG-Habitopia\\src\\components\\StatusContainer\\StatusContainer.tsx","statementMap":{"0":{"start":{"line":21,"column":24},"end":{"line":47,"column":1}},"1":{"start":{"line":22,"column":45},"end":{"line":22,"column":50}},"2":{"start":{"line":24,"column":30},"end":{"line":39,"column":3}},"3":{"start":{"line":25,"column":4},"end":{"line":38,"column":5}},"4":{"start":{"line":26,"column":6},"end":{"line":26,"column":66}},"5":{"start":{"line":27,"column":11},"end":{"line":38,"column":5}},"6":{"start":{"line":28,"column":6},"end":{"line":33,"column":8}},"7":{"start":{"line":34,"column":11},"end":{"line":38,"column":5}},"8":{"start":{"line":35,"column":6},"end":{"line":37,"column":8}},"9":{"start":{"line":41,"column":2},"end":{"line":46,"column":4}}},"fnMap":{"0":{"name":"(anonymous_0)","decl":{"start":{"line":21,"column":24},"end":{"line":21,"column":25}},"loc":{"start":{"line":21,"column":42},"end":{"line":47,"column":1}},"line":21},"1":{"name":"(anonymous_1)","decl":{"start":{"line":24,"column":30},"end":{"line":24,"column":31}},"loc":{"start":{"line":24,"column":36},"end":{"line":39,"column":3}},"line":24}},"branchMap":{"0":{"loc":{"start":{"line":25,"column":4},"end":{"line":38,"column":5}},"type":"if","locations":[{"start":{"line":25,"column":4},"end":{"line":38,"column":5}},{"start":{"line":27,"column":11},"end":{"line":38,"column":5}}],"line":25},"1":{"loc":{"start":{"line":27,"column":11},"end":{"line":38,"column":5}},"type":"if","locations":[{"start":{"line":27,"column":11},"end":{"line":38,"column":5}},{"start":{"line":34,"column":11},"end":{"line":38,"column":5}}],"line":27},"2":{"loc":{"start":{"line":27,"column":15},"end":{"line":27,"column":40}},"type":"binary-expr","locations":[{"start":{"line":27,"column":15},"end":{"line":27,"column":20}},{"start":{"line":27,"column":24},"end":{"line":27,"column":40}}],"line":27},"3":{"loc":{"start":{"line":34,"column":11},"end":{"line":38,"column":5}},"type":"if","locations":[{"start":{"line":34,"column":11},"end":{"line":38,"column":5}},{"start":{},"end":{}}],"line":34},"4":{"loc":{"start":{"line":34,"column":15},"end":{"line":34,"column":63}},"type":"binary-expr","locations":[{"start":{"line":34,"column":15},"end":{"line":34,"column":19}},{"start":{"line":34,"column":23},"end":{"line":34,"column":42}},{"start":{"line":34,"column":46},"end":{"line":34,"column":63}}],"line":34},"5":{"loc":{"start":{"line":43,"column":7},"end":{"line":43,"column":38}},"type":"binary-expr","locations":[{"start":{"line":43,"column":7},"end":{"line":43,"column":11}},{"start":{"line":43,"column":15},"end":{"line":43,"column":38}}],"line":43}},"s":{"0":1,"1":3,"2":2,"3":2,"4":0,"5":2,"6":0,"7":2,"8":0,"9":2},"f":{"0":3,"1":2},"b":{"0":[0,2],"1":[0,2],"2":[2,0],"3":[0,2],"4":[2,2,0],"5":[2,2]},"_coverageSchema":"1a1c01bbd47fc00a2c39e90264f33305004495a9","hash":"3f135a18911496cd89fc5ef5934f7f9a8e0da6cb"}
,"C:\\Users\\Tareita Nawaz\\Downloads\\SEG-Habitopia\\src\\components\\StatusContainer\\StatusIcon.tsx": {"path":"C:\\Users\\Tareita Nawaz\\Downloads\\SEG-Habitopia\\src\\components\\StatusContainer\\StatusIcon.tsx","statementMap":{"0":{"start":{"line":9,"column":19},"end":{"line":20,"column":1}},"1":{"start":{"line":10,"column":26},"end":{"line":10,"column":31}},"2":{"start":{"line":12,"column":2},"end":{"line":19,"column":4}}},"fnMap":{"0":{"name":"(anonymous_0)","decl":{"start":{"line":9,"column":19},"end":{"line":9,"column":20}},"loc":{"start":{"line":9,"column":37},"end":{"line":20,"column":1}},"line":9}},"branchMap":{},"s":{"0":1,"1":0,"2":0},"f":{"0":0},"b":{},"_coverageSchema":"1a1c01bbd47fc00a2c39e90264f33305004495a9","hash":"b008afac3bd417f2051935f0ccd7713d21e3ac9e"}
,"C:\\Users\\Tareita Nawaz\\Downloads\\SEG-Habitopia\\src\\components\\Text\\Text.tsx": {"path":"C:\\Users\\Tareita Nawaz\\Downloads\\SEG-Habitopia\\src\\components\\Text\\Text.tsx","statementMap":{"0":{"start":{"line":30,"column":13},"end":{"line":114,"column":1}},"1":{"start":{"line":31,"column":40},"end":{"line":31,"column":55}},"2":{"start":{"line":33,"column":20},"end":{"line":44,"column":3}},"3":{"start":{"line":34,"column":4},"end":{"line":41,"column":5}},"4":{"start":{"line":35,"column":6},"end":{"line":38,"column":9}},"5":{"start":{"line":40,"column":6},"end":{"line":40,"column":25}},"6":{"start":{"line":43,"column":4},"end":{"line":43,"column":25}},"7":{"start":{"line":46,"column":2},"end":{"line":52,"column":9}},"8":{"start":{"line":48,"column":6},"end":{"line":48,"column":24}},"9":{"start":{"line":49,"column":6},"end":{"line":49,"column":27}},"10":{"start":{"line":51,"column":4},"end":{"line":51,"column":14}},"11":{"start":{"line":54,"column":2},"end":{"line":65,"column":20}},"12":{"start":{"line":56,"column":6},"end":{"line":62,"column":7}},"13":{"start":{"line":57,"column":8},"end":{"line":61,"column":9}},"14":{"start":{"line":58,"column":10},"end":{"line":58,"column":41}},"15":{"start":{"line":60,"column":10},"end":{"line":60,"column":29}},"16":{"start":{"line":64,"column":4},"end":{"line":64,"column":23}},"17":{"start":{"line":67,"column":2},"end":{"line":67,"column":49}},"18":{"start":{"line":67,"column":25},"end":{"line":67,"column":49}},"19":{"start":{"line":69,"column":26},"end":{"line":71,"column":41}},"20":{"start":{"line":73,"column":17},"end":{"line":107,"column":4}},"21":{"start":{"line":109,"column":2},"end":{"line":113,"column":4}}},"fnMap":{"0":{"name":"(anonymous_0)","decl":{"start":{"line":30,"column":13},"end":{"line":30,"column":14}},"loc":{"start":{"line":30,"column":62},"end":{"line":114,"column":1}},"line":30},"1":{"name":"(anonymous_1)","decl":{"start":{"line":33,"column":20},"end":{"line":33,"column":21}},"loc":{"start":{"line":33,"column":32},"end":{"line":44,"column":3}},"line":33},"2":{"name":"(anonymous_2)","decl":{"start":{"line":46,"column":12},"end":{"line":46,"column":13}},"loc":{"start":{"line":46,"column":18},"end":{"line":52,"column":3}},"line":46},"3":{"name":"loading","decl":{"start":{"line":47,"column":19},"end":{"line":47,"column":26}},"loc":{"start":{"line":47,"column":29},"end":{"line":50,"column":5}},"line":47},"4":{"name":"(anonymous_4)","decl":{"start":{"line":54,"column":12},"end":{"line":54,"column":13}},"loc":{"start":{"line":54,"column":18},"end":{"line":65,"column":3}},"line":54},"5":{"name":"hideSplashScreen","decl":{"start":{"line":55,"column":19},"end":{"line":55,"column":35}},"loc":{"start":{"line":55,"column":38},"end":{"line":63,"column":5}},"line":55}},"branchMap":{"0":{"loc":{"start":{"line":56,"column":6},"end":{"line":62,"column":7}},"type":"if","locations":[{"start":{"line":56,"column":6},"end":{"line":62,"column":7}},{"start":{},"end":{}}],"line":56},"1":{"loc":{"start":{"line":67,"column":2},"end":{"line":67,"column":49}},"type":"if","locations":[{"start":{"line":67,"column":2},"end":{"line":67,"column":49}},{"start":{},"end":{}}],"line":67},"2":{"loc":{"start":{"line":76,"column":8},"end":{"line":77,"column":73}},"type":"binary-expr","locations":[{"start":{"line":76,"column":8},"end":{"line":76,"column":13}},{"start":{"line":77,"column":8},"end":{"line":77,"column":73}}],"line":76},"3":{"loc":{"start":{"line":81,"column":18},"end":{"line":81,"column":59}},"type":"cond-expr","locations":[{"start":{"line":81,"column":32},"end":{"line":81,"column":47}},{"start":{"line":81,"column":50},"end":{"line":81,"column":59}}],"line":81},"4":{"loc":{"start":{"line":85,"column":18},"end":{"line":85,"column":59}},"type":"cond-expr","locations":[{"start":{"line":85,"column":32},"end":{"line":85,"column":47}},{"start":{"line":85,"column":50},"end":{"line":85,"column":59}}],"line":85},"5":{"loc":{"start":{"line":90,"column":8},"end":{"line":91,"column":73}},"type":"binary-expr","locations":[{"start":{"line":90,"column":8},"end":{"line":90,"column":13}},{"start":{"line":91,"column":8},"end":{"line":91,"column":73}}],"line":90},"6":{"loc":{"start":{"line":92,"column":18},"end":{"line":92,"column":59}},"type":"cond-expr","locations":[{"start":{"line":92,"column":32},"end":{"line":92,"column":47}},{"start":{"line":92,"column":50},"end":{"line":92,"column":59}}],"line":92},"7":{"loc":{"start":{"line":96,"column":18},"end":{"line":96,"column":58}},"type":"cond-expr","locations":[{"start":{"line":96,"column":32},"end":{"line":96,"column":46}},{"start":{"line":96,"column":49},"end":{"line":96,"column":58}}],"line":96},"8":{"loc":{"start":{"line":100,"column":18},"end":{"line":100,"column":58}},"type":"cond-expr","locations":[{"start":{"line":100,"column":32},"end":{"line":100,"column":46}},{"start":{"line":100,"column":49},"end":{"line":100,"column":58}}],"line":100},"9":{"loc":{"start":{"line":105,"column":18},"end":{"line":105,"column":59}},"type":"cond-expr","locations":[{"start":{"line":105,"column":32},"end":{"line":105,"column":47}},{"start":{"line":105,"column":50},"end":{"line":105,"column":59}}],"line":105}},"s":{"0":11,"1":124,"2":124,"3":48,"4":48,"5":0,"6":48,"7":124,"8":48,"9":48,"10":48,"11":124,"12":96,"13":48,"14":48,"15":0,"16":96,"17":124,"18":0,"19":124,"20":124,"21":124},"f":{"0":124,"1":48,"2":48,"3":48,"4":96,"5":96},"b":{"0":[48,48],"1":[0,124],"2":[124,124],"3":[76,48],"4":[76,48],"5":[124,124],"6":[76,48],"7":[76,48],"8":[76,48],"9":[76,48]},"_coverageSchema":"1a1c01bbd47fc00a2c39e90264f33305004495a9","hash":"013c29186c8a8fb55694e7d641b9609392159065"}
,"C:\\Users\\Tareita Nawaz\\Downloads\\SEG-Habitopia\\src\\components\\Text\\index.tsx": {"path":"C:\\Users\\Tareita Nawaz\\Downloads\\SEG-Habitopia\\src\\components\\Text\\index.tsx","statementMap":{},"fnMap":{},"branchMap":{},"s":{},"f":{},"b":{},"_coverageSchema":"1a1c01bbd47fc00a2c39e90264f33305004495a9","hash":"499de9a889f2e9a3ce66cfae7accb940e50c1e04"}
,"C:\\Users\\Tareita Nawaz\\Downloads\\SEG-Habitopia\\src\\features\\auth\\authQueries.ts": {"path":"C:\\Users\\Tareita Nawaz\\Downloads\\SEG-Habitopia\\src\\features\\auth\\authQueries.ts","statementMap":{"0":{"start":{"line":7,"column":36},"end":{"line":24,"column":1}},"1":{"start":{"line":12,"column":20},"end":{"line":12,"column":77}},"2":{"start":{"line":12,"column":58},"end":{"line":12,"column":76}},"3":{"start":{"line":13,"column":2},"end":{"line":23,"column":3}},"4":{"start":{"line":14,"column":4},"end":{"line":22,"column":5}},"5":{"start":{"line":15,"column":36},"end":{"line":15,"column":76}},"6":{"start":{"line":16,"column":6},"end":{"line":19,"column":9}},"7":{"start":{"line":21,"column":6},"end":{"line":21,"column":25}}},"fnMap":{"0":{"name":"(anonymous_0)","decl":{"start":{"line":7,"column":36},"end":{"line":7,"column":37}},"loc":{"start":{"line":11,"column":5},"end":{"line":24,"column":1}},"line":11},"1":{"name":"(anonymous_1)","decl":{"start":{"line":12,"column":48},"end":{"line":12,"column":49}},"loc":{"start":{"line":12,"column":58},"end":{"line":12,"column":76}},"line":12}},"branchMap":{"0":{"loc":{"start":{"line":13,"column":2},"end":{"line":23,"column":3}},"type":"if","locations":[{"start":{"line":13,"column":2},"end":{"line":23,"column":3}},{"start":{},"end":{}}],"line":13}},"s":{"0":12,"1":0,"2":0,"3":0,"4":0,"5":0,"6":0,"7":0},"f":{"0":0,"1":0},"b":{"0":[0,0]},"_coverageSchema":"1a1c01bbd47fc00a2c39e90264f33305004495a9","hash":"e8f6b485ffae2e8cca27f5e6b47c816d761d5997"}
,"C:\\Users\\Tareita Nawaz\\Downloads\\SEG-Habitopia\\src\\features\\auth\\authSlice.ts": {"path":"C:\\Users\\Tareita Nawaz\\Downloads\\SEG-Habitopia\\src\\features\\auth\\authSlice.ts","statementMap":{"0":{"start":{"line":26,"column":26},"end":{"line":45,"column":1}},"1":{"start":{"line":29,"column":4},"end":{"line":43,"column":5}},"2":{"start":{"line":30,"column":20},"end":{"line":30,"column":52}},"3":{"start":{"line":31,"column":40},"end":{"line":31,"column":61}},"4":{"start":{"line":32,"column":6},"end":{"line":38,"column":9}},"5":{"start":{"line":40,"column":22},"end":{"line":40,"column":35}},"6":{"start":{"line":41,"column":6},"end":{"line":41,"column":25}},"7":{"start":{"line":42,"column":6},"end":{"line":42,"column":47}},"8":{"start":{"line":47,"column":36},"end":{"line":63,"column":2}},"9":{"start":{"line":52,"column":2},"end":{"line":62,"column":3}},"10":{"start":{"line":53,"column":18},"end":{"line":53,"column":50}},"11":{"start":{"line":54,"column":56},"end":{"line":54,"column":77}},"12":{"start":{"line":55,"column":4},"end":{"line":55,"column":54}},"13":{"start":{"line":56,"column":17},"end":{"line":56,"column":57}},"14":{"start":{"line":57,"column":4},"end":{"line":57,"column":29}},"15":{"start":{"line":59,"column":20},"end":{"line":59,"column":33}},"16":{"start":{"line":60,"column":4},"end":{"line":60,"column":23}},"17":{"start":{"line":61,"column":4},"end":{"line":61,"column":45}},"18":{"start":{"line":65,"column":28},"end":{"line":82,"column":1}},"19":{"start":{"line":66,"column":21},"end":{"line":66,"column":23}},"20":{"start":{"line":68,"column":2},"end":{"line":77,"column":3}},"21":{"start":{"line":69,"column":4},"end":{"line":69,"column":70}},"22":{"start":{"line":70,"column":9},"end":{"line":77,"column":3}},"23":{"start":{"line":71,"column":4},"end":{"line":71,"column":85}},"24":{"start":{"line":72,"column":9},"end":{"line":77,"column":3}},"25":{"start":{"line":73,"column":4},"end":{"line":73,"column":53}},"26":{"start":{"line":75,"column":4},"end":{"line":75,"column":31}},"27":{"start":{"line":76,"column":4},"end":{"line":76,"column":30}},"28":{"start":{"line":78,"column":2},"end":{"line":81,"column":5}},"29":{"start":{"line":84,"column":30},"end":{"line":103,"column":1}},"30":{"start":{"line":85,"column":2},"end":{"line":91,"column":3}},"31":{"start":{"line":86,"column":4},"end":{"line":89,"column":7}},"32":{"start":{"line":90,"column":4},"end":{"line":90,"column":11}},"33":{"start":{"line":93,"column":2},"end":{"line":102,"column":44}},"34":{"start":{"line":95,"column":4},"end":{"line":95,"column":60}},"35":{"start":{"line":98,"column":2},"end":{"line":101,"column":4}},"36":{"start":{"line":102,"column":18},"end":{"line":102,"column":42}},"37":{"start":{"line":105,"column":20},"end":{"line":115,"column":1}},"38":{"start":{"line":106,"column":44},"end":{"line":106,"column":78}},"39":{"start":{"line":107,"column":15},"end":{"line":110,"column":3}},"40":{"start":{"line":112,"column":2},"end":{"line":112,"column":59}},"41":{"start":{"line":113,"column":2},"end":{"line":113,"column":58}},"42":{"start":{"line":114,"column":2},"end":{"line":114,"column":14}},"43":{"start":{"line":117,"column":25},"end":{"line":132,"column":2}},"44":{"start":{"line":122,"column":2},"end":{"line":131,"column":3}},"45":{"start":{"line":123,"column":18},"end":{"line":123,"column":50}},"46":{"start":{"line":124,"column":32},"end":{"line":124,"column":52}},"47":{"start":{"line":125,"column":17},"end":{"line":125,"column":51}},"48":{"start":{"line":126,"column":4},"end":{"line":126,"column":29}},"49":{"start":{"line":128,"column":20},"end":{"line":128,"column":33}},"50":{"start":{"line":129,"column":4},"end":{"line":129,"column":25}},"51":{"start":{"line":130,"column":4},"end":{"line":130,"column":45}},"52":{"start":{"line":134,"column":36},"end":{"line":151,"column":2}},"53":{"start":{"line":139,"column":15},"end":{"line":139,"column":49}},"54":{"start":{"line":141,"column":2},"end":{"line":150,"column":3}},"55":{"start":{"line":142,"column":4},"end":{"line":146,"column":7}},"56":{"start":{"line":147,"column":4},"end":{"line":147,"column":41}},"57":{"start":{"line":149,"column":4},"end":{"line":149,"column":59}},"58":{"start":{"line":153,"column":26},"end":{"line":156,"column":2}},"59":{"start":{"line":154,"column":2},"end":{"line":154,"column":40}},"60":{"start":{"line":155,"column":2},"end":{"line":155,"column":19}},"61":{"start":{"line":158,"column":32},"end":{"line":164,"column":1}},"62":{"start":{"line":166,"column":30},"end":{"line":168,"column":1}},"63":{"start":{"line":167,"column":2},"end":{"line":167,"column":23}},"64":{"start":{"line":170,"column":32},"end":{"line":177,"column":1}},"65":{"start":{"line":174,"column":2},"end":{"line":174,"column":24}},"66":{"start":{"line":175,"column":2},"end":{"line":175,"column":30}},"67":{"start":{"line":176,"column":2},"end":{"line":176,"column":19}},"68":{"start":{"line":179,"column":31},"end":{"line":183,"column":1}},"69":{"start":{"line":180,"column":2},"end":{"line":180,"column":24}},"70":{"start":{"line":181,"column":2},"end":{"line":181,"column":25}},"71":{"start":{"line":182,"column":2},"end":{"line":182,"column":31}},"72":{"start":{"line":185,"column":25},"end":{"line":215,"column":2}},"73":{"start":{"line":190,"column":6},"end":{"line":190,"column":33}},"74":{"start":{"line":191,"column":6},"end":{"line":191,"column":68}},"75":{"start":{"line":194,"column":6},"end":{"line":194,"column":66}},"76":{"start":{"line":198,"column":4},"end":{"line":198,"column":62}},"77":{"start":{"line":199,"column":4},"end":{"line":199,"column":66}},"78":{"start":{"line":200,"column":4},"end":{"line":200,"column":64}},"79":{"start":{"line":201,"column":4},"end":{"line":201,"column":73}},"80":{"start":{"line":202,"column":4},"end":{"line":202,"column":77}},"81":{"start":{"line":203,"column":4},"end":{"line":203,"column":75}},"82":{"start":{"line":204,"column":4},"end":{"line":204,"column":73}},"83":{"start":{"line":205,"column":4},"end":{"line":205,"column":77}},"84":{"start":{"line":206,"column":4},"end":{"line":206,"column":75}},"85":{"start":{"line":207,"column":4},"end":{"line":209,"column":7}},"86":{"start":{"line":208,"column":6},"end":{"line":208,"column":27}},"87":{"start":{"line":210,"column":4},"end":{"line":213,"column":7}},"88":{"start":{"line":211,"column":6},"end":{"line":211,"column":28}},"89":{"start":{"line":212,"column":6},"end":{"line":212,"column":29}},"90":{"start":{"line":217,"column":47},"end":{"line":217,"column":64}}},"fnMap":{"0":{"name":"(anonymous_0)","decl":{"start":{"line":28,"column":2},"end":{"line":28,"column":3}},"loc":{"start":{"line":28,"column":25},"end":{"line":44,"column":3}},"line":28},"1":{"name":"(anonymous_1)","decl":{"start":{"line":51,"column":23},"end":{"line":51,"column":24}},"loc":{"start":{"line":51,"column":46},"end":{"line":63,"column":1}},"line":51},"2":{"name":"(anonymous_2)","decl":{"start":{"line":65,"column":28},"end":{"line":65,"column":29}},"loc":{"start":{"line":65,"column":42},"end":{"line":82,"column":1}},"line":65},"3":{"name":"(anonymous_3)","decl":{"start":{"line":84,"column":30},"end":{"line":84,"column":31}},"loc":{"start":{"line":84,"column":78},"end":{"line":103,"column":1}},"line":84},"4":{"name":"(anonymous_4)","decl":{"start":{"line":94,"column":8},"end":{"line":94,"column":9}},"loc":{"start":{"line":94,"column":18},"end":{"line":96,"column":3}},"line":94},"5":{"name":"(anonymous_5)","decl":{"start":{"line":97,"column":8},"end":{"line":97,"column":9}},"loc":{"start":{"line":98,"column":2},"end":{"line":101,"column":4}},"line":98},"6":{"name":"(anonymous_6)","decl":{"start":{"line":102,"column":9},"end":{"line":102,"column":10}},"loc":{"start":{"line":102,"column":18},"end":{"line":102,"column":42}},"line":102},"7":{"name":"(anonymous_7)","decl":{"start":{"line":105,"column":20},"end":{"line":105,"column":21}},"loc":{"start":{"line":105,"column":78},"end":{"line":115,"column":1}},"line":105},"8":{"name":"(anonymous_8)","decl":{"start":{"line":121,"column":16},"end":{"line":121,"column":17}},"loc":{"start":{"line":121,"column":39},"end":{"line":132,"column":1}},"line":121},"9":{"name":"(anonymous_9)","decl":{"start":{"line":138,"column":27},"end":{"line":138,"column":28}},"loc":{"start":{"line":138,"column":50},"end":{"line":151,"column":1}},"line":138},"10":{"name":"(anonymous_10)","decl":{"start":{"line":153,"column":62},"end":{"line":153,"column":63}},"loc":{"start":{"line":153,"column":74},"end":{"line":156,"column":1}},"line":153},"11":{"name":"(anonymous_11)","decl":{"start":{"line":166,"column":30},"end":{"line":166,"column":31}},"loc":{"start":{"line":166,"column":52},"end":{"line":168,"column":1}},"line":166},"12":{"name":"(anonymous_12)","decl":{"start":{"line":170,"column":32},"end":{"line":170,"column":33}},"loc":{"start":{"line":173,"column":5},"end":{"line":177,"column":1}},"line":173},"13":{"name":"(anonymous_13)","decl":{"start":{"line":179,"column":31},"end":{"line":179,"column":32}},"loc":{"start":{"line":179,"column":66},"end":{"line":183,"column":1}},"line":179},"14":{"name":"(anonymous_14)","decl":{"start":{"line":189,"column":19},"end":{"line":189,"column":20}},"loc":{"start":{"line":189,"column":61},"end":{"line":192,"column":5}},"line":189},"15":{"name":"(anonymous_15)","decl":{"start":{"line":193,"column":18},"end":{"line":193,"column":19}},"loc":{"start":{"line":193,"column":60},"end":{"line":195,"column":5}},"line":193},"16":{"name":"(anonymous_16)","decl":{"start":{"line":197,"column":17},"end":{"line":197,"column":18}},"loc":{"start":{"line":197,"column":30},"end":{"line":214,"column":3}},"line":197},"17":{"name":"(anonymous_17)","decl":{"start":{"line":207,"column":40},"end":{"line":207,"column":41}},"loc":{"start":{"line":207,"column":51},"end":{"line":209,"column":5}},"line":207},"18":{"name":"(anonymous_18)","decl":{"start":{"line":210,"column":42},"end":{"line":210,"column":43}},"loc":{"start":{"line":210,"column":53},"end":{"line":213,"column":5}},"line":210}},"branchMap":{"0":{"loc":{"start":{"line":68,"column":2},"end":{"line":77,"column":3}},"type":"if","locations":[{"start":{"line":68,"column":2},"end":{"line":77,"column":3}},{"start":{"line":70,"column":9},"end":{"line":77,"column":3}}],"line":68},"1":{"loc":{"start":{"line":70,"column":9},"end":{"line":77,"column":3}},"type":"if","locations":[{"start":{"line":70,"column":9},"end":{"line":77,"column":3}},{"start":{"line":72,"column":9},"end":{"line":77,"column":3}}],"line":70},"2":{"loc":{"start":{"line":72,"column":9},"end":{"line":77,"column":3}},"type":"if","locations":[{"start":{"line":72,"column":9},"end":{"line":77,"column":3}},{"start":{"line":74,"column":9},"end":{"line":77,"column":3}}],"line":72},"3":{"loc":{"start":{"line":85,"column":2},"end":{"line":91,"column":3}},"type":"if","locations":[{"start":{"line":85,"column":2},"end":{"line":91,"column":3}},{"start":{},"end":{}}],"line":85},"4":{"loc":{"start":{"line":141,"column":2},"end":{"line":150,"column":3}},"type":"if","locations":[{"start":{"line":141,"column":2},"end":{"line":150,"column":3}},{"start":{"line":148,"column":9},"end":{"line":150,"column":3}}],"line":141}},"s":{"0":12,"1":4,"2":4,"3":4,"4":3,"5":2,"6":2,"7":2,"8":12,"9":0,"10":0,"11":0,"12":0,"13":0,"14":0,"15":0,"16":0,"17":0,"18":12,"19":0,"20":0,"21":0,"22":0,"23":0,"24":0,"25":0,"26":0,"27":0,"28":0,"29":12,"30":0,"31":0,"32":0,"33":0,"34":0,"35":0,"36":0,"37":12,"38":2,"39":2,"40":2,"41":2,"42":2,"43":12,"44":2,"45":2,"46":2,"47":2,"48":2,"49":0,"50":0,"51":0,"52":12,"53":0,"54":0,"55":0,"56":0,"57":0,"58":12,"59":0,"60":0,"61":12,"62":12,"63":0,"64":12,"65":0,"66":0,"67":0,"68":12,"69":0,"70":0,"71":0,"72":12,"73":0,"74":0,"75":0,"76":0,"77":0,"78":0,"79":0,"80":0,"81":0,"82":0,"83":0,"84":0,"85":0,"86":0,"87":0,"88":0,"89":0,"90":12},"f":{"0":4,"1":0,"2":0,"3":0,"4":0,"5":0,"6":0,"7":2,"8":2,"9":0,"10":0,"11":0,"12":0,"13":0,"14":0,"15":0,"16":0,"17":0,"18":0},"b":{"0":[0,0],"1":[0,0],"2":[0,0],"3":[0,0],"4":[0,0]},"_coverageSchema":"1a1c01bbd47fc00a2c39e90264f33305004495a9","hash":"01c2e5ecb016c1f1a43281d6c59cc02e1980cc80"}
,"C:\\Users\\Tareita Nawaz\\Downloads\\SEG-Habitopia\\src\\features\\auth\\ConfirmationCodeForm\\ConfirmationCodeForm.tsx": {"path":"C:\\Users\\Tareita Nawaz\\Downloads\\SEG-Habitopia\\src\\features\\auth\\ConfirmationCodeForm\\ConfirmationCodeForm.tsx","statementMap":{"0":{"start":{"line":19,"column":29},"end":{"line":68,"column":1}},"1":{"start":{"line":21,"column":36},"end":{"line":25,"column":4}},"2":{"start":{"line":28,"column":19},"end":{"line":28,"column":32}},"3":{"start":{"line":30,"column":19},"end":{"line":34,"column":3}},"4":{"start":{"line":31,"column":4},"end":{"line":31,"column":34}},"5":{"start":{"line":32,"column":4},"end":{"line":32,"column":43}},"6":{"start":{"line":33,"column":4},"end":{"line":33,"column":34}},"7":{"start":{"line":37,"column":21},"end":{"line":37,"column":64}},"8":{"start":{"line":40,"column":2},"end":{"line":67,"column":4}},"9":{"start":{"line":48,"column":10},"end":{"line":53,"column":12}}},"fnMap":{"0":{"name":"(anonymous_0)","decl":{"start":{"line":19,"column":29},"end":{"line":19,"column":30}},"loc":{"start":{"line":19,"column":35},"end":{"line":68,"column":1}},"line":19},"1":{"name":"(anonymous_1)","decl":{"start":{"line":30,"column":19},"end":{"line":30,"column":20}},"loc":{"start":{"line":30,"column":45},"end":{"line":34,"column":3}},"line":30},"2":{"name":"(anonymous_2)","decl":{"start":{"line":47,"column":16},"end":{"line":47,"column":17}},"loc":{"start":{"line":48,"column":10},"end":{"line":53,"column":12}},"line":48}},"branchMap":{},"s":{"0":1,"1":2,"2":1,"3":1,"4":0,"5":0,"6":0,"7":1,"8":1,"9":1},"f":{"0":2,"1":0,"2":1},"b":{},"_coverageSchema":"1a1c01bbd47fc00a2c39e90264f33305004495a9","hash":"f9c94f579f91afe13ed1ffb22340b2060d52d761"}
,"C:\\Users\\Tareita Nawaz\\Downloads\\SEG-Habitopia\\src\\features\\auth\\EmailAddressForm\\EmailAddressForm.tsx": {"path":"C:\\Users\\Tareita Nawaz\\Downloads\\SEG-Habitopia\\src\\features\\auth\\EmailAddressForm\\EmailAddressForm.tsx","statementMap":{"0":{"start":{"line":18,"column":25},"end":{"line":61,"column":1}},"1":{"start":{"line":19,"column":36},"end":{"line":23,"column":4}},"2":{"start":{"line":24,"column":19},"end":{"line":24,"column":32}},"3":{"start":{"line":26,"column":19},"end":{"line":29,"column":3}},"4":{"start":{"line":27,"column":4},"end":{"line":27,"column":34}},"5":{"start":{"line":28,"column":4},"end":{"line":28,"column":36}},"6":{"start":{"line":31,"column":21},"end":{"line":31,"column":64}},"7":{"start":{"line":33,"column":2},"end":{"line":60,"column":4}},"8":{"start":{"line":41,"column":10},"end":{"line":46,"column":12}}},"fnMap":{"0":{"name":"(anonymous_0)","decl":{"start":{"line":18,"column":25},"end":{"line":18,"column":26}},"loc":{"start":{"line":18,"column":31},"end":{"line":61,"column":1}},"line":18},"1":{"name":"(anonymous_1)","decl":{"start":{"line":26,"column":19},"end":{"line":26,"column":20}},"loc":{"start":{"line":26,"column":45},"end":{"line":29,"column":3}},"line":26},"2":{"name":"(anonymous_2)","decl":{"start":{"line":40,"column":16},"end":{"line":40,"column":17}},"loc":{"start":{"line":41,"column":10},"end":{"line":46,"column":12}},"line":41}},"branchMap":{},"s":{"0":1,"1":3,"2":2,"3":2,"4":1,"5":1,"6":2,"7":2,"8":3},"f":{"0":3,"1":1,"2":3},"b":{},"_coverageSchema":"1a1c01bbd47fc00a2c39e90264f33305004495a9","hash":"ea7ae812cb8872c9aea885e02695503ce123b9a6"}
,"C:\\Users\\Tareita Nawaz\\Downloads\\SEG-Habitopia\\src\\features\\auth\\NameForm\\NameForm.tsx": {"path":"C:\\Users\\Tareita Nawaz\\Downloads\\SEG-Habitopia\\src\\features\\auth\\NameForm\\NameForm.tsx","statementMap":{"0":{"start":{"line":18,"column":17},"end":{"line":61,"column":1}},"1":{"start":{"line":19,"column":36},"end":{"line":23,"column":4}},"2":{"start":{"line":24,"column":19},"end":{"line":24,"column":32}},"3":{"start":{"line":26,"column":19},"end":{"line":29,"column":3}},"4":{"start":{"line":27,"column":4},"end":{"line":27,"column":34}},"5":{"start":{"line":28,"column":4},"end":{"line":28,"column":40}},"6":{"start":{"line":31,"column":21},"end":{"line":31,"column":64}},"7":{"start":{"line":33,"column":2},"end":{"line":60,"column":4}},"8":{"start":{"line":41,"column":10},"end":{"line":46,"column":12}}},"fnMap":{"0":{"name":"(anonymous_0)","decl":{"start":{"line":18,"column":17},"end":{"line":18,"column":18}},"loc":{"start":{"line":18,"column":23},"end":{"line":61,"column":1}},"line":18},"1":{"name":"(anonymous_1)","decl":{"start":{"line":26,"column":19},"end":{"line":26,"column":20}},"loc":{"start":{"line":26,"column":45},"end":{"line":29,"column":3}},"line":26},"2":{"name":"(anonymous_2)","decl":{"start":{"line":40,"column":16},"end":{"line":40,"column":17}},"loc":{"start":{"line":41,"column":10},"end":{"line":46,"column":12}},"line":41}},"branchMap":{},"s":{"0":1,"1":3,"2":2,"3":2,"4":1,"5":1,"6":2,"7":2,"8":3},"f":{"0":3,"1":1,"2":3},"b":{},"_coverageSchema":"1a1c01bbd47fc00a2c39e90264f33305004495a9","hash":"5c1cedb4cd7534a6d7ca439d2a4b67cf0de4778e"}
,"C:\\Users\\Tareita Nawaz\\Downloads\\SEG-Habitopia\\src\\features\\auth\\PasswordForm\\PasswordForm.tsx": {"path":"C:\\Users\\Tareita Nawaz\\Downloads\\SEG-Habitopia\\src\\features\\auth\\PasswordForm\\PasswordForm.tsx","statementMap":{"0":{"start":{"line":23,"column":21},"end":{"line":68,"column":1}},"1":{"start":{"line":24,"column":36},"end":{"line":28,"column":4}},"2":{"start":{"line":29,"column":19},"end":{"line":29,"column":32}},"3":{"start":{"line":31,"column":19},"end":{"line":35,"column":3}},"4":{"start":{"line":32,"column":4},"end":{"line":32,"column":34}},"5":{"start":{"line":33,"column":4},"end":{"line":33,"column":33}},"6":{"start":{"line":34,"column":4},"end":{"line":34,"column":44}},"7":{"start":{"line":37,"column":21},"end":{"line":37,"column":64}},"8":{"start":{"line":39,"column":2},"end":{"line":67,"column":4}},"9":{"start":{"line":47,"column":10},"end":{"line":53,"column":12}}},"fnMap":{"0":{"name":"(anonymous_0)","decl":{"start":{"line":23,"column":21},"end":{"line":23,"column":22}},"loc":{"start":{"line":23,"column":27},"end":{"line":68,"column":1}},"line":23},"1":{"name":"(anonymous_1)","decl":{"start":{"line":31,"column":19},"end":{"line":31,"column":20}},"loc":{"start":{"line":31,"column":45},"end":{"line":35,"column":3}},"line":31},"2":{"name":"(anonymous_2)","decl":{"start":{"line":46,"column":16},"end":{"line":46,"column":17}},"loc":{"start":{"line":47,"column":10},"end":{"line":53,"column":12}},"line":47}},"branchMap":{},"s":{"0":1,"1":3,"2":2,"3":2,"4":1,"5":1,"6":1,"7":2,"8":2,"9":3},"f":{"0":3,"1":1,"2":3},"b":{},"_coverageSchema":"1a1c01bbd47fc00a2c39e90264f33305004495a9","hash":"b715f4088d0b3a395a95940df67a34d97b2bc803"}
,"C:\\Users\\Tareita Nawaz\\Downloads\\SEG-Habitopia\\src\\features\\auth\\SignInForm\\SignInForm.tsx": {"path":"C:\\Users\\Tareita Nawaz\\Downloads\\SEG-Habitopia\\src\\features\\auth\\SignInForm\\SignInForm.tsx","statementMap":{"0":{"start":{"line":21,"column":19},"end":{"line":36,"column":1}},"1":{"start":{"line":22,"column":36},"end":{"line":27,"column":4}},"2":{"start":{"line":29,"column":2},"end":{"line":35,"column":4}}},"fnMap":{"0":{"name":"(anonymous_0)","decl":{"start":{"line":21,"column":19},"end":{"line":21,"column":20}},"loc":{"start":{"line":21,"column":25},"end":{"line":36,"column":1}},"line":21}},"branchMap":{},"s":{"0":1,"1":1,"2":1},"f":{"0":1},"b":{},"_coverageSchema":"1a1c01bbd47fc00a2c39e90264f33305004495a9","hash":"d586b09c69e65e4f7ff6351eff2b1f38496add63"}
,"C:\\Users\\Tareita Nawaz\\Downloads\\SEG-Habitopia\\src\\features\\auth\\SignInForm\\EmailField\\EmailField.tsx": {"path":"C:\\Users\\Tareita Nawaz\\Downloads\\SEG-Habitopia\\src\\features\\auth\\SignInForm\\EmailField\\EmailField.tsx","statementMap":{"0":{"start":{"line":17,"column":19},"end":{"line":22,"column":1}},"1":{"start":{"line":18,"column":2},"end":{"line":21,"column":5}},"2":{"start":{"line":29,"column":18},"end":{"line":33,"column":1}},"3":{"start":{"line":30,"column":2},"end":{"line":32,"column":9}},"4":{"start":{"line":41,"column":19},"end":{"line":55,"column":1}},"5":{"start":{"line":42,"column":2},"end":{"line":54,"column":4}},"6":{"start":{"line":45,"column":6},"end":{"line":51,"column":8}}},"fnMap":{"0":{"name":"(anonymous_0)","decl":{"start":{"line":17,"column":19},"end":{"line":17,"column":20}},"loc":{"start":{"line":18,"column":2},"end":{"line":21,"column":5}},"line":18},"1":{"name":"(anonymous_1)","decl":{"start":{"line":29,"column":18},"end":{"line":29,"column":19}},"loc":{"start":{"line":30,"column":2},"end":{"line":32,"column":9}},"line":30},"2":{"name":"(anonymous_2)","decl":{"start":{"line":41,"column":19},"end":{"line":41,"column":20}},"loc":{"start":{"line":42,"column":2},"end":{"line":54,"column":4}},"line":42},"3":{"name":"(anonymous_3)","decl":{"start":{"line":44,"column":12},"end":{"line":44,"column":13}},"loc":{"start":{"line":45,"column":6},"end":{"line":51,"column":8}},"line":45}},"branchMap":{},"s":{"0":1,"1":1,"2":1,"3":1,"4":1,"5":1,"6":2},"f":{"0":1,"1":1,"2":1,"3":2},"b":{},"_coverageSchema":"1a1c01bbd47fc00a2c39e90264f33305004495a9","hash":"1ebd6e5ebda380351b5924fe5728839e1723940a"}
,"C:\\Users\\Tareita Nawaz\\Downloads\\SEG-Habitopia\\src\\features\\auth\\SignInForm\\EmailField\\index.ts": {"path":"C:\\Users\\Tareita Nawaz\\Downloads\\SEG-Habitopia\\src\\features\\auth\\SignInForm\\EmailField\\index.ts","statementMap":{},"fnMap":{},"branchMap":{},"s":{},"f":{},"b":{},"_coverageSchema":"1a1c01bbd47fc00a2c39e90264f33305004495a9","hash":"bd2617f619c9b447f44952e9866ff697ccede3fc"}
,"C:\\Users\\Tareita Nawaz\\Downloads\\SEG-Habitopia\\src\\features\\auth\\SignInForm\\PasswordField\\PasswordField.tsx": {"path":"C:\\Users\\Tareita Nawaz\\Downloads\\SEG-Habitopia\\src\\features\\auth\\SignInForm\\PasswordField\\PasswordField.tsx","statementMap":{"0":{"start":{"line":17,"column":22},"end":{"line":22,"column":1}},"1":{"start":{"line":18,"column":2},"end":{"line":21,"column":5}},"2":{"start":{"line":29,"column":18},"end":{"line":33,"column":1}},"3":{"start":{"line":30,"column":2},"end":{"line":32,"column":9}},"4":{"start":{"line":41,"column":19},"end":{"line":56,"column":1}},"5":{"start":{"line":42,"column":2},"end":{"line":55,"column":4}},"6":{"start":{"line":45,"column":6},"end":{"line":52,"column":8}}},"fnMap":{"0":{"name":"(anonymous_0)","decl":{"start":{"line":17,"column":22},"end":{"line":17,"column":23}},"loc":{"start":{"line":18,"column":2},"end":{"line":21,"column":5}},"line":18},"1":{"name":"(anonymous_1)","decl":{"start":{"line":29,"column":18},"end":{"line":29,"column":19}},"loc":{"start":{"line":30,"column":2},"end":{"line":32,"column":9}},"line":30},"2":{"name":"(anonymous_2)","decl":{"start":{"line":41,"column":19},"end":{"line":41,"column":20}},"loc":{"start":{"line":42,"column":2},"end":{"line":55,"column":4}},"line":42},"3":{"name":"(anonymous_3)","decl":{"start":{"line":44,"column":12},"end":{"line":44,"column":13}},"loc":{"start":{"line":45,"column":6},"end":{"line":52,"column":8}},"line":45}},"branchMap":{},"s":{"0":1,"1":1,"2":1,"3":1,"4":1,"5":1,"6":2},"f":{"0":1,"1":1,"2":1,"3":2},"b":{},"_coverageSchema":"1a1c01bbd47fc00a2c39e90264f33305004495a9","hash":"f83b73bcb108ad7f9150c19526ff9d606758a4f8"}
,"C:\\Users\\Tareita Nawaz\\Downloads\\SEG-Habitopia\\src\\features\\auth\\SignInForm\\PasswordField\\index.ts": {"path":"C:\\Users\\Tareita Nawaz\\Downloads\\SEG-Habitopia\\src\\features\\auth\\SignInForm\\PasswordField\\index.ts","statementMap":{},"fnMap":{},"branchMap":{},"s":{},"f":{},"b":{},"_coverageSchema":"1a1c01bbd47fc00a2c39e90264f33305004495a9","hash":"3bef83312a9dae00bc4662bdd31c9b9a92129f3c"}
,"C:\\Users\\Tareita Nawaz\\Downloads\\SEG-Habitopia\\src\\features\\auth\\SignInForm\\SubmitButton\\SubmitButton.tsx": {"path":"C:\\Users\\Tareita Nawaz\\Downloads\\SEG-Habitopia\\src\\features\\auth\\SignInForm\\SubmitButton\\SubmitButton.tsx","statementMap":{"0":{"start":{"line":19,"column":21},"end":{"line":39,"column":1}},"1":{"start":{"line":20,"column":19},"end":{"line":20,"column":32}},"2":{"start":{"line":22,"column":19},"end":{"line":26,"column":3}},"3":{"start":{"line":23,"column":4},"end":{"line":23,"column":33}},"4":{"start":{"line":25,"column":4},"end":{"line":25,"column":32}},"5":{"start":{"line":28,"column":2},"end":{"line":38,"column":4}}},"fnMap":{"0":{"name":"(anonymous_0)","decl":{"start":{"line":19,"column":21},"end":{"line":19,"column":22}},"loc":{"start":{"line":19,"column":50},"end":{"line":39,"column":1}},"line":19},"1":{"name":"(anonymous_1)","decl":{"start":{"line":22,"column":19},"end":{"line":22,"column":20}},"loc":{"start":{"line":22,"column":53},"end":{"line":26,"column":3}},"line":22}},"branchMap":{},"s":{"0":2,"1":2,"2":2,"3":1,"4":1,"5":2},"f":{"0":2,"1":1},"b":{},"_coverageSchema":"1a1c01bbd47fc00a2c39e90264f33305004495a9","hash":"58519f659a43b4a505a6e3e85bc161a5797ff0a1"}
,"C:\\Users\\Tareita Nawaz\\Downloads\\SEG-Habitopia\\src\\features\\auth\\SignInForm\\SubmitButton\\index.ts": {"path":"C:\\Users\\Tareita Nawaz\\Downloads\\SEG-Habitopia\\src\\features\\auth\\SignInForm\\SubmitButton\\index.ts","statementMap":{},"fnMap":{},"branchMap":{},"s":{},"f":{},"b":{},"_coverageSchema":"1a1c01bbd47fc00a2c39e90264f33305004495a9","hash":"ab8fce3c97f295cb9e291ac230391b4691b8563a"}
,"C:\\Users\\Tareita Nawaz\\Downloads\\SEG-Habitopia\\src\\features\\settings\\settingEntries.ts": {"path":"C:\\Users\\Tareita Nawaz\\Downloads\\SEG-Habitopia\\src\\features\\settings\\settingEntries.ts","statementMap":{"0":{"start":{"line":9,"column":39},"end":{"line":19,"column":1}}},"fnMap":{},"branchMap":{},"s":{"0":2},"f":{},"b":{},"_coverageSchema":"1a1c01bbd47fc00a2c39e90264f33305004495a9","hash":"8b3bc665087cf7d139d831003cab2e353a18ed15"}
,"C:\\Users\\Tareita Nawaz\\Downloads\\SEG-Habitopia\\src\\features\\settings\\settingsMockState.ts": {"path":"C:\\Users\\Tareita Nawaz\\Downloads\\SEG-Habitopia\\src\\features\\settings\\settingsMockState.ts","statementMap":{"0":{"start":{"line":3,"column":41},"end":{"line":19,"column":1}}},"fnMap":{},"branchMap":{},"s":{"0":7},"f":{},"b":{},"_coverageSchema":"1a1c01bbd47fc00a2c39e90264f33305004495a9","hash":"94b38f249a7705b1dd3eb5fb6f7409e493dbf05f"}
,"C:\\Users\\Tareita Nawaz\\Downloads\\SEG-Habitopia\\src\\features\\settings\\settingsSlice.ts": {"path":"C:\\Users\\Tareita Nawaz\\Downloads\\SEG-Habitopia\\src\\features\\settings\\settingsSlice.ts","statementMap":{"0":{"start":{"line":21,"column":36},"end":{"line":37,"column":1}},"1":{"start":{"line":39,"column":29},"end":{"line":59,"column":2}},"2":{"start":{"line":44,"column":2},"end":{"line":58,"column":3}},"3":{"start":{"line":45,"column":22},"end":{"line":45,"column":57}},"4":{"start":{"line":47,"column":22},"end":{"line":52,"column":5}},"5":{"start":{"line":54,"column":4},"end":{"line":54,"column":40}},"6":{"start":{"line":56,"column":20},"end":{"line":56,"column":33}},"7":{"start":{"line":57,"column":4},"end":{"line":57,"column":45}},"8":{"start":{"line":62,"column":27},"end":{"line":93,"column":2}},"9":{"start":{"line":67,"column":2},"end":{"line":92,"column":3}},"10":{"start":{"line":68,"column":68},"end":{"line":68,"column":76}},"11":{"start":{"line":69,"column":17},"end":{"line":69,"column":52}},"12":{"start":{"line":71,"column":4},"end":{"line":85,"column":10}},"13":{"start":{"line":73,"column":8},"end":{"line":75,"column":9}},"14":{"start":{"line":74,"column":10},"end":{"line":74,"column":30}},"15":{"start":{"line":76,"column":8},"end":{"line":78,"column":9}},"16":{"start":{"line":77,"column":10},"end":{"line":77,"column":48}},"17":{"start":{"line":79,"column":8},"end":{"line":81,"column":9}},"18":{"start":{"line":80,"column":10},"end":{"line":80,"column":40}},"19":{"start":{"line":82,"column":8},"end":{"line":84,"column":9}},"20":{"start":{"line":83,"column":10},"end":{"line":83,"column":48}},"21":{"start":{"line":88,"column":4},"end":{"line":88,"column":20}},"22":{"start":{"line":90,"column":20},"end":{"line":90,"column":33}},"23":{"start":{"line":91,"column":4},"end":{"line":91,"column":45}},"24":{"start":{"line":95,"column":29},"end":{"line":133,"column":2}},"25":{"start":{"line":100,"column":4},"end":{"line":107,"column":6}},"26":{"start":{"line":103,"column":8},"end":{"line":103,"column":40}},"27":{"start":{"line":104,"column":8},"end":{"line":104,"column":44}},"28":{"start":{"line":105,"column":8},"end":{"line":105,"column":39}},"29":{"start":{"line":108,"column":4},"end":{"line":111,"column":7}},"30":{"start":{"line":109,"column":6},"end":{"line":109,"column":41}},"31":{"start":{"line":110,"column":6},"end":{"line":110,"column":37}},"32":{"start":{"line":112,"column":4},"end":{"line":118,"column":6}},"33":{"start":{"line":115,"column":8},"end":{"line":115,"column":44}},"34":{"start":{"line":116,"column":8},"end":{"line":116,"column":59}},"35":{"start":{"line":119,"column":4},"end":{"line":125,"column":6}},"36":{"start":{"line":122,"column":8},"end":{"line":122,"column":66}},"37":{"start":{"line":123,"column":8},"end":{"line":123,"column":42}},"38":{"start":{"line":126,"column":4},"end":{"line":128,"column":7}},"39":{"start":{"line":127,"column":6},"end":{"line":127,"column":39}},"40":{"start":{"line":129,"column":4},"end":{"line":131,"column":7}},"41":{"start":{"line":130,"column":6},"end":{"line":130,"column":40}},"42":{"start":{"line":135,"column":18},"end":{"line":135,"column":39}}},"fnMap":{"0":{"name":"(anonymous_0)","decl":{"start":{"line":43,"column":20},"end":{"line":43,"column":21}},"loc":{"start":{"line":43,"column":43},"end":{"line":59,"column":1}},"line":43},"1":{"name":"(anonymous_1)","decl":{"start":{"line":66,"column":18},"end":{"line":66,"column":19}},"loc":{"start":{"line":66,"column":53},"end":{"line":93,"column":1}},"line":66},"2":{"name":"(anonymous_2)","decl":{"start":{"line":72,"column":24},"end":{"line":72,"column":25}},"loc":{"start":{"line":72,"column":37},"end":{"line":85,"column":7}},"line":72},"3":{"name":"(anonymous_3)","decl":{"start":{"line":99,"column":17},"end":{"line":99,"column":18}},"loc":{"start":{"line":99,"column":30},"end":{"line":132,"column":3}},"line":99},"4":{"name":"(anonymous_4)","decl":{"start":{"line":102,"column":6},"end":{"line":102,"column":7}},"loc":{"start":{"line":102,"column":65},"end":{"line":106,"column":7}},"line":102},"5":{"name":"(anonymous_5)","decl":{"start":{"line":108,"column":43},"end":{"line":108,"column":44}},"loc":{"start":{"line":108,"column":69},"end":{"line":111,"column":5}},"line":108},"6":{"name":"(anonymous_6)","decl":{"start":{"line":114,"column":6},"end":{"line":114,"column":7}},"loc":{"start":{"line":114,"column":60},"end":{"line":117,"column":7}},"line":114},"7":{"name":"(anonymous_7)","decl":{"start":{"line":121,"column":6},"end":{"line":121,"column":7}},"loc":{"start":{"line":121,"column":60},"end":{"line":124,"column":7}},"line":121},"8":{"name":"(anonymous_8)","decl":{"start":{"line":126,"column":41},"end":{"line":126,"column":42}},"loc":{"start":{"line":126,"column":67},"end":{"line":128,"column":5}},"line":126},"9":{"name":"(anonymous_9)","decl":{"start":{"line":129,"column":42},"end":{"line":129,"column":43}},"loc":{"start":{"line":129,"column":68},"end":{"line":131,"column":5}},"line":129}},"branchMap":{"0":{"loc":{"start":{"line":73,"column":8},"end":{"line":75,"column":9}},"type":"if","locations":[{"start":{"line":73,"column":8},"end":{"line":75,"column":9}},{"start":{},"end":{}}],"line":73},"1":{"loc":{"start":{"line":76,"column":8},"end":{"line":78,"column":9}},"type":"if","locations":[{"start":{"line":76,"column":8},"end":{"line":78,"column":9}},{"start":{},"end":{}}],"line":76},"2":{"loc":{"start":{"line":79,"column":8},"end":{"line":81,"column":9}},"type":"if","locations":[{"start":{"line":79,"column":8},"end":{"line":81,"column":9}},{"start":{},"end":{}}],"line":79},"3":{"loc":{"start":{"line":82,"column":8},"end":{"line":84,"column":9}},"type":"if","locations":[{"start":{"line":82,"column":8},"end":{"line":84,"column":9}},{"start":{},"end":{}}],"line":82}},"s":{"0":6,"1":6,"2":4,"3":4,"4":1,"5":1,"6":3,"7":3,"8":6,"9":1,"10":1,"11":1,"12":0,"13":0,"14":0,"15":0,"16":0,"17":0,"18":0,"19":0,"20":0,"21":0,"22":1,"23":1,"24":6,"25":1,"26":1,"27":1,"28":1,"29":1,"30":2,"31":2,"32":1,"33":1,"34":1,"35":1,"36":0,"37":0,"38":1,"39":0,"40":1,"41":0,"42":6},"f":{"0":4,"1":1,"2":0,"3":1,"4":1,"5":2,"6":1,"7":0,"8":0,"9":0},"b":{"0":[0,0],"1":[0,0],"2":[0,0],"3":[0,0]},"_coverageSchema":"1a1c01bbd47fc00a2c39e90264f33305004495a9","hash":"231c7963fc376c7865bea6e80cae2c9a7c460e38"}
,"C:\\Users\\Tareita Nawaz\\Downloads\\SEG-Habitopia\\src\\features\\settings\\ColorModeToggle\\ColorModeToggle.tsx": {"path":"C:\\Users\\Tareita Nawaz\\Downloads\\SEG-Habitopia\\src\\features\\settings\\ColorModeToggle\\ColorModeToggle.tsx","statementMap":{"0":{"start":{"line":22,"column":24},"end":{"line":46,"column":1}},"1":{"start":{"line":23,"column":41},"end":{"line":23,"column":55}},"2":{"start":{"line":25,"column":2},"end":{"line":45,"column":4}}},"fnMap":{"0":{"name":"(anonymous_0)","decl":{"start":{"line":22,"column":24},"end":{"line":22,"column":25}},"loc":{"start":{"line":22,"column":30},"end":{"line":46,"column":1}},"line":22}},"branchMap":{},"s":{"0":2,"1":5,"2":3},"f":{"0":5},"b":{},"_coverageSchema":"1a1c01bbd47fc00a2c39e90264f33305004495a9","hash":"e2940c3ed52d7e2477c1b70e3a3a3de4da99a27d"}
,"C:\\Users\\Tareita Nawaz\\Downloads\\SEG-Habitopia\\src\\features\\settings\\ColorModeToggle\\index.ts": {"path":"C:\\Users\\Tareita Nawaz\\Downloads\\SEG-Habitopia\\src\\features\\settings\\ColorModeToggle\\index.ts","statementMap":{},"fnMap":{},"branchMap":{},"s":{},"f":{},"b":{},"_coverageSchema":"1a1c01bbd47fc00a2c39e90264f33305004495a9","hash":"1e278346bfea041a82dee5370b0a9f9d2626e621"}
,"C:\\Users\\Tareita Nawaz\\Downloads\\SEG-Habitopia\\src\\features\\settings\\DoneButton\\DoneButton.tsx": {"path":"C:\\Users\\Tareita Nawaz\\Downloads\\SEG-Habitopia\\src\\features\\settings\\DoneButton\\DoneButton.tsx","statementMap":{"0":{"start":{"line":15,"column":19},"end":{"line":48,"column":1}},"1":{"start":{"line":16,"column":21},"end":{"line":16,"column":64}},"2":{"start":{"line":17,"column":58},"end":{"line":17,"column":63}},"3":{"start":{"line":19,"column":22},"end":{"line":19,"column":72}},"4":{"start":{"line":19,"column":45},"end":{"line":19,"column":71}},"5":{"start":{"line":21,"column":19},"end":{"line":21,"column":32}},"6":{"start":{"line":23,"column":22},"end":{"line":33,"column":3}},"7":{"start":{"line":24,"column":4},"end":{"line":29,"column":6}},"8":{"start":{"line":30,"column":4},"end":{"line":32,"column":5}},"9":{"start":{"line":31,"column":6},"end":{"line":31,"column":26}},"10":{"start":{"line":35,"column":2},"end":{"line":47,"column":4}}},"fnMap":{"0":{"name":"(anonymous_0)","decl":{"start":{"line":15,"column":19},"end":{"line":15,"column":20}},"loc":{"start":{"line":15,"column":37},"end":{"line":48,"column":1}},"line":15},"1":{"name":"(anonymous_1)","decl":{"start":{"line":19,"column":34},"end":{"line":19,"column":35}},"loc":{"start":{"line":19,"column":45},"end":{"line":19,"column":71}},"line":19},"2":{"name":"(anonymous_2)","decl":{"start":{"line":23,"column":22},"end":{"line":23,"column":23}},"loc":{"start":{"line":23,"column":34},"end":{"line":33,"column":3}},"line":23}},"branchMap":{"0":{"loc":{"start":{"line":30,"column":4},"end":{"line":32,"column":5}},"type":"if","locations":[{"start":{"line":30,"column":4},"end":{"line":32,"column":5}},{"start":{},"end":{}}],"line":30}},"s":{"0":3,"1":6,"2":6,"3":6,"4":6,"5":6,"6":6,"7":1,"8":1,"9":0,"10":6},"f":{"0":6,"1":6,"2":1},"b":{"0":[0,1]},"_coverageSchema":"1a1c01bbd47fc00a2c39e90264f33305004495a9","hash":"fd165f7521cdeb75b032177da3b955cf4c4b8a13"}
,"C:\\Users\\Tareita Nawaz\\Downloads\\SEG-Habitopia\\src\\features\\settings\\GenericSetting\\GenericSetting.tsx": {"path":"C:\\Users\\Tareita Nawaz\\Downloads\\SEG-Habitopia\\src\\features\\settings\\GenericSetting\\GenericSetting.tsx","statementMap":{"0":{"start":{"line":15,"column":23},"end":{"line":47,"column":1}},"1":{"start":{"line":16,"column":40},"end":{"line":16,"column":45}},"2":{"start":{"line":18,"column":33},"end":{"line":22,"column":4}},"3":{"start":{"line":24,"column":23},"end":{"line":24,"column":55}},"4":{"start":{"line":26,"column":2},"end":{"line":46,"column":4}},"5":{"start":{"line":35,"column":10},"end":{"line":40,"column":12}}},"fnMap":{"0":{"name":"(anonymous_0)","decl":{"start":{"line":15,"column":23},"end":{"line":15,"column":24}},"loc":{"start":{"line":15,"column":41},"end":{"line":47,"column":1}},"line":15},"1":{"name":"(anonymous_1)","decl":{"start":{"line":34,"column":16},"end":{"line":34,"column":17}},"loc":{"start":{"line":35,"column":10},"end":{"line":40,"column":12}},"line":35}},"branchMap":{},"s":{"0":1,"1":3,"2":2,"3":2,"4":2,"5":3},"f":{"0":3,"1":3},"b":{},"_coverageSchema":"1a1c01bbd47fc00a2c39e90264f33305004495a9","hash":"d988de7120114bc60b87f771d06d4f322dd7c3b3"}
,"C:\\Users\\Tareita Nawaz\\Downloads\\SEG-Habitopia\\src\\features\\settings\\NotificationToggle\\NotificationToggle.tsx": {"path":"C:\\Users\\Tareita Nawaz\\Downloads\\SEG-Habitopia\\src\\features\\settings\\NotificationToggle\\NotificationToggle.tsx","statementMap":{"0":{"start":{"line":13,"column":27},"end":{"line":49,"column":1}},"1":{"start":{"line":14,"column":44},"end":{"line":14,"column":72}},"2":{"start":{"line":15,"column":19},"end":{"line":15,"column":32}},"3":{"start":{"line":17,"column":29},"end":{"line":21,"column":3}},"4":{"start":{"line":18,"column":32},"end":{"line":18,"column":46}},"5":{"start":{"line":19,"column":4},"end":{"line":19,"column":42}},"6":{"start":{"line":20,"column":4},"end":{"line":20,"column":66}},"7":{"start":{"line":23,"column":2},"end":{"line":48,"column":4}}},"fnMap":{"0":{"name":"(anonymous_0)","decl":{"start":{"line":13,"column":27},"end":{"line":13,"column":28}},"loc":{"start":{"line":13,"column":45},"end":{"line":49,"column":1}},"line":13},"1":{"name":"(anonymous_1)","decl":{"start":{"line":17,"column":29},"end":{"line":17,"column":30}},"loc":{"start":{"line":17,"column":35},"end":{"line":21,"column":3}},"line":17}},"branchMap":{},"s":{"0":2,"1":5,"2":3,"3":3,"4":0,"5":0,"6":0,"7":3},"f":{"0":5,"1":0},"b":{},"_coverageSchema":"1a1c01bbd47fc00a2c39e90264f33305004495a9","hash":"2a66dbe8bf2ae90be4630468804837494aa0773b"}
,"C:\\Users\\Tareita Nawaz\\Downloads\\SEG-Habitopia\\src\\features\\settings\\PasswordSetting\\PasswordSetting.tsx": {"path":"C:\\Users\\Tareita Nawaz\\Downloads\\SEG-Habitopia\\src\\features\\settings\\PasswordSetting\\PasswordSetting.tsx","statementMap":{"0":{"start":{"line":8,"column":24},"end":{"line":62,"column":1}},"1":{"start":{"line":9,"column":40},"end":{"line":15,"column":4}},"2":{"start":{"line":17,"column":2},"end":{"line":17,"column":10}},"3":{"start":{"line":19,"column":31},"end":{"line":20,"column":59}},"4":{"start":{"line":20,"column":4},"end":{"line":20,"column":59}},"5":{"start":{"line":22,"column":2},"end":{"line":61,"column":4}},"6":{"start":{"line":29,"column":12},"end":{"line":29,"column":69}},"7":{"start":{"line":39,"column":12},"end":{"line":39,"column":69}},"8":{"start":{"line":49,"column":12},"end":{"line":49,"column":69}}},"fnMap":{"0":{"name":"(anonymous_0)","decl":{"start":{"line":8,"column":24},"end":{"line":8,"column":25}},"loc":{"start":{"line":8,"column":42},"end":{"line":62,"column":1}},"line":8},"1":{"name":"(anonymous_1)","decl":{"start":{"line":19,"column":31},"end":{"line":19,"column":32}},"loc":{"start":{"line":20,"column":4},"end":{"line":20,"column":59}},"line":20},"2":{"name":"(anonymous_2)","decl":{"start":{"line":28,"column":18},"end":{"line":28,"column":19}},"loc":{"start":{"line":29,"column":12},"end":{"line":29,"column":69}},"line":29},"3":{"name":"(anonymous_3)","decl":{"start":{"line":38,"column":18},"end":{"line":38,"column":19}},"loc":{"start":{"line":39,"column":12},"end":{"line":39,"column":69}},"line":39},"4":{"name":"(anonymous_4)","decl":{"start":{"line":48,"column":18},"end":{"line":48,"column":19}},"loc":{"start":{"line":49,"column":12},"end":{"line":49,"column":69}},"line":49}},"branchMap":{},"s":{"0":1,"1":1,"2":1,"3":1,"4":1,"5":1,"6":1,"7":1,"8":1},"f":{"0":1,"1":1,"2":1,"3":1,"4":1},"b":{},"_coverageSchema":"1a1c01bbd47fc00a2c39e90264f33305004495a9","hash":"d4fe776656bafeb1d9838279d91e4c70eb840b36"}
,"C:\\Users\\Tareita Nawaz\\Downloads\\SEG-Habitopia\\src\\features\\settings\\SettingsItem\\SettingsItem.tsx": {"path":"C:\\Users\\Tareita Nawaz\\Downloads\\SEG-Habitopia\\src\\features\\settings\\SettingsItem\\SettingsItem.tsx","statementMap":{"0":{"start":{"line":25,"column":21},"end":{"line":25,"column":75}},"1":{"start":{"line":26,"column":33},"end":{"line":26,"column":38}},"2":{"start":{"line":28,"column":2},"end":{"line":59,"column":4}},"3":{"start":{"line":43,"column":16},"end":{"line":46,"column":18}}},"fnMap":{"0":{"name":"SettingsItem","decl":{"start":{"line":24,"column":9},"end":{"line":24,"column":21}},"loc":{"start":{"line":24,"column":36},"end":{"line":60,"column":1}},"line":24},"1":{"name":"(anonymous_1)","decl":{"start":{"line":42,"column":23},"end":{"line":42,"column":24}},"loc":{"start":{"line":43,"column":16},"end":{"line":46,"column":18}},"line":43}},"branchMap":{"0":{"loc":{"start":{"line":49,"column":15},"end":{"line":53,"column":15}},"type":"cond-expr","locations":[{"start":{"line":50,"column":16},"end":{"line":50,"column":59}},{"start":{"line":52,"column":16},"end":{"line":52,"column":59}}],"line":49}},"s":{"0":9,"1":7,"2":7,"3":0},"f":{"0":9,"1":0},"b":{"0":[2,5]},"_coverageSchema":"1a1c01bbd47fc00a2c39e90264f33305004495a9","hash":"aacdb6e583db479154535ed4d712d1b5fd657a23"}
,"C:\\Users\\Tareita Nawaz\\Downloads\\SEG-Habitopia\\src\\features\\settings\\SettingsPage\\SettingsPage.tsx": {"path":"C:\\Users\\Tareita Nawaz\\Downloads\\SEG-Habitopia\\src\\features\\settings\\SettingsPage\\SettingsPage.tsx","statementMap":{"0":{"start":{"line":16,"column":21},"end":{"line":63,"column":1}},"1":{"start":{"line":17,"column":21},"end":{"line":17,"column":64}},"2":{"start":{"line":19,"column":53},"end":{"line":21,"column":3}},"3":{"start":{"line":20,"column":15},"end":{"line":20,"column":29}},"4":{"start":{"line":23,"column":19},"end":{"line":23,"column":32}},"5":{"start":{"line":25,"column":2},"end":{"line":27,"column":9}},"6":{"start":{"line":26,"column":4},"end":{"line":26,"column":30}},"7":{"start":{"line":29,"column":23},"end":{"line":32,"column":3}},"8":{"start":{"line":30,"column":4},"end":{"line":30,"column":27}},"9":{"start":{"line":31,"column":4},"end":{"line":31,"column":24}},"10":{"start":{"line":34,"column":2},"end":{"line":62,"column":4}},"11":{"start":{"line":42,"column":10},"end":{"line":48,"column":16}}},"fnMap":{"0":{"name":"(anonymous_0)","decl":{"start":{"line":16,"column":21},"end":{"line":16,"column":22}},"loc":{"start":{"line":16,"column":27},"end":{"line":63,"column":1}},"line":16},"1":{"name":"(anonymous_1)","decl":{"start":{"line":20,"column":4},"end":{"line":20,"column":5}},"loc":{"start":{"line":20,"column":15},"end":{"line":20,"column":29}},"line":20},"2":{"name":"(anonymous_2)","decl":{"start":{"line":25,"column":12},"end":{"line":25,"column":13}},"loc":{"start":{"line":25,"column":18},"end":{"line":27,"column":3}},"line":25},"3":{"name":"(anonymous_3)","decl":{"start":{"line":29,"column":23},"end":{"line":29,"column":24}},"loc":{"start":{"line":29,"column":35},"end":{"line":32,"column":3}},"line":29},"4":{"name":"(anonymous_4)","decl":{"start":{"line":41,"column":41},"end":{"line":41,"column":42}},"loc":{"start":{"line":42,"column":10},"end":{"line":48,"column":16}},"line":42}},"branchMap":{},"s":{"0":1,"1":3,"2":2,"3":2,"4":2,"5":2,"6":2,"7":2,"8":1,"9":0,"10":2,"11":6},"f":{"0":3,"1":2,"2":2,"3":1,"4":6},"b":{},"_coverageSchema":"1a1c01bbd47fc00a2c39e90264f33305004495a9","hash":"64af9073175906b975f09c2126e3d538d2019043"}
,"C:\\Users\\Tareita Nawaz\\Downloads\\SEG-Habitopia\\src\\graphql\\mutations.ts": {"path":"C:\\Users\\Tareita Nawaz\\Downloads\\SEG-Habitopia\\src\\graphql\\mutations.ts","statementMap":{"0":{"start":{"line":5,"column":47},"end":{"line":54,"column":1}},"1":{"start":{"line":55,"column":47},"end":{"line":104,"column":1}},"2":{"start":{"line":105,"column":47},"end":{"line":154,"column":1}},"3":{"start":{"line":155,"column":45},"end":{"line":233,"column":1}},"4":{"start":{"line":234,"column":45},"end":{"line":312,"column":1}},"5":{"start":{"line":313,"column":45},"end":{"line":391,"column":1}},"6":{"start":{"line":392,"column":49},"end":{"line":409,"column":1}},"7":{"start":{"line":410,"column":49},"end":{"line":427,"column":1}},"8":{"start":{"line":428,"column":49},"end":{"line":445,"column":1}},"9":{"start":{"line":446,"column":40},"end":{"line":543,"column":1}},"10":{"start":{"line":544,"column":40},"end":{"line":641,"column":1}},"11":{"start":{"line":642,"column":40},"end":{"line":739,"column":1}},"12":{"start":{"line":740,"column":43},"end":{"line":788,"column":1}},"13":{"start":{"line":789,"column":43},"end":{"line":837,"column":1}},"14":{"start":{"line":838,"column":43},"end":{"line":886,"column":1}},"15":{"start":{"line":887,"column":44},"end":{"line":979,"column":1}},"16":{"start":{"line":980,"column":44},"end":{"line":1072,"column":1}},"17":{"start":{"line":1073,"column":44},"end":{"line":1165,"column":1}},"18":{"start":{"line":1166,"column":43},"end":{"line":1211,"column":1}},"19":{"start":{"line":1212,"column":43},"end":{"line":1257,"column":1}},"20":{"start":{"line":1258,"column":43},"end":{"line":1303,"column":1}},"21":{"start":{"line":1304,"column":49},"end":{"line":1390,"column":1}},"22":{"start":{"line":1391,"column":49},"end":{"line":1477,"column":1}},"23":{"start":{"line":1478,"column":49},"end":{"line":1564,"column":1}},"24":{"start":{"line":1565,"column":48},"end":{"line":1648,"column":1}},"25":{"start":{"line":1649,"column":48},"end":{"line":1732,"column":1}},"26":{"start":{"line":1733,"column":48},"end":{"line":1816,"column":1}},"27":{"start":{"line":1817,"column":56},"end":{"line":1895,"column":1}},"28":{"start":{"line":1896,"column":56},"end":{"line":1974,"column":1}},"29":{"start":{"line":1975,"column":56},"end":{"line":2053,"column":1}}},"fnMap":{},"branchMap":{},"s":{"0":12,"1":12,"2":12,"3":12,"4":12,"5":12,"6":12,"7":12,"8":12,"9":12,"10":12,"11":12,"12":12,"13":12,"14":12,"15":12,"16":12,"17":12,"18":12,"19":12,"20":12,"21":12,"22":12,"23":12,"24":12,"25":12,"26":12,"27":12,"28":12,"29":12},"f":{},"b":{},"_coverageSchema":"1a1c01bbd47fc00a2c39e90264f33305004495a9","hash":"1c412e18699779bdea2fe58191e73e1511354ef2"}
,"C:\\Users\\Tareita Nawaz\\Downloads\\SEG-Habitopia\\src\\models\\index.js": {"path":"C:\\Users\\Tareita Nawaz\\Downloads\\SEG-Habitopia\\src\\models\\index.js","statementMap":{"0":{"start":{"line":5,"column":20},"end":{"line":9,"column":1}},"1":{"start":{"line":11,"column":135},"end":{"line":11,"column":153}}},"fnMap":{},"branchMap":{},"s":{"0":13,"1":13},"f":{},"b":{},"_coverageSchema":"1a1c01bbd47fc00a2c39e90264f33305004495a9","hash":"de8cc7462d707fbd4a30e670fdade5c1f44de910"}
,"C:\\Users\\Tareita Nawaz\\Downloads\\SEG-Habitopia\\src\\models\\schema.js": {"path":"C:\\Users\\Tareita Nawaz\\Downloads\\SEG-Habitopia\\src\\models\\schema.js","statementMap":{"0":{"start":{"line":1,"column":22},"end":{"line":1083,"column":1}}},"fnMap":{},"branchMap":{},"s":{"0":13},"f":{},"b":{},"_coverageSchema":"1a1c01bbd47fc00a2c39e90264f33305004495a9","hash":"aa2f5542798a0f23fc593152204cdfb57280cec2"}
}
