TN:
SF:types.ts
FNF:0
FNH:0
LF:0
LH:0
BRF:0
BRH:0
end_of_record
TN:
SF:assets\fonts\Roboto\Black.ttf
FNF:0
FNH:0
DA:1,37
LF:1
LH:1
BRF:0
BRH:0
end_of_record
TN:
SF:assets\fonts\Roboto\Medium.ttf
FNF:0
FNH:0
DA:1,37
LF:1
LH:1
BRF:0
BRH:0
end_of_record
TN:
SF:src\aws-exports.js
FNF:0
FNH:0
DA:4,1
LF:1
LH:1
BRF:0
BRH:0
end_of_record
TN:
SF:src\app\colorModeManager.ts
FN:13,(anonymous_0)
FN:21,(anonymous_1)
FNF:2
FNH:2
FNDA:2,(anonymous_0)
FNDA:2,(anonymous_1)
DA:12,1
DA:14,2
DA:15,2
DA:16,2
DA:18,0
DA:22,2
DA:23,1
DA:26,1
DA:27,1
DA:28,1
DA:30,0
LF:11
LH:9
BRDA:16,0,0,0
BRDA:16,0,1,2
BRDA:22,1,0,1
BRDA:22,1,1,1
BRDA:22,2,0,2
BRDA:22,2,1,2
BRDA:26,3,0,1
BRDA:26,3,1,0
BRF:8
BRH:6
end_of_record
TN:
SF:src\app\hooks.ts
FNF:0
FNH:0
DA:8,41
DA:9,41
LF:2
LH:2
BRF:0
BRH:0
end_of_record
TN:
SF:src\app\selectors.ts
FN:10,(anonymous_0)
FN:18,(anonymous_1)
FN:26,(anonymous_2)
FNF:3
FNH:1
FNDA:0,(anonymous_0)
FNDA:3,(anonymous_1)
FNDA:0,(anonymous_2)
DA:10,30
DA:18,30
DA:26,30
LF:3
LH:3
BRF:0
BRH:0
end_of_record
TN:
SF:src\app\testingWrapper.tsx
FN:19,(anonymous_0)
FNF:1
FNH:1
FNDA:16,(anonymous_0)
DA:5,15
DA:10,15
DA:19,15
DA:20,16
DA:22,16
LF:5
LH:5
BRF:0
BRH:0
end_of_record
TN:
SF:src\app\testingWrapperWithNavigation.tsx
FN:28,(anonymous_0)
FN:34,(anonymous_1)
FN:38,(anonymous_2)
FNF:3
FNH:3
FNDA:59,(anonymous_0)
FNDA:1,(anonymous_1)
FNDA:61,(anonymous_2)
DA:10,28
DA:12,28
DA:17,28
DA:28,28
DA:29,59
DA:31,59
DA:34,28
DA:35,1
DA:38,28
DA:39,61
DA:41,59
LF:11
LH:11
BRF:0
BRH:0
end_of_record
TN:
SF:src\app\theme.ts
FNF:0
FNH:0
DA:8,49
LF:1
LH:1
BRF:0
BRH:0
end_of_record
TN:
SF:src\app\util.ts
FN:5,(anonymous_0)
FN:12,(anonymous_1)
FN:19,(anonymous_2)
FN:23,(anonymous_3)
FN:27,(anonymous_4)
FN:28,(anonymous_5)
FN:32,(anonymous_6)
FNF:7
FNH:1
FNDA:0,(anonymous_0)
FNDA:0,(anonymous_1)
FNDA:6,(anonymous_2)
FNDA:0,(anonymous_3)
FNDA:0,(anonymous_4)
FNDA:0,(anonymous_5)
FNDA:0,(anonymous_6)
DA:5,38
DA:6,0
DA:7,0
DA:8,0
DA:9,0
DA:12,38
DA:13,0
DA:14,0
DA:15,0
DA:16,0
DA:19,38
DA:20,6
DA:21,6
DA:22,0
DA:23,0
DA:24,0
DA:27,38
DA:28,0
DA:29,0
DA:32,38
DA:33,0
DA:35,0
DA:36,0
DA:37,0
DA:38,0
DA:39,0
DA:42,0
DA:43,0
DA:46,0
DA:47,0
DA:50,0
DA:51,0
DA:54,0
DA:55,0
DA:59,0
LF:35
LH:7
BRDA:8,0,0,0
BRDA:8,0,1,0
BRDA:15,1,0,0
BRDA:15,1,1,0
BRDA:22,2,0,0
BRDA:22,2,1,0
BRDA:42,3,0,0
BRDA:42,3,1,0
BRDA:46,4,0,0
BRDA:46,4,1,0
BRDA:50,5,0,0
BRDA:50,5,1,0
BRDA:54,6,0,0
BRDA:54,6,1,0
BRF:14
BRH:0
end_of_record
TN:
SF:src\components\Avatar\Avatar.tsx
FN:8,(anonymous_0)
FNF:1
FNH:1
FNDA:17,(anonymous_0)
DA:8,6
DA:9,17
DA:10,17
LF:3
LH:3
BRF:0
BRH:0
end_of_record
TN:
SF:src\components\Background\Background.tsx
FN:21,(anonymous_0)
FNF:1
FNH:1
FNDA:17,(anonymous_0)
DA:21,45
DA:22,17
DA:27,17
LF:3
LH:3
BRF:0
BRH:0
end_of_record
TN:
SF:src\components\Background\index.ts
FNF:0
FNH:0
LF:0
LH:0
BRF:0
BRH:0
end_of_record
TN:
SF:src\components\BoxWithShadow\BoxWithShadow.tsx
FN:15,(anonymous_0)
FNF:1
FNH:1
FNDA:51,(anonymous_0)
DA:15,47
DA:16,51
LF:2
LH:2
BRF:0
BRH:0
end_of_record
TN:
SF:src\components\BoxWithShadow\index.ts
FNF:0
FNH:0
LF:0
LH:0
BRF:0
BRH:0
end_of_record
TN:
SF:src\components\Button\Button.tsx
FN:46,(anonymous_0)
FN:65,(anonymous_1)
FN:68,(anonymous_2)
FN:77,(anonymous_3)
FN:112,(anonymous_4)
FNF:5
FNH:5
FNDA:50,(anonymous_0)
FNDA:50,(anonymous_1)
FNDA:8,(anonymous_2)
FNDA:50,(anonymous_3)
FNDA:50,(anonymous_4)
DA:46,46
DA:47,50
DA:65,46
DA:66,50
DA:69,8
DA:77,46
DA:78,50
DA:90,50
DA:92,50
DA:97,50
DA:112,46
DA:113,50
LF:12
LH:12
BRDA:51,0,0,0
BRDA:51,0,1,50
BRDA:69,1,0,0
BRDA:69,1,1,8
BRDA:104,2,0,49
BRDA:104,2,1,1
BRDA:116,3,0,50
BRDA:116,3,1,0
BRF:8
BRH:5
end_of_record
TN:
SF:src\components\Button\index.ts
FNF:0
FNH:0
LF:0
LH:0
BRF:0
BRH:0
end_of_record
TN:
SF:src\components\Card\Card.tsx
FN:24,(anonymous_0)
FNF:1
FNH:1
FNDA:16,(anonymous_0)
DA:24,5
DA:25,16
DA:26,16
DA:31,16
DA:38,16
LF:5
LH:5
BRDA:49,0,0,16
BRDA:49,0,1,1
BRF:2
BRH:2
end_of_record
TN:
SF:src\components\Card\index.ts
FNF:0
FNH:0
LF:0
LH:0
BRF:0
BRH:0
end_of_record
TN:
SF:src\components\PaddedContainer\PaddedContainer.tsx
FN:15,(anonymous_0)
FNF:1
FNH:1
FNDA:13,(anonymous_0)
DA:15,17
DA:16,13
DA:18,13
LF:3
LH:3
BRF:0
BRH:0
end_of_record
TN:
SF:src\components\PaddedContainer\index.ts
FNF:0
FNH:0
LF:0
LH:0
BRF:0
BRH:0
end_of_record
TN:
SF:src\components\SafeAreaContainer\SafeAreaContainer.tsx
FN:22,(anonymous_0)
FNF:1
FNH:0
FNDA:0,(anonymous_0)
DA:22,1
DA:23,0
DA:25,0
DA:34,0
LF:4
LH:1
BRF:0
BRH:0
end_of_record
TN:
SF:src\components\SafeAreaContainer\index.ts
FNF:0
FNH:0
LF:0
LH:0
BRF:0
BRH:0
end_of_record
TN:
SF:src\components\StatusContainer\StatusContainer.tsx
FN:22,(anonymous_0)
FN:25,(anonymous_1)
FNF:2
FNH:2
FNDA:14,(anonymous_0)
FNDA:13,(anonymous_1)
DA:22,33
DA:23,14
DA:25,13
DA:26,13
DA:27,0
DA:28,13
DA:29,0
DA:35,13
DA:36,1
DA:37,0
DA:39,1
DA:46,13
LF:12
LH:9
BRDA:26,0,0,0
BRDA:26,0,1,13
BRDA:28,1,0,0
BRDA:28,1,1,13
BRDA:28,2,0,13
BRDA:28,2,1,0
BRDA:35,3,0,1
BRDA:35,3,1,12
BRDA:35,4,0,13
BRDA:35,4,1,11
BRDA:35,4,2,9
BRDA:36,5,0,0
BRDA:36,5,1,1
BRDA:48,6,0,13
BRDA:48,6,1,11
BRF:15
BRH:11
end_of_record
TN:
SF:src\components\StatusContainer\StatusIcon.tsx
FN:9,(anonymous_0)
FNF:1
FNH:1
FNDA:1,(anonymous_0)
DA:9,33
DA:10,1
DA:12,1
LF:3
LH:3
BRF:0
BRH:0
end_of_record
TN:
SF:src\components\Text\Text.tsx
FN:32,(anonymous_0)
FN:35,(anonymous_1)
FN:45,(anonymous_2)
FN:50,(anonymous_3)
FN:51,loading
FN:53,(anonymous_5)
FN:60,(anonymous_6)
FN:61,hideSplashScreen
FNF:8
FNH:8
FNDA:565,(anonymous_0)
FNDA:216,(anonymous_1)
FNDA:216,(anonymous_2)
FNDA:216,(anonymous_3)
FNDA:216,loading
FNDA:216,(anonymous_5)
FNDA:428,(anonymous_6)
FNDA:428,hideSplashScreen
DA:32,50
DA:33,565
DA:35,565
DA:36,216
DA:37,216
DA:42,0
DA:45,216
DA:46,216
DA:50,565
DA:52,216
DA:53,216
DA:54,216
DA:57,216
DA:60,565
DA:62,428
DA:63,212
DA:64,212
DA:66,0
DA:70,428
DA:73,565
DA:75,565
DA:79,565
DA:123,565
LF:23
LH:21
BRDA:62,0,0,212
BRDA:62,0,1,216
BRDA:73,1,0,0
BRDA:73,1,1,565
BRDA:82,2,0,565
BRDA:82,2,1,350
BRDA:87,3,0,349
BRDA:87,3,1,216
BRDA:91,4,0,349
BRDA:91,4,1,216
BRDA:95,5,0,349
BRDA:95,5,1,216
BRDA:99,6,0,349
BRDA:99,6,1,216
BRDA:104,7,0,565
BRDA:104,7,1,350
BRDA:106,8,0,349
BRDA:106,8,1,216
BRDA:110,9,0,349
BRDA:110,9,1,216
BRDA:114,10,0,349
BRDA:114,10,1,216
BRDA:119,11,0,349
BRDA:119,11,1,216
BRF:24
BRH:23
end_of_record
TN:
SF:src\components\Text\index.tsx
FNF:0
FNH:0
LF:0
LH:0
BRF:0
BRH:0
end_of_record
TN:
SF:src\components\UserList\UserList.tsx
FN:10,(anonymous_0)
FN:15,(anonymous_1)
FNF:2
FNH:0
FNDA:0,(anonymous_0)
FNDA:0,(anonymous_1)
DA:10,1
DA:11,0
DA:13,0
DA:15,0
LF:4
LH:1
BRDA:15,0,0,0
BRDA:15,0,1,0
BRF:2
BRH:0
end_of_record
TN:
SF:src\components\UserList\UserCard\UserCard.tsx
FN:16,(anonymous_0)
FN:23,(anonymous_1)
FNF:2
FNH:0
FNDA:0,(anonymous_0)
FNDA:0,(anonymous_1)
DA:16,1
DA:17,0
DA:18,0
DA:21,0
DA:23,0
DA:24,0
DA:27,0
LF:7
LH:1
BRF:0
BRH:0
end_of_record
TN:
SF:src\features\constants.tsx
FN:10,(anonymous_0)
FNF:1
FNH:0
FNDA:0,(anonymous_0)
DA:3,31
DA:4,31
DA:5,31
DA:6,31
DA:7,31
DA:8,31
DA:9,31
DA:10,31
DA:11,0
DA:15,31
DA:16,31
DA:17,31
LF:12
LH:11
BRF:0
BRH:0
end_of_record
TN:
SF:src\features\auth\SelectInstagramForm.tsx
FN:18,(anonymous_0)
FN:29,(anonymous_1)
FN:40,(anonymous_2)
FN:51,(anonymous_3)
FNF:4
FNH:2
FNDA:1,(anonymous_0)
FNDA:0,(anonymous_1)
FNDA:1,(anonymous_2)
FNDA:0,(anonymous_3)
DA:18,1
DA:19,1
DA:25,1
DA:27,1
DA:29,1
DA:30,0
DA:33,1
DA:41,1
DA:52,0
DA:53,0
LF:10
LH:7
BRF:0
BRH:0
end_of_record
TN:
SF:src\features\auth\authQueries.ts
FN:7,(anonymous_0)
FN:12,(anonymous_1)
FNF:2
FNH:0
FNDA:0,(anonymous_0)
FNDA:0,(anonymous_1)
DA:7,21
DA:12,0
DA:13,0
DA:14,0
DA:15,0
DA:16,0
DA:21,0
LF:7
LH:1
BRDA:13,0,0,0
BRDA:13,0,1,0
BRF:2
BRH:0
end_of_record
TN:
SF:src\features\auth\authSlice.ts
FN:29,(anonymous_0)
FN:52,(anonymous_1)
FN:67,(anonymous_2)
FN:88,(anonymous_3)
FN:98,(anonymous_4)
FN:101,(anonymous_5)
FN:107,(anonymous_6)
FN:111,(anonymous_7)
FN:128,(anonymous_8)
FN:151,(anonymous_9)
FN:167,(anonymous_10)
FN:188,(anonymous_11)
FN:192,(anonymous_12)
FN:201,(anonymous_13)
FN:211,(anonymous_14)
FN:214,(anonymous_15)
FN:218,(anonymous_16)
FN:228,(anonymous_17)
FN:231,(anonymous_18)
FNF:19
FNH:5
FNDA:4,(anonymous_0)
FNDA:3,(anonymous_1)
FNDA:0,(anonymous_2)
FNDA:0,(anonymous_3)
FNDA:0,(anonymous_4)
FNDA:0,(anonymous_5)
FNDA:0,(anonymous_6)
FNDA:5,(anonymous_7)
FNDA:3,(anonymous_8)
FNDA:0,(anonymous_9)
FNDA:1,(anonymous_10)
FNDA:0,(anonymous_11)
FNDA:0,(anonymous_12)
FNDA:0,(anonymous_13)
FNDA:0,(anonymous_14)
FNDA:0,(anonymous_15)
FNDA:0,(anonymous_16)
FNDA:0,(anonymous_17)
FNDA:0,(anonymous_18)
DA:27,21
DA:30,4
DA:31,4
DA:32,4
DA:33,3
DA:41,2
DA:42,2
DA:48,21
DA:53,3
DA:54,3
DA:55,3
DA:56,3
DA:57,2
DA:58,1
DA:60,2
DA:61,2
DA:62,2
DA:67,21
DA:68,0
DA:70,0
DA:71,0
DA:72,0
DA:73,0
DA:75,0
DA:76,0
DA:78,0
DA:79,0
DA:81,0
DA:88,21
DA:89,0
DA:90,0
DA:94,0
DA:97,0
DA:99,0
DA:102,0
DA:107,0
DA:111,21
DA:112,5
DA:113,4
DA:118,4
DA:119,4
DA:120,4
DA:124,21
DA:129,3
DA:130,3
DA:131,3
DA:132,3
DA:134,3
DA:139,3
DA:141,0
DA:142,0
DA:147,21
DA:152,0
DA:154,0
DA:155,0
DA:160,0
DA:162,0
DA:167,21
DA:168,1
DA:169,1
DA:170,1
DA:171,1
DA:172,1
DA:177,1
DA:180,21
DA:188,21
DA:189,0
DA:192,21
DA:196,0
DA:197,0
DA:198,0
DA:201,21
DA:202,0
DA:203,0
DA:204,0
DA:207,21
DA:212,0
DA:215,0
DA:219,0
DA:220,0
DA:221,0
DA:222,0
DA:223,0
DA:224,0
DA:225,0
DA:226,0
DA:227,0
DA:228,0
DA:229,0
DA:231,0
DA:232,0
DA:233,0
DA:238,21
LF:93
LH:46
BRDA:70,0,0,0
BRDA:70,0,1,0
BRDA:72,1,0,0
BRDA:72,1,1,0
BRDA:75,2,0,0
BRDA:75,2,1,0
BRDA:89,3,0,0
BRDA:89,3,1,0
BRDA:154,4,0,0
BRDA:154,4,1,0
BRF:10
BRH:0
end_of_record
TN:
SF:src\features\auth\ConfirmationCodeForm\ConfirmationCodeForm.tsx
FN:26,(anonymous_0)
FN:34,(anonymous_1)
FN:39,(anonymous_2)
FN:64,(anonymous_3)
FNF:4
FNH:2
FNDA:2,(anonymous_0)
FNDA:0,(anonymous_1)
FNDA:0,(anonymous_2)
FNDA:2,(anonymous_3)
DA:26,2
DA:28,2
DA:34,2
DA:37,2
DA:39,2
DA:40,0
DA:41,0
DA:42,0
DA:43,0
DA:49,0
DA:54,2
DA:57,2
DA:65,2
LF:13
LH:8
BRDA:42,0,0,0
BRDA:42,0,1,0
BRF:2
BRH:0
end_of_record
TN:
SF:src\features\auth\EmailAddressForm\EmailAddressForm.tsx
FN:24,(anonymous_0)
FN:32,(anonymous_1)
FN:53,(anonymous_2)
FNF:3
FNH:3
FNDA:3,(anonymous_0)
FNDA:1,(anonymous_1)
FNDA:4,(anonymous_2)
DA:24,2
DA:25,3
DA:30,3
DA:32,3
DA:33,1
DA:34,0
DA:39,1
DA:40,1
DA:44,3
DA:46,3
DA:54,4
LF:11
LH:10
BRDA:33,0,0,0
BRDA:33,0,1,1
BRF:2
BRH:1
end_of_record
TN:
SF:src\features\auth\NameForm\NameForm.tsx
FN:25,(anonymous_0)
FN:33,(anonymous_1)
FN:54,(anonymous_2)
FNF:3
FNH:3
FNDA:3,(anonymous_0)
FNDA:1,(anonymous_1)
FNDA:4,(anonymous_2)
DA:25,2
DA:26,3
DA:31,3
DA:33,3
DA:34,1
DA:35,0
DA:40,1
DA:41,1
DA:45,3
DA:47,3
DA:55,4
LF:11
LH:10
BRDA:34,0,0,0
BRDA:34,0,1,1
BRF:2
BRH:1
end_of_record
TN:
SF:src\features\auth\PasswordForm\PasswordForm.tsx
FN:28,(anonymous_0)
FN:36,(anonymous_1)
FN:74,(anonymous_2)
FNF:3
FNH:3
FNDA:3,(anonymous_0)
FNDA:1,(anonymous_1)
FNDA:4,(anonymous_2)
DA:28,2
DA:29,3
DA:34,3
DA:36,3
DA:37,1
DA:38,1
DA:40,1
DA:41,0
DA:44,1
DA:45,0
DA:48,1
DA:49,0
DA:52,1
DA:53,0
DA:56,1
DA:57,1
DA:58,1
DA:59,1
DA:61,0
DA:65,3
DA:67,3
DA:75,4
LF:22
LH:17
BRDA:40,0,0,0
BRDA:40,0,1,1
BRDA:44,1,0,0
BRDA:44,1,1,1
BRDA:48,2,0,0
BRDA:48,2,1,1
BRDA:52,3,0,0
BRDA:52,3,1,1
BRDA:56,4,0,1
BRDA:56,4,1,0
BRF:10
BRH:5
end_of_record
TN:
SF:src\features\auth\SignInForm\SignInForm.tsx
FN:21,(anonymous_0)
FNF:1
FNH:1
FNDA:2,(anonymous_0)
DA:21,2
DA:22,2
DA:29,2
LF:3
LH:3
BRF:0
BRH:0
end_of_record
TN:
SF:src\features\auth\SignInForm\index.ts
FNF:0
FNH:0
LF:0
LH:0
BRF:0
BRH:0
end_of_record
TN:
SF:src\features\auth\SignInForm\EmailField\EmailField.tsx
FN:17,(anonymous_0)
FN:29,(anonymous_1)
FN:41,(anonymous_2)
FN:44,(anonymous_3)
FNF:4
FNH:4
FNDA:2,(anonymous_0)
FNDA:2,(anonymous_1)
FNDA:2,(anonymous_2)
FNDA:3,(anonymous_3)
DA:17,2
DA:18,2
DA:29,2
DA:30,2
DA:41,2
DA:42,2
DA:45,3
LF:7
LH:7
BRF:0
BRH:0
end_of_record
TN:
SF:src\features\auth\SignInForm\EmailField\index.ts
FNF:0
FNH:0
LF:0
LH:0
BRF:0
BRH:0
end_of_record
TN:
SF:src\features\auth\SignInForm\PasswordField\PasswordField.tsx
FN:17,(anonymous_0)
FN:29,(anonymous_1)
FN:41,(anonymous_2)
FN:44,(anonymous_3)
FNF:4
FNH:4
FNDA:2,(anonymous_0)
FNDA:2,(anonymous_1)
FNDA:2,(anonymous_2)
FNDA:3,(anonymous_3)
DA:17,2
DA:18,2
DA:29,2
DA:30,2
DA:41,2
DA:42,2
DA:45,3
LF:7
LH:7
BRF:0
BRH:0
end_of_record
TN:
SF:src\features\auth\SignInForm\PasswordField\index.ts
FNF:0
FNH:0
LF:0
LH:0
BRF:0
BRH:0
end_of_record
TN:
SF:src\features\auth\SignInForm\SubmitButton\SubmitButton.tsx
FN:20,(anonymous_0)
FN:23,(anonymous_1)
FN:25,(anonymous_2)
FNF:3
FNH:2
FNDA:3,(anonymous_0)
FNDA:0,(anonymous_1)
FNDA:1,(anonymous_2)
DA:20,3
DA:21,3
DA:23,3
DA:25,3
DA:26,1
DA:27,0
DA:32,1
DA:34,1
DA:38,3
LF:9
LH:8
BRDA:26,0,0,0
BRDA:26,0,1,1
BRDA:26,1,0,1
BRDA:26,1,1,1
BRF:4
BRH:3
end_of_record
TN:
SF:src\features\auth\SignInForm\SubmitButton\index.ts
FNF:0
FNH:0
LF:0
LH:0
BRF:0
BRH:0
end_of_record
TN:
SF:src\features\challenges\challengeMappings.ts
FNF:0
FNH:0
DA:6,30
LF:1
LH:1
BRF:0
BRH:0
end_of_record
TN:
SF:src\features\challenges\challengeQueries.ts
FN:22,(anonymous_0)
FN:50,(anonymous_1)
FN:57,(anonymous_2)
FN:62,(anonymous_3)
FN:68,(anonymous_4)
FN:83,(anonymous_5)
FN:90,(anonymous_6)
FN:91,(anonymous_7)
FN:124,(anonymous_8)
FN:130,(anonymous_9)
FNF:10
FNH:1
FNDA:1,(anonymous_0)
FNDA:0,(anonymous_1)
FNDA:0,(anonymous_2)
FNDA:0,(anonymous_3)
FNDA:0,(anonymous_4)
FNDA:0,(anonymous_5)
FNDA:0,(anonymous_6)
FNDA:0,(anonymous_7)
FNDA:0,(anonymous_8)
FNDA:0,(anonymous_9)
DA:22,30
DA:27,1
DA:30,0
DA:33,0
DA:36,0
DA:46,0
DA:49,0
DA:51,0
DA:57,30
DA:62,0
DA:63,0
DA:67,0
DA:68,0
DA:72,0
DA:73,0
DA:77,0
DA:83,30
DA:86,0
DA:88,0
DA:91,0
DA:99,0
DA:101,0
DA:102,0
DA:105,0
DA:114,0
DA:117,0
DA:119,0
DA:124,30
DA:128,0
DA:129,0
DA:131,0
DA:134,0
DA:143,0
LF:33
LH:5
BRDA:73,0,0,0
BRDA:73,0,1,0
BRDA:74,1,0,0
BRDA:74,1,1,0
BRDA:99,2,0,0
BRDA:99,2,1,0
BRDA:131,3,0,0
BRDA:131,3,1,0
BRF:8
BRH:0
end_of_record
TN:
SF:src\features\challenges\challengesMockState.ts
FNF:0
FNH:0
DA:4,8
LF:1
LH:1
BRF:0
BRH:0
end_of_record
TN:
SF:src\features\challenges\challengesSlice.ts
FN:28,(anonymous_0)
FN:31,(anonymous_1)
FN:39,(anonymous_2)
FN:57,(anonymous_3)
FN:60,(anonymous_4)
FN:92,(anonymous_5)
FN:93,(anonymous_6)
FN:98,(anonymous_7)
FN:103,(anonymous_8)
FN:108,(anonymous_9)
FN:113,(anonymous_10)
FN:115,(anonymous_11)
FN:126,(anonymous_12)
FNF:13
FNH:4
FNDA:2,(anonymous_0)
FNDA:0,(anonymous_1)
FNDA:1,(anonymous_2)
FNDA:1,(anonymous_3)
FNDA:1,(anonymous_4)
FNDA:0,(anonymous_5)
FNDA:0,(anonymous_6)
FNDA:0,(anonymous_7)
FNDA:0,(anonymous_8)
FNDA:0,(anonymous_9)
FNDA:0,(anonymous_10)
FNDA:0,(anonymous_11)
FNDA:0,(anonymous_12)
DA:24,30
DA:29,2
DA:30,2
DA:31,1
DA:32,1
DA:34,0
DA:35,0
DA:39,30
DA:40,1
DA:42,1
DA:43,0
DA:45,1
DA:47,1
DA:53,30
DA:58,1
DA:59,1
DA:61,1
DA:65,1
DA:67,0
DA:69,0
DA:71,1
DA:72,1
DA:76,30
DA:88,30
DA:93,0
DA:94,0
DA:96,0
DA:99,0
DA:100,0
DA:103,0
DA:104,0
DA:105,0
DA:106,0
DA:108,0
DA:109,0
DA:111,0
DA:114,0
DA:115,0
DA:116,0
DA:117,0
DA:119,0
DA:122,0
DA:123,0
DA:126,0
DA:127,0
DA:128,0
LF:46
LH:19
BRDA:42,0,0,0
BRDA:42,0,1,1
BRDA:116,1,0,0
BRDA:116,1,1,0
BRF:4
BRH:1
end_of_record
TN:
SF:src\features\challenges\ChallengeBox\ChallengeBox.tsx
FN:16,(anonymous_0)
FN:28,(anonymous_1)
FNF:2
FNH:2
FNDA:13,(anonymous_0)
FNDA:2,(anonymous_1)
DA:16,29
DA:17,13
DA:18,13
DA:21,13
DA:25,13
DA:28,13
DA:29,2
DA:34,13
LF:8
LH:8
BRDA:25,0,0,13
BRDA:25,0,1,0
BRF:2
BRH:1
end_of_record
TN:
SF:src\features\challenges\ChallengeBoxes\ChallengeBoxes.tsx
FN:14,(anonymous_0)
FN:27,(anonymous_1)
FN:41,(anonymous_2)
FNF:3
FNH:3
FNDA:3,(anonymous_0)
FNDA:3,(anonymous_1)
FNDA:6,(anonymous_2)
DA:14,29
DA:15,3
DA:19,3
DA:22,3
DA:24,3
DA:27,3
DA:28,3
DA:29,0
DA:33,3
DA:42,6
LF:10
LH:9
BRDA:28,0,0,0
BRDA:28,0,1,3
BRDA:40,1,0,3
BRDA:40,1,1,3
BRF:4
BRH:3
end_of_record
TN:
SF:src\features\challenges\ChallengeLayout\ChallengeLayout.tsx
FN:12,ChallengeLayout
FNF:1
FNH:1
FNDA:1,ChallengeLayout
DA:13,1
DA:15,1
LF:2
LH:2
BRF:0
BRH:0
end_of_record
TN:
SF:src\features\challenges\ChallengeModal\ChallengeModal.tsx
FN:19,(anonymous_0)
FN:25,(anonymous_1)
FN:40,(anonymous_2)
FN:85,(anonymous_3)
FNF:4
FNH:4
FNDA:5,(anonymous_0)
FNDA:5,(anonymous_1)
FNDA:1,(anonymous_2)
FNDA:1,(anonymous_3)
DA:19,29
DA:20,5
DA:21,5
DA:24,5
DA:25,5
DA:29,5
DA:32,5
DA:35,5
DA:37,5
DA:40,5
DA:42,1
DA:44,1
DA:46,1
DA:50,5
DA:85,1
LF:15
LH:15
BRDA:32,0,0,5
BRDA:32,0,1,0
BRF:2
BRH:1
end_of_record
TN:
SF:src\features\challenges\ChallengeNavigationButton\ChallengeNavigationButton.tsx
FN:10,ChallengeNavigationButton
FN:14,(anonymous_1)
FNF:2
FNH:2
FNDA:3,ChallengeNavigationButton
FNDA:1,(anonymous_1)
DA:11,3
DA:14,3
DA:17,3
LF:3
LH:3
BRF:0
BRH:0
end_of_record
TN:
SF:src\features\challenges\ChallengeOnGoingText\ChallengeOnGoingText.tsx
FN:11,(anonymous_0)
FNF:1
FNH:1
FNDA:13,(anonymous_0)
DA:11,29
DA:12,13
DA:13,13
LF:3
LH:3
BRDA:13,0,0,8
BRDA:13,0,1,5
BRF:2
BRH:2
end_of_record
TN:
SF:src\features\challenges\catchup\CatchUpBox\CatchUpBox.tsx
FN:17,(anonymous_0)
FN:23,(anonymous_1)
FNF:2
FNH:1
FNDA:6,(anonymous_0)
FNDA:0,(anonymous_1)
DA:17,3
DA:18,6
DA:20,6
DA:23,6
DA:28,6
LF:5
LH:5
BRDA:45,0,0,0
BRDA:45,0,1,6
BRF:2
BRH:1
end_of_record
TN:
SF:src\features\challenges\catchup\CatchUpSlider\CatchUpSlider.tsx
FN:12,(anonymous_0)
FNF:1
FNH:1
FNDA:4,(anonymous_0)
DA:12,2
DA:15,4
LF:2
LH:2
BRF:0
BRH:0
end_of_record
TN:
SF:src\features\challenges\checkin\CheckInTime.tsx
FN:11,CheckInTime
FNF:1
FNH:1
FNDA:2,CheckInTime
DA:12,2
DA:15,2
LF:2
LH:2
BRF:0
BRH:0
end_of_record
TN:
SF:src\features\challenges\checkin\CheckInBox\CheckInBox.tsx
FN:19,(anonymous_0)
FN:24,(anonymous_1)
FNF:2
FNH:1
FNDA:2,(anonymous_0)
FNDA:0,(anonymous_1)
DA:19,1
DA:20,2
DA:21,2
DA:22,2
DA:24,2
DA:25,0
DA:26,0
DA:27,0
DA:35,2
DA:36,2
DA:39,2
LF:11
LH:8
BRF:0
BRH:0
end_of_record
TN:
SF:src\features\challenges\landingPageWidgets\CatchUpWidget\CatchUpWidget.tsx
FN:8,(anonymous_0)
FNF:1
FNH:1
FNDA:2,(anonymous_0)
DA:8,1
DA:10,2
LF:2
LH:2
BRF:0
BRH:0
end_of_record
TN:
SF:src\features\challenges\landingPageWidgets\CatchUpWidget\CatchUpWidgetLayout.tsx
FN:9,(anonymous_0)
FNF:1
FNH:1
FNDA:2,(anonymous_0)
DA:9,1
DA:10,2
DA:14,2
LF:3
LH:3
BRF:0
BRH:0
end_of_record
TN:
SF:src\features\challenges\landingPageWidgets\ChallengeWidget\ChallengeWidget.tsx
FN:16,ChallengeWidget
FN:19,(anonymous_1)
FN:25,(anonymous_2)
FN:30,(anonymous_3)
FN:42,(anonymous_4)
FNF:5
FNH:5
FNDA:1,ChallengeWidget
FNDA:1,(anonymous_1)
FNDA:1,(anonymous_2)
FNDA:1,(anonymous_3)
FNDA:2,(anonymous_4)
DA:14,1
DA:18,1
DA:19,1
DA:22,1
DA:25,1
DA:26,1
DA:29,1
DA:30,1
DA:31,1
DA:37,1
DA:43,2
LF:11
LH:11
BRF:0
BRH:0
end_of_record
TN:
SF:src\features\challenges\landingPageWidgets\ChallengeWidget\ChallengeWidgetLayout.tsx
FN:9,(anonymous_0)
FNF:1
FNH:1
FNDA:2,(anonymous_0)
DA:9,1
DA:10,2
DA:11,1
LF:3
LH:3
BRF:0
BRH:0
end_of_record
TN:
SF:src\features\chat\chatQueries.ts
FN:35,(anonymous_0)
FN:40,(anonymous_1)
FN:54,(anonymous_2)
FN:67,(anonymous_3)
FN:71,(anonymous_4)
FN:78,(anonymous_5)
FN:80,(anonymous_6)
FN:92,(anonymous_7)
FN:96,(anonymous_8)
FN:116,(anonymous_9)
FN:144,(anonymous_10)
FN:149,(anonymous_11)
FN:152,(anonymous_12)
FN:161,(anonymous_13)
FN:165,(anonymous_14)
FN:170,(anonymous_15)
FN:177,(anonymous_16)
FN:203,(anonymous_17)
FN:207,(anonymous_18)
FN:245,(anonymous_19)
FN:247,(anonymous_20)
FN:252,(anonymous_21)
FN:293,(anonymous_22)
FN:298,(anonymous_23)
FN:299,(anonymous_24)
FN:304,(anonymous_25)
FN:314,(anonymous_26)
FN:319,(anonymous_27)
FN:323,(anonymous_28)
FN:331,(anonymous_29)
FN:343,(anonymous_30)
FN:349,(anonymous_31)
FN:389,(anonymous_32)
FN:391,(anonymous_33)
FN:399,(anonymous_34)
FN:401,(anonymous_35)
FN:411,(anonymous_36)
FN:413,(anonymous_37)
FN:421,(anonymous_38)
FN:423,(anonymous_39)
FN:430,(anonymous_40)
FN:435,(anonymous_41)
FNF:42
FNH:1
FNDA:1,(anonymous_0)
FNDA:0,(anonymous_1)
FNDA:0,(anonymous_2)
FNDA:0,(anonymous_3)
FNDA:0,(anonymous_4)
FNDA:0,(anonymous_5)
FNDA:0,(anonymous_6)
FNDA:0,(anonymous_7)
FNDA:0,(anonymous_8)
FNDA:0,(anonymous_9)
FNDA:0,(anonymous_10)
FNDA:0,(anonymous_11)
FNDA:0,(anonymous_12)
FNDA:0,(anonymous_13)
FNDA:0,(anonymous_14)
FNDA:0,(anonymous_15)
FNDA:0,(anonymous_16)
FNDA:0,(anonymous_17)
FNDA:0,(anonymous_18)
FNDA:0,(anonymous_19)
FNDA:0,(anonymous_20)
FNDA:0,(anonymous_21)
FNDA:0,(anonymous_22)
FNDA:0,(anonymous_23)
FNDA:0,(anonymous_24)
FNDA:0,(anonymous_25)
FNDA:0,(anonymous_26)
FNDA:0,(anonymous_27)
FNDA:0,(anonymous_28)
FNDA:0,(anonymous_29)
FNDA:0,(anonymous_30)
FNDA:0,(anonymous_31)
FNDA:0,(anonymous_32)
FNDA:0,(anonymous_33)
FNDA:0,(anonymous_34)
FNDA:0,(anonymous_35)
FNDA:0,(anonymous_36)
FNDA:0,(anonymous_37)
FNDA:0,(anonymous_38)
FNDA:0,(anonymous_39)
FNDA:0,(anonymous_40)
FNDA:0,(anonymous_41)
DA:35,29
DA:36,1
DA:37,0
DA:38,0
DA:39,0
DA:41,0
DA:44,0
DA:45,0
DA:46,0
DA:54,0
DA:55,0
DA:56,0
DA:58,0
DA:61,0
DA:67,29
DA:68,0
DA:69,0
DA:70,0
DA:71,0
DA:73,0
DA:74,0
DA:76,0
DA:78,0
DA:80,0
DA:85,0
DA:86,0
DA:88,0
DA:89,0
DA:90,0
DA:91,0
DA:92,0
DA:94,0
DA:95,0
DA:97,0
DA:100,0
DA:107,0
DA:110,0
DA:116,29
DA:121,0
DA:122,0
DA:123,0
DA:132,0
DA:133,0
DA:134,0
DA:144,29
DA:148,0
DA:149,0
DA:151,0
DA:153,0
DA:161,29
DA:162,0
DA:163,0
DA:164,0
DA:166,0
DA:169,0
DA:171,0
DA:174,0
DA:175,0
DA:176,0
DA:178,0
DA:181,0
DA:186,0
DA:197,0
DA:203,29
DA:204,0
DA:205,0
DA:206,0
DA:208,0
DA:211,0
DA:213,0
DA:215,0
DA:217,0
DA:219,0
DA:221,0
DA:223,0
DA:224,0
DA:228,0
DA:229,0
DA:235,0
DA:238,0
DA:245,29
DA:246,0
DA:248,0
DA:251,0
DA:253,0
DA:256,0
DA:257,0
DA:268,0
DA:278,0
DA:279,0
DA:280,0
DA:293,29
DA:294,0
DA:295,0
DA:299,0
DA:304,0
DA:308,0
DA:314,29
DA:318,0
DA:319,0
DA:322,0
DA:323,0
DA:326,0
DA:328,0
DA:329,0
DA:330,0
DA:331,0
DA:333,0
DA:334,0
DA:336,0
DA:342,0
DA:344,0
DA:347,0
DA:348,0
DA:350,0
DA:353,0
DA:356,0
DA:357,0
DA:360,0
DA:368,0
DA:372,0
DA:376,0
DA:378,0
DA:382,0
DA:389,29
DA:390,0
DA:391,0
DA:393,0
DA:399,29
DA:400,0
DA:402,0
DA:405,0
DA:411,29
DA:412,0
DA:413,0
DA:415,0
DA:421,29
DA:422,0
DA:423,0
DA:424,0
DA:426,0
DA:427,0
DA:428,0
DA:429,0
DA:431,0
DA:434,0
DA:436,0
DA:439,0
DA:444,0
DA:445,0
DA:446,0
DA:447,0
DA:450,0
DA:451,0
DA:463,0
DA:464,0
DA:465,0
DA:478,0
LF:158
LH:14
BRDA:41,0,0,0
BRDA:41,0,1,0
BRDA:49,1,0,0
BRDA:49,1,1,0
BRDA:50,2,0,0
BRDA:50,2,1,0
BRDA:55,3,0,0
BRDA:55,3,1,0
BRDA:55,4,0,0
BRDA:55,4,1,0
BRDA:73,5,0,0
BRDA:73,5,1,0
BRDA:73,6,0,0
BRDA:73,6,1,0
BRDA:85,7,0,0
BRDA:85,7,1,0
BRDA:94,8,0,0
BRDA:94,8,1,0
BRDA:97,9,0,0
BRDA:97,9,1,0
BRDA:178,10,0,0
BRDA:178,10,1,0
BRDA:183,11,0,0
BRDA:183,11,1,0
BRDA:190,12,0,0
BRDA:190,12,1,0
BRDA:211,13,0,0
BRDA:211,13,1,0
BRDA:211,13,2,0
BRDA:223,14,0,0
BRDA:223,14,1,0
BRDA:225,15,0,0
BRDA:225,15,1,0
BRDA:228,16,0,0
BRDA:228,16,1,0
BRDA:323,17,0,0
BRDA:323,17,1,0
BRDA:328,18,0,0
BRDA:328,18,1,0
BRDA:333,19,0,0
BRDA:333,19,1,0
BRDA:347,20,0,0
BRDA:347,20,1,0
BRDA:358,21,0,0
BRDA:358,21,1,0
BRDA:358,22,0,0
BRDA:358,22,1,0
BRDA:373,23,0,0
BRDA:373,23,1,0
BRDA:431,24,0,0
BRDA:431,24,1,0
BRDA:440,25,0,0
BRDA:440,25,1,0
BRDA:444,26,0,0
BRDA:444,26,1,0
BRDA:445,27,0,0
BRDA:445,27,1,0
BRDA:446,28,0,0
BRDA:446,28,1,0
BRDA:448,29,0,0
BRDA:448,29,1,0
BRDA:450,30,0,0
BRDA:450,30,1,0
BRDA:458,31,0,0
BRDA:458,31,1,0
BRDA:459,32,0,0
BRDA:459,32,1,0
BRDA:463,33,0,0
BRDA:463,33,1,0
BRDA:473,34,0,0
BRDA:473,34,1,0
BRF:71
BRH:0
end_of_record
TN:
SF:src\features\chat\chatSlice.ts
FN:57,(anonymous_0)
FN:70,(anonymous_1)
FN:88,(anonymous_2)
FN:106,(anonymous_3)
FN:126,(anonymous_4)
FN:144,(anonymous_5)
FN:161,(anonymous_6)
FN:207,(anonymous_7)
FN:209,(anonymous_8)
FN:212,(anonymous_9)
FN:217,(anonymous_10)
FN:222,(anonymous_11)
FN:226,(anonymous_12)
FN:231,(anonymous_13)
FN:232,(anonymous_14)
FN:243,(anonymous_15)
FN:246,(anonymous_16)
FN:255,(anonymous_17)
FN:267,(anonymous_18)
FN:269,(anonymous_19)
FN:276,(anonymous_20)
FN:279,(anonymous_21)
FN:285,(anonymous_22)
FN:289,(anonymous_23)
FN:294,(anonymous_24)
FN:299,(anonymous_25)
FN:304,(anonymous_26)
FN:309,(anonymous_27)
FN:314,(anonymous_28)
FN:315,(anonymous_29)
FN:327,(anonymous_30)
FN:328,(anonymous_31)
FN:333,(anonymous_32)
FN:338,(anonymous_33)
FN:343,(anonymous_34)
FN:351,(anonymous_35)
FN:357,(anonymous_36)
FN:363,(anonymous_37)
FN:367,(anonymous_38)
FN:371,(anonymous_39)
FN:374,(anonymous_40)
FN:380,(anonymous_41)
FN:385,(anonymous_42)
FNF:43
FNH:1
FNDA:0,(anonymous_0)
FNDA:1,(anonymous_1)
FNDA:0,(anonymous_2)
FNDA:0,(anonymous_3)
FNDA:0,(anonymous_4)
FNDA:0,(anonymous_5)
FNDA:0,(anonymous_6)
FNDA:0,(anonymous_7)
FNDA:0,(anonymous_8)
FNDA:0,(anonymous_9)
FNDA:0,(anonymous_10)
FNDA:0,(anonymous_11)
FNDA:0,(anonymous_12)
FNDA:0,(anonymous_13)
FNDA:0,(anonymous_14)
FNDA:0,(anonymous_15)
FNDA:0,(anonymous_16)
FNDA:0,(anonymous_17)
FNDA:0,(anonymous_18)
FNDA:0,(anonymous_19)
FNDA:0,(anonymous_20)
FNDA:0,(anonymous_21)
FNDA:0,(anonymous_22)
FNDA:0,(anonymous_23)
FNDA:0,(anonymous_24)
FNDA:0,(anonymous_25)
FNDA:0,(anonymous_26)
FNDA:0,(anonymous_27)
FNDA:0,(anonymous_28)
FNDA:0,(anonymous_29)
FNDA:0,(anonymous_30)
FNDA:0,(anonymous_31)
FNDA:0,(anonymous_32)
FNDA:0,(anonymous_33)
FNDA:0,(anonymous_34)
FNDA:0,(anonymous_35)
FNDA:0,(anonymous_36)
FNDA:0,(anonymous_37)
FNDA:0,(anonymous_38)
FNDA:0,(anonymous_39)
FNDA:0,(anonymous_40)
FNDA:0,(anonymous_41)
FNDA:0,(anonymous_42)
DA:53,29
DA:58,0
DA:59,0
DA:60,0
DA:62,0
DA:66,29
DA:71,1
DA:72,1
DA:73,0
DA:75,1
DA:76,1
DA:80,1
DA:84,29
DA:89,0
DA:90,0
DA:91,0
DA:92,0
DA:93,0
DA:95,0
DA:96,0
DA:100,0
DA:104,29
DA:107,0
DA:108,0
DA:109,0
DA:110,0
DA:112,0
DA:113,0
DA:117,0
DA:122,29
DA:127,0
DA:128,0
DA:129,0
DA:131,0
DA:132,0
DA:136,0
DA:140,29
DA:145,0
DA:146,0
DA:148,0
DA:149,0
DA:153,0
DA:157,29
DA:162,0
DA:163,0
DA:165,0
DA:167,0
DA:171,29
DA:203,29
DA:208,0
DA:209,0
DA:216,0
DA:217,0
DA:218,0
DA:219,0
DA:223,0
DA:224,0
DA:230,0
DA:231,0
DA:232,0
DA:233,0
DA:234,0
DA:236,0
DA:239,0
DA:240,0
DA:244,0
DA:254,0
DA:255,0
DA:257,0
DA:258,0
DA:259,0
DA:261,0
DA:262,0
DA:264,0
DA:268,0
DA:269,0
DA:271,0
DA:272,0
DA:277,0
DA:280,0
DA:281,0
DA:282,0
DA:285,0
DA:286,0
DA:287,0
DA:289,0
DA:290,0
DA:291,0
DA:292,0
DA:294,0
DA:295,0
DA:297,0
DA:300,0
DA:301,0
DA:304,0
DA:305,0
DA:306,0
DA:307,0
DA:309,0
DA:310,0
DA:312,0
DA:315,0
DA:317,0
DA:318,0
DA:319,0
DA:320,0
DA:322,0
DA:324,0
DA:327,0
DA:328,0
DA:329,0
DA:330,0
DA:331,0
DA:333,0
DA:334,0
DA:336,0
DA:342,0
DA:343,0
DA:345,0
DA:346,0
DA:348,0
DA:351,0
DA:352,0
DA:353,0
DA:355,0
DA:358,0
DA:359,0
DA:360,0
DA:363,0
DA:364,0
DA:365,0
DA:367,0
DA:368,0
DA:369,0
DA:371,0
DA:372,0
DA:374,0
DA:375,0
DA:376,0
DA:378,0
DA:384,0
DA:385,0
DA:387,0
DA:388,0
DA:390,0
DA:404,29
LF:146
LH:15
BRDA:218,0,0,0
BRDA:218,0,1,0
BRDA:233,1,0,0
BRDA:233,1,1,0
BRDA:239,2,0,0
BRDA:239,2,1,0
BRDA:257,3,0,0
BRDA:257,3,1,0
BRDA:258,4,0,0
BRDA:258,4,1,0
BRDA:261,5,0,0
BRDA:261,5,1,0
BRDA:261,6,0,0
BRDA:261,6,1,0
BRDA:271,7,0,0
BRDA:271,7,1,0
BRDA:317,8,0,0
BRDA:317,8,1,0
BRDA:318,9,0,0
BRDA:318,9,1,0
BRDA:329,10,0,0
BRDA:329,10,1,0
BRDA:345,11,0,0
BRDA:345,11,1,0
BRDA:387,12,0,0
BRDA:387,12,1,0
BRF:26
BRH:0
end_of_record
TN:
SF:src\features\leaderboard\leaderboardQueries.ts
FN:11,(anonymous_0)
FN:43,(anonymous_1)
FN:49,(anonymous_2)
FN:53,(anonymous_3)
FN:56,(anonymous_4)
FN:63,(anonymous_5)
FN:73,(anonymous_6)
FN:86,(anonymous_7)
FN:90,(anonymous_8)
FN:91,(anonymous_9)
FN:107,(anonymous_10)
FN:128,(anonymous_11)
FN:133,(anonymous_12)
FNF:13
FNH:5
FNDA:0,(anonymous_0)
FNDA:1,(anonymous_1)
FNDA:0,(anonymous_2)
FNDA:0,(anonymous_3)
FNDA:2,(anonymous_4)
FNDA:2,(anonymous_5)
FNDA:2,(anonymous_6)
FNDA:1,(anonymous_7)
FNDA:0,(anonymous_8)
FNDA:0,(anonymous_9)
FNDA:0,(anonymous_10)
FNDA:0,(anonymous_11)
FNDA:0,(anonymous_12)
DA:11,31
DA:15,0
DA:16,0
DA:17,0
DA:21,0
DA:22,0
DA:23,0
DA:24,0
DA:30,0
DA:33,0
DA:43,31
DA:47,1
DA:49,0
DA:53,0
DA:56,1
DA:57,2
DA:62,1
DA:64,2
DA:65,2
DA:72,1
DA:74,2
DA:77,1
DA:86,31
DA:90,1
DA:91,0
DA:96,1
DA:107,31
DA:112,0
DA:128,31
DA:132,0
DA:134,0
LF:31
LH:16
BRDA:15,0,0,0
BRDA:15,0,1,0
BRDA:15,1,0,0
BRDA:15,1,1,0
BRDA:21,2,0,0
BRDA:21,2,1,0
BRDA:23,3,0,0
BRDA:23,3,1,0
BRF:8
BRH:0
end_of_record
TN:
SF:src\features\leaderboard\leaderboardSlice.ts
FN:31,(anonymous_0)
FN:53,(anonymous_1)
FN:70,(anonymous_2)
FN:73,(anonymous_3)
FN:80,(anonymous_4)
FN:86,(anonymous_5)
FNF:6
FNH:6
FNDA:3,(anonymous_0)
FNDA:2,(anonymous_1)
FNDA:1,(anonymous_2)
FNDA:1,(anonymous_3)
FNDA:1,(anonymous_4)
FNDA:1,(anonymous_5)
DA:14,3
DA:27,3
DA:32,3
DA:33,3
DA:34,3
DA:35,3
DA:37,3
DA:39,0
DA:40,0
DA:49,3
DA:57,2
DA:59,2
DA:60,1
DA:63,1
DA:64,1
DA:65,1
DA:66,1
DA:67,1
DA:71,1
DA:74,1
DA:75,1
DA:76,1
DA:77,1
DA:80,1
DA:81,1
DA:82,1
DA:84,1
DA:87,1
DA:88,1
DA:94,3
LF:30
LH:28
BRDA:59,0,0,1
BRDA:59,0,1,1
BRF:2
BRH:2
end_of_record
TN:
SF:src\features\leaderboard\LeaderboardCard\LeaderboardCard.tsx
FN:29,(anonymous_0)
FN:39,(anonymous_1)
FNF:2
FNH:2
FNDA:15,(anonymous_0)
FNDA:1,(anonymous_1)
DA:19,3
DA:29,3
DA:30,15
DA:33,15
DA:37,15
DA:39,15
DA:41,15
LF:7
LH:7
BRDA:33,0,0,15
BRDA:33,0,1,0
BRDA:52,1,0,15
BRDA:52,1,1,0
BRDA:58,2,0,15
BRDA:58,2,1,0
BRDA:67,3,0,15
BRDA:67,3,1,0
BRF:8
BRH:4
end_of_record
TN:
SF:src\features\leaderboard\LeaderboardCards\LeaderboardCards.tsx
FN:13,(anonymous_0)
FN:14,(anonymous_1)
FN:20,(anonymous_2)
FNF:3
FNH:3
FNDA:4,(anonymous_0)
FNDA:4,(anonymous_1)
FNDA:9,(anonymous_2)
DA:13,2
DA:14,4
DA:16,4
DA:21,9
LF:4
LH:4
BRDA:18,0,0,4
BRDA:18,0,1,3
BRF:2
BRH:2
end_of_record
TN:
SF:src\features\leaderboard\LeaderboardLayout\LeaderboardLayout.tsx
FN:14,(anonymous_0)
FN:30,(anonymous_1)
FN:36,(anonymous_2)
FNF:3
FNH:3
FNDA:2,(anonymous_0)
FNDA:4,(anonymous_1)
FNDA:2,(anonymous_2)
DA:14,2
DA:19,2
DA:20,2
DA:30,2
DA:31,4
DA:33,4
DA:36,4
DA:37,2
DA:38,1
DA:42,4
LF:10
LH:10
BRDA:37,0,0,1
BRDA:37,0,1,1
BRF:2
BRH:2
end_of_record
TN:
SF:src\features\leaderboard\LeaderboardSettings\LeaderboardSettings.tsx
FN:18,(anonymous_0)
FN:19,(anonymous_1)
FN:22,(anonymous_2)
FN:30,(anonymous_3)
FN:35,(anonymous_4)
FN:39,(anonymous_5)
FN:44,(anonymous_6)
FN:65,(anonymous_7)
FN:75,(anonymous_8)
FNF:9
FNH:6
FNDA:2,(anonymous_0)
FNDA:2,(anonymous_1)
FNDA:2,(anonymous_2)
FNDA:2,(anonymous_3)
FNDA:2,(anonymous_4)
FNDA:0,(anonymous_5)
FNDA:2,(anonymous_6)
FNDA:0,(anonymous_7)
FNDA:0,(anonymous_8)
DA:11,2
DA:18,2
DA:19,2
DA:21,2
DA:22,2
DA:24,2
DA:26,2
DA:28,2
DA:30,2
DA:31,2
DA:32,0
DA:35,2
DA:36,2
DA:39,2
DA:40,0
DA:41,0
DA:44,2
DA:45,2
DA:46,0
DA:50,2
DA:66,0
DA:68,0
DA:75,0
LF:23
LH:16
BRDA:45,0,0,0
BRDA:45,0,1,2
BRDA:63,1,0,2
BRDA:63,1,1,2
BRDA:63,1,2,0
BRDA:71,2,0,0
BRDA:71,2,1,0
BRF:7
BRH:3
end_of_record
TN:
SF:src\features\profile\profileQueries.tsx
FN:5,(anonymous_0)
FN:8,(anonymous_1)
FN:9,(anonymous_2)
FN:21,(anonymous_3)
FN:36,(anonymous_4)
FN:41,(anonymous_5)
FN:47,(anonymous_6)
FN:60,(anonymous_7)
FN:65,(anonymous_8)
FN:71,(anonymous_9)
FN:84,(anonymous_10)
FN:86,(anonymous_11)
FN:90,(anonymous_12)
FNF:13
FNH:5
FNDA:2,(anonymous_0)
FNDA:0,(anonymous_1)
FNDA:0,(anonymous_2)
FNDA:1,(anonymous_3)
FNDA:1,(anonymous_4)
FNDA:0,(anonymous_5)
FNDA:0,(anonymous_6)
FNDA:1,(anonymous_7)
FNDA:0,(anonymous_8)
FNDA:0,(anonymous_9)
FNDA:1,(anonymous_10)
FNDA:0,(anonymous_11)
FNDA:0,(anonymous_12)
DA:5,6
DA:6,2
DA:8,2
DA:9,0
DA:14,2
DA:15,1
DA:17,1
DA:21,6
DA:26,1
DA:27,1
DA:28,1
DA:36,6
DA:41,1
DA:42,0
DA:45,1
DA:46,1
DA:48,0
DA:52,1
DA:57,1
DA:60,6
DA:65,1
DA:66,0
DA:69,1
DA:70,1
DA:72,0
DA:76,1
DA:81,1
DA:84,6
DA:86,1
DA:87,0
DA:90,1
DA:91,0
DA:94,1
LF:33
LH:26
BRDA:14,0,0,1
BRDA:14,0,1,1
BRDA:48,1,0,0
BRDA:48,1,1,0
BRDA:53,2,0,1
BRDA:53,2,1,0
BRDA:72,3,0,0
BRDA:72,3,1,0
BRDA:77,4,0,1
BRDA:77,4,1,0
BRF:10
BRH:4
end_of_record
TN:
SF:src\features\profile\profileSlice.ts
FN:51,(anonymous_0)
FN:67,(anonymous_1)
FN:89,(anonymous_2)
FN:123,(anonymous_3)
FN:126,(anonymous_4)
FN:139,(anonymous_5)
FN:144,(anonymous_6)
FN:150,(anonymous_7)
FN:157,(anonymous_8)
FN:165,(anonymous_9)
FN:171,(anonymous_10)
FN:176,(anonymous_11)
FNF:12
FNH:12
FNDA:2,(anonymous_0)
FNDA:4,(anonymous_1)
FNDA:2,(anonymous_2)
FNDA:1,(anonymous_3)
FNDA:3,(anonymous_4)
FNDA:1,(anonymous_5)
FNDA:1,(anonymous_6)
FNDA:1,(anonymous_7)
FNDA:1,(anonymous_8)
FNDA:1,(anonymous_9)
FNDA:1,(anonymous_10)
FNDA:1,(anonymous_11)
DA:30,6
DA:47,6
DA:52,2
DA:53,2
DA:54,1
DA:56,1
DA:57,1
DA:61,6
DA:68,4
DA:69,4
DA:70,4
DA:71,4
DA:72,2
DA:73,2
DA:74,2
DA:77,2
DA:79,2
DA:80,2
DA:85,6
DA:90,2
DA:91,2
DA:92,1
DA:93,1
DA:94,1
DA:96,1
DA:102,1
DA:112,1
DA:114,1
DA:115,1
DA:119,6
DA:124,1
DA:127,3
DA:128,3
DA:129,3
DA:130,2
DA:132,1
DA:136,3
DA:139,1
DA:140,1
DA:142,1
DA:145,1
DA:146,1
DA:147,1
DA:150,1
DA:151,1
DA:152,1
DA:153,1
DA:155,1
DA:158,1
DA:159,1
DA:160,1
DA:163,1
DA:166,1
DA:167,1
DA:168,1
DA:171,1
DA:172,1
DA:173,1
DA:174,1
DA:176,1
DA:177,1
DA:178,1
DA:179,1
DA:184,6
LF:64
LH:64
BRDA:71,0,0,2
BRDA:71,0,1,2
BRDA:73,1,0,2
BRDA:73,1,1,0
BRDA:127,2,0,3
BRDA:127,2,1,0
BRDA:129,3,0,2
BRDA:129,3,1,1
BRF:8
BRH:6
end_of_record
TN:
SF:src\features\profile\statisticsQueries.ts
FN:11,(anonymous_0)
FN:24,(anonymous_1)
FN:26,(anonymous_2)
FN:32,(anonymous_3)
FN:37,(anonymous_4)
FN:38,(anonymous_5)
FN:43,(anonymous_6)
FN:50,(anonymous_7)
FN:97,(anonymous_8)
FN:100,(anonymous_9)
FN:114,(anonymous_10)
FNF:11
FNH:6
FNDA:2,(anonymous_0)
FNDA:6,(anonymous_1)
FNDA:0,(anonymous_2)
FNDA:8,(anonymous_3)
FNDA:0,(anonymous_4)
FNDA:0,(anonymous_5)
FNDA:0,(anonymous_6)
FNDA:8,(anonymous_7)
FNDA:2,(anonymous_8)
FNDA:0,(anonymous_9)
FNDA:1,(anonymous_10)
DA:11,6
DA:12,2
DA:13,2
DA:15,2
DA:16,6
DA:17,4
DA:21,2
DA:24,6
DA:25,6
DA:27,0
DA:32,6
DA:34,8
DA:38,0
DA:43,0
DA:47,8
DA:50,6
DA:51,8
DA:52,8
DA:54,8
DA:55,8
DA:58,8
DA:59,2
DA:60,2
DA:62,6
DA:63,3
DA:64,3
DA:68,3
DA:69,3
DA:71,3
DA:78,3
DA:79,1
DA:80,1
DA:84,2
DA:89,2
DA:90,1
DA:92,1
DA:97,6
DA:98,2
DA:100,2
DA:101,0
DA:105,2
DA:106,6
DA:107,4
DA:111,2
DA:114,6
DA:115,1
DA:116,1
DA:117,1
DA:118,1
LF:49
LH:45
BRDA:16,0,0,4
BRDA:16,0,1,2
BRDA:58,1,0,2
BRDA:58,1,1,6
BRDA:62,2,0,3
BRDA:62,2,1,3
BRDA:62,3,0,6
BRDA:62,3,1,5
BRDA:78,4,0,1
BRDA:78,4,1,2
BRDA:89,5,0,1
BRDA:89,5,1,1
BRDA:106,6,0,4
BRDA:106,6,1,2
BRF:14
BRH:14
end_of_record
TN:
SF:src\features\profile\FollowButton\FollowButton.tsx
FN:17,(anonymous_0)
FN:19,(anonymous_1)
FN:21,(anonymous_2)
FN:34,(anonymous_3)
FN:38,(anonymous_4)
FNF:5
FNH:2
FNDA:4,(anonymous_0)
FNDA:4,(anonymous_1)
FNDA:0,(anonymous_2)
FNDA:0,(anonymous_3)
FNDA:0,(anonymous_4)
DA:17,3
DA:18,4
DA:19,4
DA:21,4
DA:22,0
DA:23,0
DA:25,0
DA:32,4
DA:34,3
DA:35,0
DA:38,3
DA:39,0
DA:40,0
DA:41,0
DA:47,0
DA:56,3
DA:58,3
LF:17
LH:9
BRDA:22,0,0,0
BRDA:22,0,1,0
BRDA:23,1,0,0
BRDA:23,1,1,0
BRDA:39,2,0,0
BRDA:39,2,1,0
BRDA:39,3,0,0
BRDA:39,3,1,0
BRDA:40,4,0,0
BRDA:40,4,1,0
BRDA:56,5,0,0
BRDA:56,5,1,3
BRF:12
BRH:1
end_of_record
TN:
SF:src\features\profile\FollowListDisplay\FollowListDisplay.tsx
FN:33,(anonymous_0)
FN:35,(anonymous_1)
FN:41,(anonymous_2)
FNF:3
FNH:3
FNDA:6,(anonymous_0)
FNDA:6,(anonymous_1)
FNDA:1,(anonymous_2)
DA:33,3
DA:34,6
DA:35,6
DA:37,6
DA:39,6
DA:41,6
DA:42,1
DA:43,1
DA:48,6
DA:50,6
LF:10
LH:10
BRF:0
BRH:0
end_of_record
TN:
SF:src\features\profile\ProfileHeader\ProfileHeader.tsx
FN:29,(anonymous_0)
FN:31,(anonymous_1)
FN:59,(anonymous_2)
FNF:3
FNH:3
FNDA:2,(anonymous_0)
FNDA:2,(anonymous_1)
FNDA:1,(anonymous_2)
DA:29,2
DA:30,2
DA:31,2
DA:33,2
DA:35,2
DA:59,1
LF:6
LH:6
BRDA:37,0,0,2
BRDA:37,0,1,2
BRDA:56,1,0,2
BRDA:56,1,1,0
BRDA:73,2,0,0
BRDA:73,2,1,2
BRDA:73,3,0,2
BRDA:73,3,1,2
BRF:8
BRH:6
end_of_record
TN:
SF:src\features\profile\ProfileStatistics\ProfileStatistic.tsx
FN:23,(anonymous_0)
FNF:1
FNH:1
FNDA:3,(anonymous_0)
DA:23,3
DA:24,3
DA:25,3
DA:27,3
LF:4
LH:4
BRF:0
BRH:0
end_of_record
TN:
SF:src\features\profile\ProfileStatistics\ProfileStatistics.tsx
FN:13,(anonymous_0)
FN:14,(anonymous_1)
FN:20,(anonymous_2)
FNF:3
FNH:2
FNDA:1,(anonymous_0)
FNDA:0,(anonymous_1)
FNDA:2,(anonymous_2)
DA:13,2
DA:14,1
DA:15,1
DA:21,2
LF:4
LH:4
BRDA:19,0,0,1
BRDA:19,0,1,0
BRF:2
BRH:1
end_of_record
TN:
SF:src\features\settings\settingEntries.ts
FNF:0
FNH:0
DA:13,4
LF:1
LH:1
BRF:0
BRH:0
end_of_record
TN:
SF:src\features\settings\settingsMockState.ts
FNF:0
FNH:0
DA:7,7
LF:1
LH:1
BRF:0
BRH:0
end_of_record
TN:
SF:src\features\settings\settingsSlice.ts
FN:44,(anonymous_0)
FN:71,(anonymous_1)
FN:80,(anonymous_2)
FN:112,(anonymous_3)
FN:115,(anonymous_4)
FN:121,(anonymous_5)
FN:127,(anonymous_6)
FN:134,(anonymous_7)
FN:139,(anonymous_8)
FN:142,(anonymous_9)
FNF:10
FNH:6
FNDA:5,(anonymous_0)
FNDA:1,(anonymous_1)
FNDA:0,(anonymous_2)
FNDA:1,(anonymous_3)
FNDA:1,(anonymous_4)
FNDA:2,(anonymous_5)
FNDA:1,(anonymous_6)
FNDA:0,(anonymous_7)
FNDA:0,(anonymous_8)
FNDA:0,(anonymous_9)
DA:21,8
DA:40,8
DA:45,5
DA:47,5
DA:50,1
DA:58,1
DA:61,4
DA:62,4
DA:67,8
DA:72,1
DA:73,1
DA:76,1
DA:79,0
DA:81,0
DA:82,0
DA:84,0
DA:85,0
DA:87,0
DA:88,0
DA:90,0
DA:91,0
DA:97,0
DA:100,0
DA:103,1
DA:104,1
DA:108,8
DA:113,1
DA:116,1
DA:117,1
DA:118,1
DA:121,1
DA:122,2
DA:123,2
DA:125,1
DA:128,1
DA:129,1
DA:132,1
DA:135,0
DA:136,0
DA:139,1
DA:140,0
DA:142,1
DA:143,0
DA:148,8
LF:44
LH:29
BRDA:81,0,0,0
BRDA:81,0,1,0
BRDA:84,1,0,0
BRDA:84,1,1,0
BRDA:87,2,0,0
BRDA:87,2,1,0
BRDA:90,3,0,0
BRDA:90,3,1,0
BRF:8
BRH:0
end_of_record
TN:
SF:src\features\settings\ColorModeToggle\ColorModeToggle.tsx
FN:22,(anonymous_0)
FNF:1
FNH:1
FNDA:3,(anonymous_0)
DA:22,3
DA:23,3
DA:25,3
LF:3
LH:3
BRF:0
BRH:0
end_of_record
TN:
SF:src\features\settings\ColorModeToggle\index.ts
FNF:0
FNH:0
LF:0
LH:0
BRF:0
BRH:0
end_of_record
TN:
SF:src\features\settings\DoneButton\DoneButton.tsx
FN:22,(anonymous_0)
FN:26,(anonymous_1)
FN:30,(anonymous_2)
FNF:3
FNH:3
FNDA:6,(anonymous_0)
FNDA:6,(anonymous_1)
FNDA:1,(anonymous_2)
DA:22,4
DA:23,6
DA:24,6
DA:26,6
DA:28,6
DA:30,6
DA:31,1
DA:37,1
DA:38,0
DA:42,6
LF:10
LH:9
BRDA:37,0,0,0
BRDA:37,0,1,1
BRF:2
BRH:1
end_of_record
TN:
SF:src\features\settings\GenericSetting\GenericSetting.tsx
FN:22,(anonymous_0)
FN:41,(anonymous_1)
FNF:2
FNH:2
FNDA:2,(anonymous_0)
FNDA:3,(anonymous_1)
DA:22,2
DA:23,2
DA:25,2
DA:31,2
DA:33,2
DA:42,3
LF:6
LH:6
BRF:0
BRH:0
end_of_record
TN:
SF:src\features\settings\NotificationToggle\NotificationToggle.tsx
FN:21,(anonymous_0)
FN:25,(anonymous_1)
FNF:2
FNH:1
FNDA:3,(anonymous_0)
FNDA:0,(anonymous_1)
DA:21,3
DA:22,3
DA:23,3
DA:25,3
DA:26,0
DA:27,0
DA:28,0
DA:31,3
LF:8
LH:5
BRF:0
BRH:0
end_of_record
TN:
SF:src\features\settings\PasswordSetting\PasswordSetting.tsx
FN:16,(anonymous_0)
FN:27,(anonymous_1)
FN:36,(anonymous_2)
FN:51,(anonymous_3)
FN:66,(anonymous_4)
FNF:5
FNH:5
FNDA:1,(anonymous_0)
FNDA:1,(anonymous_1)
FNDA:1,(anonymous_2)
FNDA:1,(anonymous_3)
FNDA:1,(anonymous_4)
DA:16,2
DA:17,1
DA:25,1
DA:27,1
DA:28,1
DA:30,1
DA:37,1
DA:52,1
DA:67,1
LF:9
LH:9
BRF:0
BRH:0
end_of_record
TN:
SF:src\features\settings\SettingsItem\SettingsItem.tsx
FN:31,SettingsItem
FN:49,(anonymous_1)
FNF:2
FNH:1
FNDA:7,SettingsItem
FNDA:0,(anonymous_1)
DA:32,7
DA:33,7
DA:35,7
DA:50,0
LF:4
LH:3
BRDA:56,0,0,2
BRDA:56,0,1,5
BRF:2
BRH:2
end_of_record
TN:
SF:src\features\settings\SettingsPage\SettingsPage.tsx
FN:25,(anonymous_0)
FN:29,(anonymous_1)
FN:34,(anonymous_2)
FN:38,(anonymous_3)
FN:50,(anonymous_4)
FNF:5
FNH:5
FNDA:3,(anonymous_0)
FNDA:3,(anonymous_1)
FNDA:3,(anonymous_2)
FNDA:1,(anonymous_3)
FNDA:9,(anonymous_4)
DA:25,2
DA:26,3
DA:28,3
DA:29,3
DA:32,3
DA:34,3
DA:35,3
DA:38,3
DA:39,1
DA:40,0
DA:43,3
DA:51,9
LF:12
LH:11
BRF:0
BRH:0
end_of_record
TN:
SF:src\graphql\mutations.ts
FNF:0
FNH:0
DA:5,21
DA:90,21
DA:175,21
DA:260,21
DA:323,21
DA:386,21
DA:449,21
DA:529,21
DA:609,21
DA:689,21
DA:707,21
DA:725,21
DA:743,21
DA:842,21
DA:941,21
DA:1040,21
DA:1089,21
DA:1138,21
DA:1187,21
DA:1281,21
DA:1375,21
DA:1469,21
DA:1515,21
DA:1561,21
DA:1607,21
DA:1696,21
DA:1785,21
DA:1874,21
DA:1960,21
DA:2046,21
DA:2132,21
DA:2212,21
DA:2292,21
LF:33
LH:33
BRF:0
BRH:0
end_of_record
TN:
SF:src\models\index.js
FNF:0
FNH:0
DA:5,52
DA:11,52
DA:17,52
LF:3
LH:3
BRF:0
BRH:0
end_of_record
TN:
SF:src\models\schema.js
FNF:0
FNH:0
DA:1,52
LF:1
LH:1
BRF:0
BRH:0
end_of_record
TN:
SF:src\screens\application\ChallengePromptScreen\ChallengePromptScreen.tsx
FN:12,(anonymous_0)
FNF:1
FNH:1
FNDA:2,(anonymous_0)
DA:12,29
DA:13,2
DA:14,2
DA:16,2
LF:4
LH:4
BRF:0
BRH:0
end_of_record
TN:
SF:src\screens\application\ChallengePromptScreen\index.ts
FNF:0
FNH:0
LF:0
LH:0
BRF:0
BRH:0
end_of_record
TN:
SF:src\screens\application\ExploreScreen\ExploreScreen.tsx
FN:11,(anonymous_0)
FNF:1
FNH:0
FNDA:0,(anonymous_0)
DA:11,1
DA:12,0
LF:2
LH:1
BRF:0
BRH:0
end_of_record
TN:
SF:src\screens\application\ExploreScreen\index.ts
FNF:0
FNH:0
LF:0
LH:0
BRF:0
BRH:0
end_of_record
TN:
SF:src\screens\application\FollowListScreen\FollowListScreen.tsx
FN:21,(anonymous_0)
FN:27,(anonymous_1)
FN:41,(anonymous_2)
FNF:3
FNH:0
FNDA:0,(anonymous_0)
FNDA:0,(anonymous_1)
FNDA:0,(anonymous_2)
DA:21,1
DA:22,0
DA:23,0
DA:24,0
DA:26,0
DA:27,0
DA:30,0
DA:32,0
DA:35,0
DA:37,0
DA:38,0
DA:41,0
DA:42,0
DA:43,0
DA:46,0
LF:15
LH:1
BRDA:37,0,0,0
BRDA:37,0,1,0
BRF:2
BRH:0
end_of_record
TN:
SF:src\screens\application\FollowListScreen\index.ts
FNF:0
FNH:0
LF:0
LH:0
BRF:0
BRH:0
end_of_record
TN:
SF:src\screens\application\LeaderboardScreen\LeaderboardScreen.tsx
FN:12,(anonymous_0)
FNF:1
FNH:1
FNDA:1,(anonymous_0)
DA:12,1
DA:13,1
LF:2
LH:2
BRF:0
BRH:0
end_of_record
TN:
SF:src\screens\application\LeaderboardScreen\index.ts
FNF:0
FNH:0
LF:0
LH:0
BRF:0
BRH:0
end_of_record
TN:
SF:src\screens\application\ProfileScreen\ProfileScreen.tsx
FN:25,(anonymous_0)
FN:40,(anonymous_1)
FN:45,(anonymous_2)
FN:47,(anonymous_3)
FN:53,(anonymous_4)
FNF:5
FNH:0
FNDA:0,(anonymous_0)
FNDA:0,(anonymous_1)
FNDA:0,(anonymous_2)
FNDA:0,(anonymous_3)
FNDA:0,(anonymous_4)
DA:25,1
DA:26,0
DA:28,0
DA:30,0
DA:32,0
DA:33,0
DA:35,0
DA:37,0
DA:39,0
DA:40,0
DA:43,0
DA:45,0
DA:47,0
DA:48,0
DA:49,0
DA:53,0
DA:54,0
DA:57,0
LF:18
LH:1
BRDA:48,0,0,0
BRDA:48,0,1,0
BRDA:48,1,0,0
BRDA:48,1,1,0
BRF:4
BRH:0
end_of_record
TN:
SF:src\screens\application\ProfileScreen\index.ts
FNF:0
FNH:0
LF:0
LH:0
BRF:0
BRH:0
end_of_record
TN:
SF:src\screens\application\SettingsDetailsScreen\SettingDetailsScreen.tsx
FN:16,(anonymous_0)
FN:21,(anonymous_1)
FNF:2
FNH:0
FNDA:0,(anonymous_0)
FNDA:0,(anonymous_1)
DA:10,1
DA:16,1
DA:17,0
DA:19,0
DA:21,0
DA:22,0
DA:23,0
DA:27,0
DA:30,0
LF:9
LH:2
BRDA:22,0,0,0
BRDA:22,0,1,0
BRF:2
BRH:0
end_of_record
TN:
SF:src\screens\application\SettingsDetailsScreen\index.ts
FNF:0
FNH:0
LF:0
LH:0
BRF:0
BRH:0
end_of_record
TN:
SF:src\screens\application\SettingsScreen\SettingsScreen.tsx
FN:12,(anonymous_0)
FNF:1
FNH:1
FNDA:1,(anonymous_0)
DA:12,1
DA:13,1
LF:2
LH:2
BRF:0
BRH:0
end_of_record
TN:
SF:src\screens\application\SettingsScreen\index.ts
FNF:0
FNH:0
LF:0
LH:0
BRF:0
BRH:0
end_of_record
TN:
SF:src\screens\authentication\ConfirmationCodeScreen\ConfirmationCodeScreen.tsx
FN:15,(anonymous_0)
FNF:1
FNH:1
FNDA:1,(anonymous_0)
DA:15,1
DA:16,1
LF:2
LH:2
BRF:0
BRH:0
end_of_record
TN:
SF:src\screens\authentication\ConfirmationCodeScreen\index.ts
FNF:0
FNH:0
LF:0
LH:0
BRF:0
BRH:0
end_of_record
TN:
SF:src\screens\authentication\EmailScreen\EmailScreen.tsx
FN:15,(anonymous_0)
FNF:1
FNH:1
FNDA:1,(anonymous_0)
DA:15,1
DA:16,1
LF:2
LH:2
BRF:0
BRH:0
end_of_record
TN:
SF:src\screens\authentication\EmailScreen\index.ts
FNF:0
FNH:0
LF:0
LH:0
BRF:0
BRH:0
end_of_record
TN:
SF:src\screens\authentication\NameScreen\NameScreen.tsx
FN:14,(anonymous_0)
FNF:1
FNH:1
FNDA:1,(anonymous_0)
DA:14,1
DA:15,1
LF:2
LH:2
BRF:0
BRH:0
end_of_record
TN:
SF:src\screens\authentication\NameScreen\index.ts
FNF:0
FNH:0
LF:0
LH:0
BRF:0
BRH:0
end_of_record
TN:
SF:src\screens\authentication\PasswordScreen\PasswordScreen.tsx
FN:11,(anonymous_0)
FN:30,(anonymous_1)
FNF:2
FNH:2
FNDA:1,(anonymous_0)
FNDA:4,(anonymous_1)
DA:11,1
DA:12,1
DA:19,1
DA:31,4
LF:4
LH:4
BRF:0
BRH:0
end_of_record
TN:
SF:src\screens\authentication\PasswordScreen\index.ts
FNF:0
FNH:0
LF:0
LH:0
BRF:0
BRH:0
end_of_record
TN:
SF:src\screens\authentication\SelectAvatarScreen\SelectAvatarScreen.tsx
FN:16,(anonymous_0)
FN:48,(anonymous_1)
FNF:2
FNH:1
FNDA:1,(anonymous_0)
FNDA:0,(anonymous_1)
DA:16,1
DA:17,1
DA:19,1
DA:48,0
LF:4
LH:3
BRF:0
BRH:0
end_of_record
TN:
SF:src\screens\authentication\SelectAvatarScreen\index.ts
FNF:0
FNH:0
LF:0
LH:0
BRF:0
BRH:0
end_of_record
TN:
SF:src\screens\authentication\SelectChallengesScreen\SelectChallengesScreen.tsx
FN:16,(anonymous_0)
FN:28,(anonymous_1)
FN:31,(anonymous_2)
FNF:3
FNH:2
FNDA:6,(anonymous_0)
FNDA:1,(anonymous_1)
FNDA:0,(anonymous_2)
DA:16,1
DA:17,6
DA:28,1
DA:29,1
DA:31,1
DA:32,0
DA:35,1
LF:7
LH:6
BRF:0
BRH:0
end_of_record
TN:
SF:src\screens\authentication\SelectChallengesScreen\index.ts
FNF:0
FNH:0
LF:0
LH:0
BRF:0
BRH:0
end_of_record
TN:
SF:src\screens\authentication\SelectInstagramScreen\SelectInstagramScreen.tsx
FN:15,(anonymous_0)
FNF:1
FNH:1
FNDA:1,(anonymous_0)
DA:15,1
DA:16,1
LF:2
LH:2
BRF:0
BRH:0
end_of_record
TN:
SF:src\screens\authentication\SelectInstagramScreen\index.ts
FNF:0
FNH:0
LF:0
LH:0
BRF:0
BRH:0
end_of_record
TN:
SF:src\screens\authentication\SignInScreen\SignInScreen.tsx
FN:19,(anonymous_0)
FNF:1
FNH:1
FNDA:1,(anonymous_0)
DA:19,1
DA:20,1
LF:2
LH:2
BRF:0
BRH:0
end_of_record
TN:
SF:src\screens\authentication\SignInScreen\index.ts
FNF:0
FNH:0
LF:0
LH:0
BRF:0
BRH:0
end_of_record
TN:
SF:src\screens\authentication\WelcomeScreen\SectionsContainer.tsx
FN:13,(anonymous_0)
FNF:1
FNH:1
FNDA:1,(anonymous_0)
DA:13,1
DA:14,1
DA:29,1
LF:3
LH:3
BRF:0
BRH:0
end_of_record
TN:
SF:src\screens\authentication\WelcomeScreen\WelcomeScreen.tsx
FN:16,(anonymous_0)
FNF:1
FNH:1
FNDA:1,(anonymous_0)
DA:16,1
DA:17,1
LF:2
LH:2
BRF:0
BRH:0
end_of_record
TN:
SF:src\screens\authentication\WelcomeScreen\index.ts
FNF:0
FNH:0
LF:0
LH:0
BRF:0
BRH:0
end_of_record
TN:
SF:src\screens\authentication\WelcomeScreen\ButtonSection\ButtonSection.tsx
FN:13,(anonymous_0)
FNF:1
FNH:1
FNDA:1,(anonymous_0)
DA:13,1
DA:14,1
LF:2
LH:2
BRF:0
BRH:0
end_of_record
TN:
SF:src\screens\authentication\WelcomeScreen\ButtonSection\CreateAccountButton.tsx
FN:13,(anonymous_0)
FN:21,(anonymous_1)
FNF:2
FNH:1
FNDA:1,(anonymous_0)
FNDA:0,(anonymous_1)
DA:13,1
DA:14,1
DA:16,1
DA:18,1
DA:21,0
LF:5
LH:4
BRF:0
BRH:0
end_of_record
TN:
SF:src\screens\authentication\WelcomeScreen\ButtonSection\SignInButton.tsx
FN:13,(anonymous_0)
FN:22,(anonymous_1)
FNF:2
FNH:1
FNDA:1,(anonymous_0)
FNDA:0,(anonymous_1)
DA:13,1
DA:14,1
DA:16,1
DA:18,1
DA:22,0
LF:5
LH:4
BRF:0
BRH:0
end_of_record
TN:
SF:src\screens\authentication\WelcomeScreen\ButtonSection\index.ts
FNF:0
FNH:0
LF:0
LH:0
BRF:0
BRH:0
end_of_record
TN:
SF:src\screens\authentication\WelcomeScreen\TitleSection\Subtitle.tsx
FN:10,(anonymous_0)
FNF:1
FNH:1
FNDA:1,(anonymous_0)
DA:10,1
DA:11,1
LF:2
LH:2
BRF:0
BRH:0
end_of_record
TN:
SF:src\screens\authentication\WelcomeScreen\TitleSection\Title.tsx
FN:10,(anonymous_0)
FNF:1
FNH:1
FNDA:1,(anonymous_0)
DA:10,1
DA:11,1
LF:2
LH:2
BRF:0
BRH:0
end_of_record
TN:
SF:src\screens\authentication\WelcomeScreen\TitleSection\TitleSection.tsx
FN:13,(anonymous_0)
FNF:1
FNH:1
FNDA:1,(anonymous_0)
DA:13,1
DA:14,1
LF:2
LH:2
BRF:0
BRH:0
end_of_record
TN:
SF:src\screens\authentication\WelcomeScreen\TitleSection\index.ts
FNF:0
FNH:0
LF:0
LH:0
BRF:0
BRH:0
end_of_record
