TN:
SF:types.ts
FNF:0
FNH:0
LF:0
LH:0
BRF:0
BRH:0
end_of_record
TN:
SF:assets\fonts\Roboto\Black.ttf
FNF:0
FNH:0
DA:1,4
LF:1
LH:1
BRF:0
BRH:0
end_of_record
TN:
SF:assets\fonts\Roboto\Medium.ttf
FNF:0
FNH:0
DA:1,4
LF:1
LH:1
BRF:0
BRH:0
end_of_record
TN:
SF:src\app\hooks.ts
FNF:0
FNH:0
DA:8,5
DA:9,5
LF:2
LH:2
BRF:0
BRH:0
end_of_record
TN:
SF:src\app\testingWrapper.tsx
FN:19,(anonymous_0)
FNF:1
FNH:1
FNDA:9,(anonymous_0)
DA:5,4
DA:10,4
DA:19,4
DA:20,9
DA:22,6
LF:5
LH:5
BRF:0
BRH:0
end_of_record
TN:
SF:src\app\testingWrapperWithNavigation.tsx
FN:25,(anonymous_0)
FN:31,(anonymous_1)
FNF:2
FNH:2
FNDA:3,(anonymous_0)
FNDA:3,(anonymous_1)
DA:7,1
DA:9,1
DA:14,1
DA:25,1
DA:26,3
DA:28,3
DA:31,1
DA:32,3
DA:34,3
LF:9
LH:9
BRF:0
BRH:0
end_of_record
TN:
SF:src\app\theme.ts
FNF:0
FNH:0
DA:8,2
LF:1
LH:1
BRF:0
BRH:0
end_of_record
TN:
SF:src\app\util.ts
FN:5,(anonymous_0)
FN:12,(anonymous_1)
FN:19,(anonymous_2)
FN:23,(anonymous_3)
FN:27,(anonymous_4)
FN:28,(anonymous_5)
FNF:6
FNH:1
FNDA:0,(anonymous_0)
FNDA:0,(anonymous_1)
FNDA:1,(anonymous_2)
FNDA:0,(anonymous_3)
FNDA:0,(anonymous_4)
FNDA:0,(anonymous_5)
DA:5,3
DA:6,0
DA:7,0
DA:8,0
DA:9,0
DA:12,3
DA:13,0
DA:14,0
DA:15,0
DA:16,0
DA:19,3
DA:20,1
DA:21,1
DA:22,0
DA:23,0
DA:24,0
DA:27,3
DA:28,0
DA:29,0
LF:19
LH:6
BRDA:8,0,0,0
BRDA:8,0,1,0
BRDA:15,1,0,0
BRDA:15,1,1,0
BRDA:22,2,0,0
BRDA:22,2,1,0
BRF:6
BRH:0
end_of_record
TN:
SF:src\components\BoxWithShadow\BoxWithShadow.tsx
FN:15,(anonymous_0)
FNF:1
FNH:1
FNDA:2,(anonymous_0)
DA:15,2
DA:16,2
LF:2
LH:2
BRF:0
BRH:0
end_of_record
TN:
SF:src\components\BoxWithShadow\index.ts
FNF:0
FNH:0
LF:0
LH:0
BRF:0
BRH:0
end_of_record
TN:
SF:src\components\Button\Button.tsx
FN:38,(anonymous_0)
FN:51,(anonymous_1)
FN:54,(anonymous_2)
FN:63,(anonymous_3)
FN:98,(anonymous_4)
FNF:5
FNH:5
FNDA:3,(anonymous_0)
FNDA:2,(anonymous_1)
FNDA:1,(anonymous_2)
FNDA:2,(anonymous_3)
FNDA:2,(anonymous_4)
DA:38,2
DA:39,3
DA:51,2
DA:52,2
DA:55,1
DA:63,2
DA:64,2
DA:76,2
DA:78,2
DA:83,2
DA:98,2
DA:99,2
LF:12
LH:12
BRDA:55,0,0,0
BRDA:55,0,1,1
BRDA:90,1,0,2
BRDA:90,1,1,0
BRDA:102,2,0,2
BRDA:102,2,1,0
BRF:6
BRH:3
end_of_record
TN:
SF:src\components\Button\index.ts
FNF:0
FNH:0
LF:0
LH:0
BRF:0
BRH:0
end_of_record
TN:
SF:src\components\Text\Text.tsx
FN:30,(anonymous_0)
FN:33,(anonymous_1)
FN:46,(anonymous_2)
FN:47,loading
FN:54,(anonymous_4)
FN:55,hideSplashScreen
FNF:6
FNH:6
FNDA:28,(anonymous_0)
FNDA:10,(anonymous_1)
FNDA:10,(anonymous_2)
FNDA:10,loading
FNDA:20,(anonymous_4)
FNDA:20,hideSplashScreen
DA:30,4
DA:31,28
DA:33,28
DA:34,10
DA:35,10
DA:40,0
DA:43,10
DA:46,28
DA:48,10
DA:49,10
DA:51,10
DA:54,28
DA:56,20
DA:57,10
DA:58,10
DA:60,0
DA:64,20
DA:67,28
DA:69,28
DA:73,28
DA:109,28
LF:21
LH:19
BRDA:56,0,0,10
BRDA:56,0,1,10
BRDA:67,1,0,0
BRDA:67,1,1,28
BRDA:76,2,0,28
BRDA:76,2,1,28
BRDA:81,3,0,18
BRDA:81,3,1,10
BRDA:85,4,0,18
BRDA:85,4,1,10
BRDA:90,5,0,28
BRDA:90,5,1,28
BRDA:92,6,0,18
BRDA:92,6,1,10
BRDA:96,7,0,18
BRDA:96,7,1,10
BRDA:100,8,0,18
BRDA:100,8,1,10
BRDA:105,9,0,18
BRDA:105,9,1,10
BRF:20
BRH:19
end_of_record
TN:
SF:src\components\Text\index.tsx
FNF:0
FNH:0
LF:0
LH:0
BRF:0
BRH:0
end_of_record
TN:
SF:src\features\auth\authQueries.ts
FN:7,(anonymous_0)
FN:12,(anonymous_1)
FNF:2
FNH:0
FNDA:0,(anonymous_0)
FNDA:0,(anonymous_1)
DA:7,7
DA:12,0
DA:13,0
DA:14,0
DA:15,0
DA:16,0
DA:21,0
LF:7
LH:1
BRDA:13,0,0,0
BRDA:13,0,1,0
BRF:2
BRH:0
end_of_record
TN:
SF:src\features\auth\authSlice.ts
FN:28,(anonymous_0)
FN:51,(anonymous_1)
FN:65,(anonymous_2)
FN:84,(anonymous_3)
FN:94,(anonymous_4)
FN:97,(anonymous_5)
FN:102,(anonymous_6)
FN:105,(anonymous_7)
FN:121,(anonymous_8)
FN:138,(anonymous_9)
FN:153,(anonymous_10)
FN:166,(anonymous_11)
FN:170,(anonymous_12)
FN:179,(anonymous_13)
FN:189,(anonymous_14)
FN:193,(anonymous_15)
FN:197,(anonymous_16)
FN:207,(anonymous_17)
FN:210,(anonymous_18)
FNF:19
FNH:3
FNDA:3,(anonymous_0)
FNDA:0,(anonymous_1)
FNDA:0,(anonymous_2)
FNDA:0,(anonymous_3)
FNDA:0,(anonymous_4)
FNDA:0,(anonymous_5)
FNDA:0,(anonymous_6)
FNDA:2,(anonymous_7)
FNDA:2,(anonymous_8)
FNDA:0,(anonymous_9)
FNDA:0,(anonymous_10)
FNDA:0,(anonymous_11)
FNDA:0,(anonymous_12)
FNDA:0,(anonymous_13)
FNDA:0,(anonymous_14)
FNDA:0,(anonymous_15)
FNDA:0,(anonymous_16)
FNDA:0,(anonymous_17)
FNDA:0,(anonymous_18)
DA:26,7
DA:29,3
DA:30,3
DA:31,3
DA:32,3
DA:40,1
DA:41,1
DA:42,1
DA:47,7
DA:52,0
DA:53,0
DA:54,0
DA:55,0
DA:56,0
DA:57,0
DA:59,0
DA:60,0
DA:61,0
DA:65,7
DA:66,0
DA:68,0
DA:69,0
DA:70,0
DA:71,0
DA:72,0
DA:73,0
DA:75,0
DA:76,0
DA:78,0
DA:84,7
DA:85,0
DA:86,0
DA:90,0
DA:93,0
DA:95,0
DA:98,0
DA:102,0
DA:105,7
DA:106,2
DA:107,2
DA:112,2
DA:113,2
DA:114,2
DA:117,7
DA:122,2
DA:123,2
DA:124,2
DA:125,2
DA:126,2
DA:128,0
DA:129,0
DA:130,0
DA:134,7
DA:139,0
DA:141,0
DA:142,0
DA:147,0
DA:149,0
DA:153,7
DA:154,0
DA:155,0
DA:158,7
DA:166,7
DA:167,0
DA:170,7
DA:174,0
DA:175,0
DA:176,0
DA:179,7
DA:180,0
DA:181,0
DA:182,0
DA:185,7
DA:190,0
DA:191,0
DA:194,0
DA:198,0
DA:199,0
DA:200,0
DA:201,0
DA:202,0
DA:203,0
DA:204,0
DA:205,0
DA:206,0
DA:207,0
DA:208,0
DA:210,0
DA:211,0
DA:212,0
DA:217,7
LF:91
LH:31
BRDA:68,0,0,0
BRDA:68,0,1,0
BRDA:70,1,0,0
BRDA:70,1,1,0
BRDA:72,2,0,0
BRDA:72,2,1,0
BRDA:85,3,0,0
BRDA:85,3,1,0
BRDA:141,4,0,0
BRDA:141,4,1,0
BRF:10
BRH:0
end_of_record
TN:
SF:src\features\auth\SignInForm\SignInForm.tsx
FN:21,(anonymous_0)
FNF:1
FNH:1
FNDA:1,(anonymous_0)
DA:21,1
DA:22,1
DA:29,1
LF:3
LH:3
BRF:0
BRH:0
end_of_record
TN:
SF:src\features\auth\SignInForm\EmailField\EmailField.tsx
FN:17,(anonymous_0)
FN:29,(anonymous_1)
FN:41,(anonymous_2)
FN:44,(anonymous_3)
FNF:4
FNH:4
FNDA:1,(anonymous_0)
FNDA:1,(anonymous_1)
FNDA:1,(anonymous_2)
FNDA:2,(anonymous_3)
DA:17,1
DA:18,1
DA:29,1
DA:30,1
DA:41,1
DA:42,1
DA:45,2
LF:7
LH:7
BRF:0
BRH:0
end_of_record
TN:
SF:src\features\auth\SignInForm\EmailField\index.ts
FNF:0
FNH:0
LF:0
LH:0
BRF:0
BRH:0
end_of_record
TN:
SF:src\features\auth\SignInForm\PasswordField\PasswordField.tsx
FN:17,(anonymous_0)
FN:29,(anonymous_1)
FN:41,(anonymous_2)
FN:44,(anonymous_3)
FNF:4
FNH:4
FNDA:1,(anonymous_0)
FNDA:1,(anonymous_1)
FNDA:1,(anonymous_2)
FNDA:2,(anonymous_3)
DA:17,1
DA:18,1
DA:29,1
DA:30,1
DA:41,1
DA:42,1
DA:45,2
LF:7
LH:7
BRF:0
BRH:0
end_of_record
TN:
SF:src\features\auth\SignInForm\PasswordField\index.ts
FNF:0
FNH:0
LF:0
LH:0
BRF:0
BRH:0
end_of_record
TN:
SF:src\features\auth\SignInForm\SubmitButton\SubmitButton.tsx
FN:19,(anonymous_0)
FN:22,(anonymous_1)
FNF:2
FNH:2
FNDA:2,(anonymous_0)
FNDA:1,(anonymous_1)
DA:19,2
DA:20,2
DA:22,2
DA:23,1
DA:25,1
DA:28,2
LF:6
LH:6
BRF:0
BRH:0
end_of_record
TN:
SF:src\features\auth\SignInForm\SubmitButton\index.ts
FNF:0
FNH:0
LF:0
LH:0
BRF:0
BRH:0
end_of_record
TN:
SF:src\features\settings\settingEntries.ts
FNF:0
FNH:0
DA:9,1
LF:1
LH:1
BRF:0
BRH:0
end_of_record
TN:
SF:src\features\settings\settingsMockState.ts
FNF:0
FNH:0
DA:3,3
LF:1
LH:1
BRF:0
BRH:0
end_of_record
TN:
SF:src\features\settings\settingsSlice.ts
FN:43,(anonymous_0)
FN:66,(anonymous_1)
FN:72,(anonymous_2)
FN:99,(anonymous_3)
FN:102,(anonymous_4)
FN:108,(anonymous_5)
FN:114,(anonymous_6)
FN:121,(anonymous_7)
FN:126,(anonymous_8)
FN:129,(anonymous_9)
FNF:10
FNH:1
FNDA:0,(anonymous_0)
FNDA:4,(anonymous_1)
FNDA:0,(anonymous_2)
FNDA:0,(anonymous_3)
FNDA:0,(anonymous_4)
FNDA:0,(anonymous_5)
FNDA:0,(anonymous_6)
FNDA:0,(anonymous_7)
FNDA:0,(anonymous_8)
FNDA:0,(anonymous_9)
DA:21,4
DA:39,4
DA:44,0
DA:45,0
DA:47,0
DA:54,0
DA:56,0
DA:57,0
DA:62,4
DA:67,4
DA:68,4
DA:69,4
DA:71,2
DA:73,0
DA:74,0
DA:76,0
DA:77,0
DA:79,0
DA:80,0
DA:82,0
DA:83,0
DA:88,0
DA:90,4
DA:91,4
DA:95,4
DA:100,0
DA:103,0
DA:104,0
DA:105,0
DA:108,0
DA:109,0
DA:110,0
DA:112,0
DA:115,0
DA:116,0
DA:119,0
DA:122,0
DA:123,0
DA:126,0
DA:127,0
DA:129,0
DA:130,0
DA:135,4
LF:43
LH:11
BRDA:73,0,0,0
BRDA:73,0,1,0
BRDA:76,1,0,0
BRDA:76,1,1,0
BRDA:79,2,0,0
BRDA:79,2,1,0
BRDA:82,3,0,0
BRDA:82,3,1,0
BRF:8
BRH:0
end_of_record
TN:
SF:src\features\settings\DoneButton\DoneButton.tsx
FN:15,(anonymous_0)
FN:19,(anonymous_1)
FN:23,(anonymous_2)
FNF:3
FNH:3
FNDA:5,(anonymous_0)
FNDA:5,(anonymous_1)
FNDA:1,(anonymous_2)
DA:15,2
DA:16,5
DA:17,5
DA:19,5
DA:21,5
DA:23,5
DA:24,1
DA:30,1
DA:31,0
DA:35,5
LF:10
LH:9
BRDA:30,0,0,0
BRDA:30,0,1,1
BRF:2
BRH:1
end_of_record
TN:
SF:src\features\settings\GenericSetting\GenericSetting.tsx
FN:15,(anonymous_0)
FN:34,(anonymous_1)
FNF:2
FNH:2
FNDA:3,(anonymous_0)
FNDA:3,(anonymous_1)
DA:15,1
DA:16,3
DA:18,2
DA:24,2
DA:26,2
DA:35,3
LF:6
LH:6
BRF:0
BRH:0
end_of_record
TN:
SF:src\features\settings\NotificationToggle\NotificationToggle.tsx
FN:13,(anonymous_0)
FN:17,(anonymous_1)
FNF:2
FNH:1
FNDA:3,(anonymous_0)
FNDA:0,(anonymous_1)
DA:13,1
DA:14,3
DA:15,2
DA:17,2
DA:18,0
DA:19,0
DA:20,0
DA:23,2
LF:8
LH:5
BRF:0
BRH:0
end_of_record
TN:
SF:src\graphql\mutations.ts
FNF:0
FNH:0
DA:5,7
DA:55,7
DA:105,7
DA:155,7
DA:234,7
DA:313,7
DA:392,7
DA:410,7
DA:428,7
DA:446,7
DA:544,7
DA:642,7
DA:740,7
DA:789,7
DA:838,7
DA:887,7
DA:980,7
DA:1073,7
DA:1166,7
DA:1212,7
DA:1258,7
DA:1304,7
DA:1391,7
DA:1478,7
DA:1565,7
DA:1649,7
DA:1733,7
DA:1817,7
DA:1896,7
DA:1975,7
LF:30
LH:30
BRF:0
BRH:0
end_of_record
TN:
SF:src\models\index.js
FNF:0
FNH:0
DA:5,7
DA:11,7
LF:2
LH:2
BRF:0
BRH:0
end_of_record
TN:
SF:src\models\schema.js
FNF:0
FNH:0
DA:1,7
LF:1
LH:1
BRF:0
BRH:0
end_of_record
